[HNAME                           CPU %     MEM USAGE / LIMIT   NET I/O
07-no-backpressure-nginx-1     0.00%     168.8MiB / 256MiB   2.24kB / 685B
07-no-backpressure-backend-1   0.00%     100.6MiB / 512MiB   1.92kB / 126B
[HNAME                           CPU %     MEM USAGE / LIMIT   NET I/O [K
07-no-backpressure-nginx-1     0.00%     168.8MiB / 256MiB   2.24kB / 685B [K
07-no-backpressure-backend-1   0.00%     100.6MiB / 512MiB   1.92kB / 126B [K
 [K
[J[HNAME                           CPU %     MEM USAGE / LIMIT   NET I/O
07-no-backpressure-nginx-1     0.00%     168.8MiB / 256MiB   2.24kB / 685B
07-no-backpressure-backend-1   0.00%     100.6MiB / 512MiB   1.92kB / 126B
[HNAME                           CPU %     MEM USAGE / LIMIT   NET I/O [K
07-no-backpressure-nginx-1     0.00%     168.8MiB / 256MiB   2.24kB / 685B [K
07-no-backpressure-backend-1   0.00%     100.6MiB / 512MiB   1.92kB / 126B [K
 [K
[J[HNAME                           CPU %     MEM USAGE / LIMIT   NET I/O
07-no-backpressure-nginx-1     25.02%    208.2MiB / 256MiB   636kB / 558kB
07-no-backpressure-backend-1   52.30%    137MiB / 512MiB     278kB / 93.6kB
[HNAME                           CPU %     MEM USAGE / LIMIT   NET I/O [K
07-no-backpressure-nginx-1     25.02%    208.2MiB / 256MiB   636kB / 558kB [K
07-no-backpressure-backend-1   52.30%    137MiB / 512MiB     278kB / 93.6kB [K
 [K
[J[HNAME                           CPU %     MEM USAGE / LIMIT   NET I/O
07-no-backpressure-nginx-1     25.02%    208.2MiB / 256MiB   636kB / 558kB
07-no-backpressure-backend-1   52.30%    137MiB / 512MiB     278kB / 93.6kB
[HNAME                           CPU %     MEM USAGE / LIMIT   NET I/O [K
07-no-backpressure-nginx-1     25.02%    208.2MiB / 256MiB   636kB / 558kB [K
07-no-backpressure-backend-1   52.30%    137MiB / 512MiB     278kB / 93.6kB [K
 [K
[J[HNAME                           CPU %     MEM USAGE / LIMIT   NET I/O
07-no-backpressure-nginx-1     6.25%     205.3MiB / 256MiB   1.02MB / 1.13MB
07-no-backpressure-backend-1   82.26%    156.9MiB / 512MiB   692kB / 382kB
[HNAME                           CPU %     MEM USAGE / LIMIT   NET I/O [K
07-no-backpressure-nginx-1     6.25%     205.3MiB / 256MiB   1.02MB / 1.13MB [K
07-no-backpressure-backend-1   82.26%    156.9MiB / 512MiB   692kB / 382kB [K
 [K
[J[HNAME                           CPU %     MEM USAGE / LIMIT   NET I/O
07-no-backpressure-nginx-1     6.25%     205.3MiB / 256MiB   1.02MB / 1.13MB
07-no-backpressure-backend-1   82.26%    156.9MiB / 512MiB   692kB / 382kB
[HNAME                           CPU %     MEM USAGE / LIMIT   NET I/O [K
07-no-backpressure-nginx-1     6.25%     205.3MiB / 256MiB   1.02MB / 1.13MB [K
07-no-backpressure-backend-1   82.26%    156.9MiB / 512MiB   692kB / 382kB [K
 [K
[J[HNAME                           CPU %     MEM USAGE / LIMIT   NET I/O
07-no-backpressure-nginx-1     6.06%     203.5MiB / 256MiB   1.3MB / 1.45MB
07-no-backpressure-backend-1   68.85%    169.6MiB / 512MiB   865kB / 567kB
[HNAME                           CPU %     MEM USAGE / LIMIT   NET I/O [K
07-no-backpressure-nginx-1     6.06%     203.5MiB / 256MiB   1.3MB / 1.45MB [K
07-no-backpressure-backend-1   68.85%    169.6MiB / 512MiB   865kB / 567kB [K
 [K
[J[HNAME                           CPU %     MEM USAGE / LIMIT   NET I/O
07-no-backpressure-nginx-1     6.06%     203.5MiB / 256MiB   1.3MB / 1.45MB
07-no-backpressure-backend-1   68.85%    169.6MiB / 512MiB   865kB / 567kB
[HNAME                           CPU %     MEM USAGE / LIMIT   NET I/O [K
07-no-backpressure-nginx-1     6.06%     203.5MiB / 256MiB   1.3MB / 1.45MB [K
07-no-backpressure-backend-1   68.85%    169.6MiB / 512MiB   865kB / 567kB [K
 [K
[J[HNAME                           CPU %     MEM USAGE / LIMIT   NET I/O
07-no-backpressure-nginx-1     5.98%     203.1MiB / 256MiB   1.54MB / 1.71MB
07-no-backpressure-backend-1   55.31%    177.7MiB / 512MiB   954kB / 707kB
[HNAME                           CPU %     MEM USAGE / LIMIT   NET I/O [K
07-no-backpressure-nginx-1     5.98%     203.1MiB / 256MiB   1.54MB / 1.71MB [K
07-no-backpressure-backend-1   55.31%    177.7MiB / 512MiB   954kB / 707kB [K
 [K
[J[HNAME                           CPU %     MEM USAGE / LIMIT   NET I/O
07-no-backpressure-nginx-1     5.98%     203.1MiB / 256MiB   1.54MB / 1.71MB
07-no-backpressure-backend-1   55.31%    177.7MiB / 512MiB   954kB / 707kB
[HNAME                           CPU %     MEM USAGE / LIMIT   NET I/O [K
07-no-backpressure-nginx-1     5.98%     203.1MiB / 256MiB   1.54MB / 1.71MB [K
07-no-backpressure-backend-1   55.31%    177.7MiB / 512MiB   954kB / 707kB [K
 [K
[J[HNAME                           CPU %     MEM USAGE / LIMIT   NET I/O
07-no-backpressure-nginx-1     6.35%     203.1MiB / 256MiB   1.76MB / 1.94MB
07-no-backpressure-backend-1   48.17%    191.9MiB / 512MiB   1.04MB / 838kB
[HNAME                           CPU %     MEM USAGE / LIMIT   NET I/O [K
07-no-backpressure-nginx-1     6.35%     203.1MiB / 256MiB   1.76MB / 1.94MB [K
07-no-backpressure-backend-1   48.17%    191.9MiB / 512MiB   1.04MB / 838kB [K
 [K
[J[HNAME                           CPU %     MEM USAGE / LIMIT   NET I/O
07-no-backpressure-nginx-1     6.35%     203.1MiB / 256MiB   1.76MB / 1.94MB
07-no-backpressure-backend-1   48.17%    191.9MiB / 512MiB   1.04MB / 838kB
[HNAME                           CPU %     MEM USAGE / LIMIT   NET I/O [K
07-no-backpressure-nginx-1     6.35%     203.1MiB / 256MiB   1.76MB / 1.94MB [K
07-no-backpressure-backend-1   48.17%    191.9MiB / 512MiB   1.04MB / 838kB [K
 [K
[J[HNAME                           CPU %     MEM USAGE / LIMIT   NET I/O
07-no-backpressure-nginx-1     6.76%     203.4MiB / 256MiB   2.01MB / 2.21MB
07-no-backpressure-backend-1   52.63%    192MiB / 512MiB     1.13MB / 977kB
[HNAME                           CPU %     MEM USAGE / LIMIT   NET I/O [K
07-no-backpressure-nginx-1     6.76%     203.4MiB / 256MiB   2.01MB / 2.21MB [K
07-no-backpressure-backend-1   52.63%    192MiB / 512MiB     1.13MB / 977kB [K
 [K
[J[HNAME                           CPU %     MEM USAGE / LIMIT   NET I/O
07-no-backpressure-nginx-1     6.76%     203.4MiB / 256MiB   2.01MB / 2.21MB
07-no-backpressure-backend-1   52.63%    192MiB / 512MiB     1.13MB / 977kB
[HNAME                           CPU %     MEM USAGE / LIMIT   NET I/O [K
07-no-backpressure-nginx-1     6.76%     203.4MiB / 256MiB   2.01MB / 2.21MB [K
07-no-backpressure-backend-1   52.63%    192MiB / 512MiB     1.13MB / 977kB [K
 [K
[J[HNAME                           CPU %     MEM USAGE / LIMIT   NET I/O
07-no-backpressure-nginx-1     5.17%     203.3MiB / 256MiB   2.25MB / 2.45MB
07-no-backpressure-backend-1   50.95%    195.9MiB / 512MiB   1.21MB / 1.12MB
[HNAME                           CPU %     MEM USAGE / LIMIT   NET I/O [K
07-no-backpressure-nginx-1     5.17%     203.3MiB / 256MiB   2.25MB / 2.45MB [K
07-no-backpressure-backend-1   50.95%    195.9MiB / 512MiB   1.21MB / 1.12MB [K
 [K
[J[HNAME                           CPU %     MEM USAGE / LIMIT   NET I/O
07-no-backpressure-nginx-1     5.17%     203.3MiB / 256MiB   2.25MB / 2.45MB
07-no-backpressure-backend-1   50.95%    195.9MiB / 512MiB   1.21MB / 1.12MB
[HNAME                           CPU %     MEM USAGE / LIMIT   NET I/O [K
07-no-backpressure-nginx-1     5.17%     203.3MiB / 256MiB   2.25MB / 2.45MB [K
07-no-backpressure-backend-1   50.95%    195.9MiB / 512MiB   1.21MB / 1.12MB [K
 [K
[J[HNAME                           CPU %     MEM USAGE / LIMIT   NET I/O
07-no-backpressure-nginx-1     6.55%     203.3MiB / 256MiB   2.47MB / 2.66MB
07-no-backpressure-backend-1   30.65%    195.7MiB / 512MiB   1.27MB / 1.26MB
[HNAME                           CPU %     MEM USAGE / LIMIT   NET I/O [K
07-no-backpressure-nginx-1     6.55%     203.3MiB / 256MiB   2.47MB / 2.66MB [K
07-no-backpressure-backend-1   30.65%    195.7MiB / 512MiB   1.27MB / 1.26MB [K
 [K
[J[HNAME                           CPU %     MEM USAGE / LIMIT   NET I/O
07-no-backpressure-nginx-1     6.55%     203.3MiB / 256MiB   2.47MB / 2.66MB
07-no-backpressure-backend-1   30.65%    195.7MiB / 512MiB   1.27MB / 1.26MB
[HNAME                           CPU %     MEM USAGE / LIMIT   NET I/O [K
07-no-backpressure-nginx-1     6.55%     203.3MiB / 256MiB   2.47MB / 2.66MB [K
07-no-backpressure-backend-1   30.65%    195.7MiB / 512MiB   1.27MB / 1.26MB [K
 [K
[J[HNAME                           CPU %     MEM USAGE / LIMIT   NET I/O
07-no-backpressure-nginx-1     5.85%     203.4MiB / 256MiB   2.71MB / 2.89MB
07-no-backpressure-backend-1   46.31%    201.3MiB / 512MiB   1.33MB / 1.39MB
[HNAME                           CPU %     MEM USAGE / LIMIT   NET I/O [K
07-no-backpressure-nginx-1     5.85%     203.4MiB / 256MiB   2.71MB / 2.89MB [K
07-no-backpressure-backend-1   46.31%    201.3MiB / 512MiB   1.33MB / 1.39MB [K
 [K
[J[HNAME                           CPU %     MEM USAGE / LIMIT   NET I/O
07-no-backpressure-nginx-1     5.85%     203.4MiB / 256MiB   2.71MB / 2.89MB
07-no-backpressure-backend-1   46.31%    201.3MiB / 512MiB   1.33MB / 1.39MB
[HNAME                           CPU %     MEM USAGE / LIMIT   NET I/O [K
07-no-backpressure-nginx-1     5.85%     203.4MiB / 256MiB   2.71MB / 2.89MB [K
07-no-backpressure-backend-1   46.31%    201.3MiB / 512MiB   1.33MB / 1.39MB [K
 [K
[J[HNAME                           CPU %     MEM USAGE / LIMIT   NET I/O
07-no-backpressure-nginx-1     6.80%     203.1MiB / 256MiB   2.95MB / 3.11MB
07-no-backpressure-backend-1   32.84%    201.5MiB / 512MiB   1.39MB / 1.53MB
[HNAME                           CPU %     MEM USAGE / LIMIT   NET I/O [K
07-no-backpressure-nginx-1     6.80%     203.1MiB / 256MiB   2.95MB / 3.11MB [K
07-no-backpressure-backend-1   32.84%    201.5MiB / 512MiB   1.39MB / 1.53MB [K
 [K
[J[HNAME                           CPU %     MEM USAGE / LIMIT   NET I/O
07-no-backpressure-nginx-1     6.80%     203.1MiB / 256MiB   2.95MB / 3.11MB
07-no-backpressure-backend-1   32.84%    201.5MiB / 512MiB   1.39MB / 1.53MB
[HNAME                           CPU %     MEM USAGE / LIMIT   NET I/O [K
07-no-backpressure-nginx-1     6.80%     203.1MiB / 256MiB   2.95MB / 3.11MB [K
07-no-backpressure-backend-1   32.84%    201.5MiB / 512MiB   1.39MB / 1.53MB [K
 [K
[J[HNAME                           CPU %     MEM USAGE / LIMIT   NET I/O
07-no-backpressure-nginx-1     7.81%     203.1MiB / 256MiB   3.18MB / 3.34MB
07-no-backpressure-backend-1   35.45%    201.6MiB / 512MiB   1.46MB / 1.67MB
[HNAME                           CPU %     MEM USAGE / LIMIT   NET I/O [K
07-no-backpressure-nginx-1     7.81%     203.1MiB / 256MiB   3.18MB / 3.34MB [K
07-no-backpressure-backend-1   35.45%    201.6MiB / 512MiB   1.46MB / 1.67MB [K
 [K
[J[HNAME                           CPU %     MEM USAGE / LIMIT   NET I/O
07-no-backpressure-nginx-1     7.81%     203.1MiB / 256MiB   3.18MB / 3.34MB
07-no-backpressure-backend-1   35.45%    201.6MiB / 512MiB   1.46MB / 1.67MB
[HNAME                           CPU %     MEM USAGE / LIMIT   NET I/O [K
07-no-backpressure-nginx-1     7.81%     203.1MiB / 256MiB   3.18MB / 3.34MB [K
07-no-backpressure-backend-1   35.45%    201.6MiB / 512MiB   1.46MB / 1.67MB [K
 [K
[J[HNAME                           CPU %     MEM USAGE / LIMIT   NET I/O
07-no-backpressure-nginx-1     7.77%     203.4MiB / 256MiB   3.42MB / 3.56MB
07-no-backpressure-backend-1   25.63%    201.4MiB / 512MiB   1.52MB / 1.81MB
[HNAME                           CPU %     MEM USAGE / LIMIT   NET I/O [K
07-no-backpressure-nginx-1     7.77%     203.4MiB / 256MiB   3.42MB / 3.56MB [K
07-no-backpressure-backend-1   25.63%    201.4MiB / 512MiB   1.52MB / 1.81MB [K
 [K
[J[HNAME                           CPU %     MEM USAGE / LIMIT   NET I/O
07-no-backpressure-nginx-1     7.77%     203.4MiB / 256MiB   3.42MB / 3.56MB
07-no-backpressure-backend-1   25.63%    201.4MiB / 512MiB   1.52MB / 1.81MB
[HNAME                           CPU %     MEM USAGE / LIMIT   NET I/O [K
07-no-backpressure-nginx-1     7.77%     203.4MiB / 256MiB   3.42MB / 3.56MB [K
07-no-backpressure-backend-1   25.63%    201.4MiB / 512MiB   1.52MB / 1.81MB [K
 [K
[J[HNAME                           CPU %     MEM USAGE / LIMIT   NET I/O
07-no-backpressure-nginx-1     6.15%     203.1MiB / 256MiB   3.66MB / 3.79MB
07-no-backpressure-backend-1   41.20%    201.6MiB / 512MiB   1.58MB / 1.95MB
[HNAME                           CPU %     MEM USAGE / LIMIT   NET I/O [K
07-no-backpressure-nginx-1     6.15%     203.1MiB / 256MiB   3.66MB / 3.79MB [K
07-no-backpressure-backend-1   41.20%    201.6MiB / 512MiB   1.58MB / 1.95MB [K
 [K
[J[HNAME                           CPU %     MEM USAGE / LIMIT   NET I/O
07-no-backpressure-nginx-1     6.15%     203.1MiB / 256MiB   3.66MB / 3.79MB
07-no-backpressure-backend-1   41.20%    201.6MiB / 512MiB   1.58MB / 1.95MB
[HNAME                           CPU %     MEM USAGE / LIMIT   NET I/O [K
07-no-backpressure-nginx-1     6.15%     203.1MiB / 256MiB   3.66MB / 3.79MB [K
07-no-backpressure-backend-1   41.20%    201.6MiB / 512MiB   1.58MB / 1.95MB [K
 [K
[J[HNAME                           CPU %     MEM USAGE / LIMIT   NET I/O
07-no-backpressure-nginx-1     6.30%     203.4MiB / 256MiB   3.89MB / 4MB
07-no-backpressure-backend-1   40.23%    201.8MiB / 512MiB   1.64MB / 2.08MB
[HNAME                           CPU %     MEM USAGE / LIMIT   NET I/O [K
07-no-backpressure-nginx-1     6.30%     203.4MiB / 256MiB   3.89MB / 4MB [K
07-no-backpressure-backend-1   40.23%    201.8MiB / 512MiB   1.64MB / 2.08MB [K
 [K
[J[HNAME                           CPU %     MEM USAGE / LIMIT   NET I/O
07-no-backpressure-nginx-1     6.30%     203.4MiB / 256MiB   3.89MB / 4MB
07-no-backpressure-backend-1   40.23%    201.8MiB / 512MiB   1.64MB / 2.08MB
[HNAME                           CPU %     MEM USAGE / LIMIT   NET I/O [K
07-no-backpressure-nginx-1     6.30%     203.4MiB / 256MiB   3.89MB / 4MB [K
07-no-backpressure-backend-1   40.23%    201.8MiB / 512MiB   1.64MB / 2.08MB [K
 [K
[J[HNAME                           CPU %     MEM USAGE / LIMIT   NET I/O
07-no-backpressure-nginx-1     6.13%     203.1MiB / 256MiB   4.12MB / 4.23MB
07-no-backpressure-backend-1   49.94%    204.8MiB / 512MiB   1.71MB / 2.22MB
[HNAME                           CPU %     MEM USAGE / LIMIT   NET I/O [K
07-no-backpressure-nginx-1     6.13%     203.1MiB / 256MiB   4.12MB / 4.23MB [K
07-no-backpressure-backend-1   49.94%    204.8MiB / 512MiB   1.71MB / 2.22MB [K
 [K
[J[HNAME                           CPU %     MEM USAGE / LIMIT   NET I/O
07-no-backpressure-nginx-1     6.13%     203.1MiB / 256MiB   4.12MB / 4.23MB
07-no-backpressure-backend-1   49.94%    204.8MiB / 512MiB   1.71MB / 2.22MB
[HNAME                           CPU %     MEM USAGE / LIMIT   NET I/O [K
07-no-backpressure-nginx-1     6.13%     203.1MiB / 256MiB   4.12MB / 4.23MB [K
07-no-backpressure-backend-1   49.94%    204.8MiB / 512MiB   1.71MB / 2.22MB [K
 [K
[J[HNAME                           CPU %     MEM USAGE / LIMIT   NET I/O
07-no-backpressure-nginx-1     7.10%     203.1MiB / 256MiB   4.36MB / 4.46MB
07-no-backpressure-backend-1   23.24%    201.1MiB / 512MiB   1.77MB / 2.36MB
[HNAME                           CPU %     MEM USAGE / LIMIT   NET I/O [K
07-no-backpressure-nginx-1     7.10%     203.1MiB / 256MiB   4.36MB / 4.46MB [K
07-no-backpressure-backend-1   23.24%    201.1MiB / 512MiB   1.77MB / 2.36MB [K
 [K
[J[HNAME                           CPU %     MEM USAGE / LIMIT   NET I/O
07-no-backpressure-nginx-1     7.10%     203.1MiB / 256MiB   4.36MB / 4.46MB
07-no-backpressure-backend-1   23.24%    201.1MiB / 512MiB   1.77MB / 2.36MB
[HNAME                           CPU %     MEM USAGE / LIMIT   NET I/O [K
07-no-backpressure-nginx-1     7.10%     203.1MiB / 256MiB   4.36MB / 4.46MB [K
07-no-backpressure-backend-1   23.24%    201.1MiB / 512MiB   1.77MB / 2.36MB [K
 [K
[J[HNAME                           CPU %     MEM USAGE / LIMIT   NET I/O
07-no-backpressure-nginx-1     5.24%     203.1MiB / 256MiB   4.58MB / 4.67MB
07-no-backpressure-backend-1   28.61%    201.5MiB / 512MiB   1.83MB / 2.49MB
[HNAME                           CPU %     MEM USAGE / LIMIT   NET I/O [K
07-no-backpressure-nginx-1     5.24%     203.1MiB / 256MiB   4.58MB / 4.67MB [K
07-no-backpressure-backend-1   28.61%    201.5MiB / 512MiB   1.83MB / 2.49MB [K
 [K
[J[HNAME                           CPU %     MEM USAGE / LIMIT   NET I/O
07-no-backpressure-nginx-1     5.24%     203.1MiB / 256MiB   4.58MB / 4.67MB
07-no-backpressure-backend-1   28.61%    201.5MiB / 512MiB   1.83MB / 2.49MB
[HNAME                           CPU %     MEM USAGE / LIMIT   NET I/O [K
07-no-backpressure-nginx-1     5.24%     203.1MiB / 256MiB   4.58MB / 4.67MB [K
07-no-backpressure-backend-1   28.61%    201.5MiB / 512MiB   1.83MB / 2.49MB [K
 [K
[J[HNAME                           CPU %     MEM USAGE / LIMIT   NET I/O
07-no-backpressure-nginx-1     5.67%     203.1MiB / 256MiB   4.82MB / 4.89MB
07-no-backpressure-backend-1   24.11%    201.3MiB / 512MiB   1.89MB / 2.63MB
[HNAME                           CPU %     MEM USAGE / LIMIT   NET I/O [K
07-no-backpressure-nginx-1     5.67%     203.1MiB / 256MiB   4.82MB / 4.89MB [K
07-no-backpressure-backend-1   24.11%    201.3MiB / 512MiB   1.89MB / 2.63MB [K
 [K
[J[HNAME                           CPU %     MEM USAGE / LIMIT   NET I/O
07-no-backpressure-nginx-1     5.67%     203.1MiB / 256MiB   4.82MB / 4.89MB
07-no-backpressure-backend-1   24.11%    201.3MiB / 512MiB   1.89MB / 2.63MB
[HNAME                           CPU %     MEM USAGE / LIMIT   NET I/O [K
07-no-backpressure-nginx-1     5.67%     203.1MiB / 256MiB   4.82MB / 4.89MB [K
07-no-backpressure-backend-1   24.11%    201.3MiB / 512MiB   1.89MB / 2.63MB [K
 [K
[J[HNAME                           CPU %     MEM USAGE / LIMIT   NET I/O
07-no-backpressure-nginx-1     7.35%     203.2MiB / 256MiB   5.06MB / 5.12MB
07-no-backpressure-backend-1   18.90%    201.3MiB / 512MiB   1.96MB / 2.77MB
[HNAME                           CPU %     MEM USAGE / LIMIT   NET I/O [K
07-no-backpressure-nginx-1     7.35%     203.2MiB / 256MiB   5.06MB / 5.12MB [K
07-no-backpressure-backend-1   18.90%    201.3MiB / 512MiB   1.96MB / 2.77MB [K
 [K
[J[HNAME                           CPU %     MEM USAGE / LIMIT   NET I/O
07-no-backpressure-nginx-1     7.35%     203.2MiB / 256MiB   5.06MB / 5.12MB
07-no-backpressure-backend-1   18.90%    201.3MiB / 512MiB   1.96MB / 2.77MB
[HNAME                           CPU %     MEM USAGE / LIMIT   NET I/O [K
07-no-backpressure-nginx-1     7.35%     203.2MiB / 256MiB   5.06MB / 5.12MB [K
07-no-backpressure-backend-1   18.90%    201.3MiB / 512MiB   1.96MB / 2.77MB [K
 [K
[J[HNAME                           CPU %     MEM USAGE / LIMIT   NET I/O
07-no-backpressure-nginx-1     5.53%     203.1MiB / 256MiB   5.3MB / 5.34MB
07-no-backpressure-backend-1   24.27%    203MiB / 512MiB     2.02MB / 2.91MB
[HNAME                           CPU %     MEM USAGE / LIMIT   NET I/O [K
07-no-backpressure-nginx-1     5.53%     203.1MiB / 256MiB   5.3MB / 5.34MB [K
07-no-backpressure-backend-1   24.27%    203MiB / 512MiB     2.02MB / 2.91MB [K
 [K
[J[HNAME                           CPU %     MEM USAGE / LIMIT   NET I/O
07-no-backpressure-nginx-1     5.53%     203.1MiB / 256MiB   5.3MB / 5.34MB
07-no-backpressure-backend-1   24.27%    203MiB / 512MiB     2.02MB / 2.91MB
[HNAME                           CPU %     MEM USAGE / LIMIT   NET I/O [K
07-no-backpressure-nginx-1     5.53%     203.1MiB / 256MiB   5.3MB / 5.34MB [K
07-no-backpressure-backend-1   24.27%    203MiB / 512MiB     2.02MB / 2.91MB [K
 [K
[J[HNAME                           CPU %     MEM USAGE / LIMIT   NET I/O
07-no-backpressure-nginx-1     6.06%     203.6MiB / 256MiB   5.53MB / 5.57MB
07-no-backpressure-backend-1   12.55%    203MiB / 512MiB     2.08MB / 3.04MB
[HNAME                           CPU %     MEM USAGE / LIMIT   NET I/O [K
07-no-backpressure-nginx-1     6.06%     203.6MiB / 256MiB   5.53MB / 5.57MB [K
07-no-backpressure-backend-1   12.55%    203MiB / 512MiB     2.08MB / 3.04MB [K
 [K
[J[HNAME                           CPU %     MEM USAGE / LIMIT   NET I/O
07-no-backpressure-nginx-1     6.06%     203.6MiB / 256MiB   5.53MB / 5.57MB
07-no-backpressure-backend-1   12.55%    203MiB / 512MiB     2.08MB / 3.04MB
[HNAME                           CPU %     MEM USAGE / LIMIT   NET I/O [K
07-no-backpressure-nginx-1     6.06%     203.6MiB / 256MiB   5.53MB / 5.57MB [K
07-no-backpressure-backend-1   12.55%    203MiB / 512MiB     2.08MB / 3.04MB [K
 [K
[J[HNAME                           CPU %     MEM USAGE / LIMIT   NET I/O
07-no-backpressure-nginx-1     6.07%     203.5MiB / 256MiB   5.76MB / 5.79MB
07-no-backpressure-backend-1   13.93%    203.1MiB / 512MiB   2.14MB / 3.18MB
[HNAME                           CPU %     MEM USAGE / LIMIT   NET I/O [K
07-no-backpressure-nginx-1     6.07%     203.5MiB / 256MiB   5.76MB / 5.79MB [K
07-no-backpressure-backend-1   13.93%    203.1MiB / 512MiB   2.14MB / 3.18MB [K
 [K
[J[HNAME                           CPU %     MEM USAGE / LIMIT   NET I/O
07-no-backpressure-nginx-1     6.07%     203.5MiB / 256MiB   5.76MB / 5.79MB
07-no-backpressure-backend-1   13.93%    203.1MiB / 512MiB   2.14MB / 3.18MB
[HNAME                           CPU %     MEM USAGE / LIMIT   NET I/O [K
07-no-backpressure-nginx-1     6.07%     203.5MiB / 256MiB   5.76MB / 5.79MB [K
07-no-backpressure-backend-1   13.93%    203.1MiB / 512MiB   2.14MB / 3.18MB [K
 [K
[J[HNAME                           CPU %     MEM USAGE / LIMIT   NET I/O
07-no-backpressure-nginx-1     7.29%     203.3MiB / 256MiB   6MB / 6.01MB
07-no-backpressure-backend-1   12.87%    203.1MiB / 512MiB   2.21MB / 3.32MB
[HNAME                           CPU %     MEM USAGE / LIMIT   NET I/O [K
07-no-backpressure-nginx-1     7.29%     203.3MiB / 256MiB   6MB / 6.01MB [K
07-no-backpressure-backend-1   12.87%    203.1MiB / 512MiB   2.21MB / 3.32MB [K
 [K
[J[HNAME                           CPU %     MEM USAGE / LIMIT   NET I/O
07-no-backpressure-nginx-1     7.29%     203.3MiB / 256MiB   6MB / 6.01MB
07-no-backpressure-backend-1   12.87%    203.1MiB / 512MiB   2.21MB / 3.32MB
[HNAME                           CPU %     MEM USAGE / LIMIT   NET I/O [K
07-no-backpressure-nginx-1     7.29%     203.3MiB / 256MiB   6MB / 6.01MB [K
07-no-backpressure-backend-1   12.87%    203.1MiB / 512MiB   2.21MB / 3.32MB [K
 [K
[J[HNAME                           CPU %     MEM USAGE / LIMIT   NET I/O
07-no-backpressure-nginx-1     6.55%     203.3MiB / 256MiB   6.24MB / 6.24MB
07-no-backpressure-backend-1   12.62%    203.1MiB / 512MiB   2.27MB / 3.46MB
[HNAME                           CPU %     MEM USAGE / LIMIT   NET I/O [K
07-no-backpressure-nginx-1     6.55%     203.3MiB / 256MiB   6.24MB / 6.24MB [K
07-no-backpressure-backend-1   12.62%    203.1MiB / 512MiB   2.27MB / 3.46MB [K
 [K
[J[HNAME                           CPU %     MEM USAGE / LIMIT   NET I/O
07-no-backpressure-nginx-1     6.55%     203.3MiB / 256MiB   6.24MB / 6.24MB
07-no-backpressure-backend-1   12.62%    203.1MiB / 512MiB   2.27MB / 3.46MB
[HNAME                           CPU %     MEM USAGE / LIMIT   NET I/O [K
07-no-backpressure-nginx-1     6.55%     203.3MiB / 256MiB   6.24MB / 6.24MB [K
07-no-backpressure-backend-1   12.62%    203.1MiB / 512MiB   2.27MB / 3.46MB [K
 [K
[J[HNAME                           CPU %     MEM USAGE / LIMIT   NET I/O
07-no-backpressure-nginx-1     6.88%     203.1MiB / 256MiB   6.47MB / 6.46MB
07-no-backpressure-backend-1   13.70%    203.1MiB / 512MiB   2.33MB / 3.6MB
[HNAME                           CPU %     MEM USAGE / LIMIT   NET I/O [K
07-no-backpressure-nginx-1     6.88%     203.1MiB / 256MiB   6.47MB / 6.46MB [K
07-no-backpressure-backend-1   13.70%    203.1MiB / 512MiB   2.33MB / 3.6MB [K
 [K
[J[HNAME                           CPU %     MEM USAGE / LIMIT   NET I/O
07-no-backpressure-nginx-1     6.88%     203.1MiB / 256MiB   6.47MB / 6.46MB
07-no-backpressure-backend-1   13.70%    203.1MiB / 512MiB   2.33MB / 3.6MB
[HNAME                           CPU %     MEM USAGE / LIMIT   NET I/O [K
07-no-backpressure-nginx-1     6.88%     203.1MiB / 256MiB   6.47MB / 6.46MB [K
07-no-backpressure-backend-1   13.70%    203.1MiB / 512MiB   2.33MB / 3.6MB [K
 [K
[J[HNAME                           CPU %     MEM USAGE / LIMIT   NET I/O
07-no-backpressure-nginx-1     16.79%    203.2MiB / 256MiB   6.71MB / 6.69MB
07-no-backpressure-backend-1   21.42%    203.1MiB / 512MiB   2.39MB / 3.74MB
[HNAME                           CPU %     MEM USAGE / LIMIT   NET I/O [K
07-no-backpressure-nginx-1     16.79%    203.2MiB / 256MiB   6.71MB / 6.69MB [K
07-no-backpressure-backend-1   21.42%    203.1MiB / 512MiB   2.39MB / 3.74MB [K
 [K
[J[HNAME                           CPU %     MEM USAGE / LIMIT   NET I/O
07-no-backpressure-nginx-1     16.79%    203.2MiB / 256MiB   6.71MB / 6.69MB
07-no-backpressure-backend-1   21.42%    203.1MiB / 512MiB   2.39MB / 3.74MB
[HNAME                           CPU %     MEM USAGE / LIMIT   NET I/O [K
07-no-backpressure-nginx-1     16.79%    203.2MiB / 256MiB   6.71MB / 6.69MB [K
07-no-backpressure-backend-1   21.42%    203.1MiB / 512MiB   2.39MB / 3.74MB [K
 [K
[J[HNAME                           CPU %     MEM USAGE / LIMIT   NET I/O
07-no-backpressure-nginx-1     7.50%     203.4MiB / 256MiB   6.95MB / 6.91MB
07-no-backpressure-backend-1   11.78%    203.1MiB / 512MiB   2.45MB / 3.87MB
[HNAME                           CPU %     MEM USAGE / LIMIT   NET I/O [K
07-no-backpressure-nginx-1     7.50%     203.4MiB / 256MiB   6.95MB / 6.91MB [K
07-no-backpressure-backend-1   11.78%    203.1MiB / 512MiB   2.45MB / 3.87MB [K
 [K
[J[HNAME                           CPU %     MEM USAGE / LIMIT   NET I/O
07-no-backpressure-nginx-1     7.50%     203.4MiB / 256MiB   6.95MB / 6.91MB
07-no-backpressure-backend-1   11.78%    203.1MiB / 512MiB   2.45MB / 3.87MB
[HNAME                           CPU %     MEM USAGE / LIMIT   NET I/O [K
07-no-backpressure-nginx-1     7.50%     203.4MiB / 256MiB   6.95MB / 6.91MB [K
07-no-backpressure-backend-1   11.78%    203.1MiB / 512MiB   2.45MB / 3.87MB [K
 [K
[J[HNAME                           CPU %     MEM USAGE / LIMIT   NET I/O
07-no-backpressure-nginx-1     6.03%     203.2MiB / 256MiB   7.17MB / 7.13MB
07-no-backpressure-backend-1   13.15%    203MiB / 512MiB     2.52MB / 4.01MB
[HNAME                           CPU %     MEM USAGE / LIMIT   NET I/O [K
07-no-backpressure-nginx-1     6.03%     203.2MiB / 256MiB   7.17MB / 7.13MB [K
07-no-backpressure-backend-1   13.15%    203MiB / 512MiB     2.52MB / 4.01MB [K
 [K
[J[HNAME                           CPU %     MEM USAGE / LIMIT   NET I/O
07-no-backpressure-nginx-1     6.03%     203.2MiB / 256MiB   7.17MB / 7.13MB
07-no-backpressure-backend-1   13.15%    203MiB / 512MiB     2.52MB / 4.01MB
[HNAME                           CPU %     MEM USAGE / LIMIT   NET I/O [K
07-no-backpressure-nginx-1     6.03%     203.2MiB / 256MiB   7.17MB / 7.13MB [K
07-no-backpressure-backend-1   13.15%    203MiB / 512MiB     2.52MB / 4.01MB [K
 [K
[J[HNAME                           CPU %     MEM USAGE / LIMIT   NET I/O
07-no-backpressure-nginx-1     7.67%     203.2MiB / 256MiB   7.42MB / 7.36MB
07-no-backpressure-backend-1   15.48%    203.1MiB / 512MiB   2.58MB / 4.15MB
[HNAME                           CPU %     MEM USAGE / LIMIT   NET I/O [K
07-no-backpressure-nginx-1     7.67%     203.2MiB / 256MiB   7.42MB / 7.36MB [K
07-no-backpressure-backend-1   15.48%    203.1MiB / 512MiB   2.58MB / 4.15MB [K
 [K
[J[HNAME                           CPU %     MEM USAGE / LIMIT   NET I/O
07-no-backpressure-nginx-1     7.67%     203.2MiB / 256MiB   7.42MB / 7.36MB
07-no-backpressure-backend-1   15.48%    203.1MiB / 512MiB   2.58MB / 4.15MB
[HNAME                           CPU %     MEM USAGE / LIMIT   NET I/O [K
07-no-backpressure-nginx-1     7.67%     203.2MiB / 256MiB   7.42MB / 7.36MB [K
07-no-backpressure-backend-1   15.48%    203.1MiB / 512MiB   2.58MB / 4.15MB [K
 [K
[J[HNAME                           CPU %     MEM USAGE / LIMIT   NET I/O
07-no-backpressure-nginx-1     8.26%     203.4MiB / 256MiB   7.65MB / 7.58MB
07-no-backpressure-backend-1   16.37%    203.1MiB / 512MiB   2.64MB / 4.28MB
[HNAME                           CPU %     MEM USAGE / LIMIT   NET I/O [K
07-no-backpressure-nginx-1     8.26%     203.4MiB / 256MiB   7.65MB / 7.58MB [K
07-no-backpressure-backend-1   16.37%    203.1MiB / 512MiB   2.64MB / 4.28MB [K
 [K
[J[HNAME                           CPU %     MEM USAGE / LIMIT   NET I/O
07-no-backpressure-nginx-1     8.26%     203.4MiB / 256MiB   7.65MB / 7.58MB
07-no-backpressure-backend-1   16.37%    203.1MiB / 512MiB   2.64MB / 4.28MB
[HNAME                           CPU %     MEM USAGE / LIMIT   NET I/O [K
07-no-backpressure-nginx-1     8.26%     203.4MiB / 256MiB   7.65MB / 7.58MB [K
07-no-backpressure-backend-1   16.37%    203.1MiB / 512MiB   2.64MB / 4.28MB [K
 [K
[J[HNAME                           CPU %     MEM USAGE / LIMIT   NET I/O
07-no-backpressure-nginx-1     7.90%     203.1MiB / 256MiB   7.89MB / 7.8MB
07-no-backpressure-backend-1   15.70%    203.1MiB / 512MiB   2.71MB / 4.42MB
[HNAME                           CPU %     MEM USAGE / LIMIT   NET I/O [K
07-no-backpressure-nginx-1     7.90%     203.1MiB / 256MiB   7.89MB / 7.8MB [K
07-no-backpressure-backend-1   15.70%    203.1MiB / 512MiB   2.71MB / 4.42MB [K
 [K
[J[HNAME                           CPU %     MEM USAGE / LIMIT   NET I/O
07-no-backpressure-nginx-1     7.90%     203.1MiB / 256MiB   7.89MB / 7.8MB
07-no-backpressure-backend-1   15.70%    203.1MiB / 512MiB   2.71MB / 4.42MB
[HNAME                           CPU %     MEM USAGE / LIMIT   NET I/O [K
07-no-backpressure-nginx-1     7.90%     203.1MiB / 256MiB   7.89MB / 7.8MB [K
07-no-backpressure-backend-1   15.70%    203.1MiB / 512MiB   2.71MB / 4.42MB [K
 [K
[J[HNAME                           CPU %     MEM USAGE / LIMIT   NET I/O
07-no-backpressure-nginx-1     6.85%     203.3MiB / 256MiB   8.12MB / 8.03MB
07-no-backpressure-backend-1   13.67%    203.1MiB / 512MiB   2.77MB / 4.56MB
[HNAME                           CPU %     MEM USAGE / LIMIT   NET I/O [K
07-no-backpressure-nginx-1     6.85%     203.3MiB / 256MiB   8.12MB / 8.03MB [K
07-no-backpressure-backend-1   13.67%    203.1MiB / 512MiB   2.77MB / 4.56MB [K
 [K
[J[HNAME                           CPU %     MEM USAGE / LIMIT   NET I/O
07-no-backpressure-nginx-1     6.85%     203.3MiB / 256MiB   8.12MB / 8.03MB
07-no-backpressure-backend-1   13.67%    203.1MiB / 512MiB   2.77MB / 4.56MB
[HNAME                           CPU %     MEM USAGE / LIMIT   NET I/O [K
07-no-backpressure-nginx-1     6.85%     203.3MiB / 256MiB   8.12MB / 8.03MB [K
07-no-backpressure-backend-1   13.67%    203.1MiB / 512MiB   2.77MB / 4.56MB [K
 [K
[J[HNAME                           CPU %     MEM USAGE / LIMIT   NET I/O
07-no-backpressure-nginx-1     5.67%     203.7MiB / 256MiB   8.35MB / 8.24MB
07-no-backpressure-backend-1   21.37%    208.4MiB / 512MiB   2.83MB / 4.7MB
[HNAME                           CPU %     MEM USAGE / LIMIT   NET I/O [K
07-no-backpressure-nginx-1     5.67%     203.7MiB / 256MiB   8.35MB / 8.24MB [K
07-no-backpressure-backend-1   21.37%    208.4MiB / 512MiB   2.83MB / 4.7MB [K
 [K
[J[HNAME                           CPU %     MEM USAGE / LIMIT   NET I/O
07-no-backpressure-nginx-1     5.67%     203.7MiB / 256MiB   8.35MB / 8.24MB
07-no-backpressure-backend-1   21.37%    208.4MiB / 512MiB   2.83MB / 4.7MB
[HNAME                           CPU %     MEM USAGE / LIMIT   NET I/O [K
07-no-backpressure-nginx-1     5.67%     203.7MiB / 256MiB   8.35MB / 8.24MB [K
07-no-backpressure-backend-1   21.37%    208.4MiB / 512MiB   2.83MB / 4.7MB [K
 [K
[J[HNAME                           CPU %     MEM USAGE / LIMIT   NET I/O
07-no-backpressure-nginx-1     5.39%     203.1MiB / 256MiB   8.59MB / 8.47MB
07-no-backpressure-backend-1   12.53%    208.4MiB / 512MiB   2.89MB / 4.84MB
[HNAME                           CPU %     MEM USAGE / LIMIT   NET I/O [K
07-no-backpressure-nginx-1     5.39%     203.1MiB / 256MiB   8.59MB / 8.47MB [K
07-no-backpressure-backend-1   12.53%    208.4MiB / 512MiB   2.89MB / 4.84MB [K
 [K
[J[HNAME                           CPU %     MEM USAGE / LIMIT   NET I/O
07-no-backpressure-nginx-1     5.39%     203.1MiB / 256MiB   8.59MB / 8.47MB
07-no-backpressure-backend-1   12.53%    208.4MiB / 512MiB   2.89MB / 4.84MB
[HNAME                           CPU %     MEM USAGE / LIMIT   NET I/O [K
07-no-backpressure-nginx-1     5.39%     203.1MiB / 256MiB   8.59MB / 8.47MB [K
07-no-backpressure-backend-1   12.53%    208.4MiB / 512MiB   2.89MB / 4.84MB [K
 [K
[J[HNAME                           CPU %     MEM USAGE / LIMIT   NET I/O
07-no-backpressure-nginx-1     6.25%     203.3MiB / 256MiB   8.83MB / 8.7MB
07-no-backpressure-backend-1   13.45%    208.4MiB / 512MiB   2.96MB / 4.97MB
[HNAME                           CPU %     MEM USAGE / LIMIT   NET I/O [K
07-no-backpressure-nginx-1     6.25%     203.3MiB / 256MiB   8.83MB / 8.7MB [K
07-no-backpressure-backend-1   13.45%    208.4MiB / 512MiB   2.96MB / 4.97MB [K
 [K
[J[HNAME                           CPU %     MEM USAGE / LIMIT   NET I/O
07-no-backpressure-nginx-1     6.25%     203.3MiB / 256MiB   8.83MB / 8.7MB
07-no-backpressure-backend-1   13.45%    208.4MiB / 512MiB   2.96MB / 4.97MB
[HNAME                           CPU %     MEM USAGE / LIMIT   NET I/O [K
07-no-backpressure-nginx-1     6.25%     203.3MiB / 256MiB   8.83MB / 8.7MB [K
07-no-backpressure-backend-1   13.45%    208.4MiB / 512MiB   2.96MB / 4.97MB [K
 [K
[J[HNAME                           CPU %     MEM USAGE / LIMIT   NET I/O
07-no-backpressure-nginx-1     6.44%     203.1MiB / 256MiB   9.06MB / 8.92MB
07-no-backpressure-backend-1   12.40%    208.5MiB / 512MiB   3.02MB / 5.11MB
[HNAME                           CPU %     MEM USAGE / LIMIT   NET I/O [K
07-no-backpressure-nginx-1     6.44%     203.1MiB / 256MiB   9.06MB / 8.92MB [K
07-no-backpressure-backend-1   12.40%    208.5MiB / 512MiB   3.02MB / 5.11MB [K
 [K
[J[HNAME                           CPU %     MEM USAGE / LIMIT   NET I/O
07-no-backpressure-nginx-1     6.44%     203.1MiB / 256MiB   9.06MB / 8.92MB
07-no-backpressure-backend-1   12.40%    208.5MiB / 512MiB   3.02MB / 5.11MB
[HNAME                           CPU %     MEM USAGE / LIMIT   NET I/O [K
07-no-backpressure-nginx-1     6.44%     203.1MiB / 256MiB   9.06MB / 8.92MB [K
07-no-backpressure-backend-1   12.40%    208.5MiB / 512MiB   3.02MB / 5.11MB [K
 [K
[J[HNAME                           CPU %     MEM USAGE / LIMIT   NET I/O
07-no-backpressure-nginx-1     6.81%     203.2MiB / 256MiB   9.3MB / 9.15MB
07-no-backpressure-backend-1   11.81%    208.4MiB / 512MiB   3.08MB / 5.25MB
[HNAME                           CPU %     MEM USAGE / LIMIT   NET I/O [K
07-no-backpressure-nginx-1     6.81%     203.2MiB / 256MiB   9.3MB / 9.15MB [K
07-no-backpressure-backend-1   11.81%    208.4MiB / 512MiB   3.08MB / 5.25MB [K
 [K
[J[HNAME                           CPU %     MEM USAGE / LIMIT   NET I/O
07-no-backpressure-nginx-1     6.81%     203.2MiB / 256MiB   9.3MB / 9.15MB
07-no-backpressure-backend-1   11.81%    208.4MiB / 512MiB   3.08MB / 5.25MB
[HNAME                           CPU %     MEM USAGE / LIMIT   NET I/O [K
07-no-backpressure-nginx-1     6.81%     203.2MiB / 256MiB   9.3MB / 9.15MB [K
07-no-backpressure-backend-1   11.81%    208.4MiB / 512MiB   3.08MB / 5.25MB [K
 [K
[J[HNAME                           CPU %     MEM USAGE / LIMIT   NET I/O
07-no-backpressure-nginx-1     5.91%     203.4MiB / 256MiB   9.54MB / 9.37MB
07-no-backpressure-backend-1   11.05%    208.4MiB / 512MiB   3.14MB / 5.39MB
[HNAME                           CPU %     MEM USAGE / LIMIT   NET I/O [K
07-no-backpressure-nginx-1     5.91%     203.4MiB / 256MiB   9.54MB / 9.37MB [K
07-no-backpressure-backend-1   11.05%    208.4MiB / 512MiB   3.14MB / 5.39MB [K
 [K
[J[HNAME                           CPU %     MEM USAGE / LIMIT   NET I/O
07-no-backpressure-nginx-1     5.91%     203.4MiB / 256MiB   9.54MB / 9.37MB
07-no-backpressure-backend-1   11.05%    208.4MiB / 512MiB   3.14MB / 5.39MB
[HNAME                           CPU %     MEM USAGE / LIMIT   NET I/O [K
07-no-backpressure-nginx-1     5.91%     203.4MiB / 256MiB   9.54MB / 9.37MB [K
07-no-backpressure-backend-1   11.05%    208.4MiB / 512MiB   3.14MB / 5.39MB [K
 [K
[J[HNAME                           CPU %     MEM USAGE / LIMIT   NET I/O
07-no-backpressure-nginx-1     5.64%     203.3MiB / 256MiB   9.78MB / 9.6MB
07-no-backpressure-backend-1   9.42%     208.4MiB / 512MiB   3.2MB / 5.53MB
[HNAME                           CPU %     MEM USAGE / LIMIT   NET I/O [K
07-no-backpressure-nginx-1     5.64%     203.3MiB / 256MiB   9.78MB / 9.6MB [K
07-no-backpressure-backend-1   9.42%     208.4MiB / 512MiB   3.2MB / 5.53MB [K
 [K
[J[HNAME                           CPU %     MEM USAGE / LIMIT   NET I/O
07-no-backpressure-nginx-1     5.64%     203.3MiB / 256MiB   9.78MB / 9.6MB
07-no-backpressure-backend-1   9.42%     208.4MiB / 512MiB   3.2MB / 5.53MB
[HNAME                           CPU %     MEM USAGE / LIMIT   NET I/O [K
07-no-backpressure-nginx-1     5.64%     203.3MiB / 256MiB   9.78MB / 9.6MB [K
07-no-backpressure-backend-1   9.42%     208.4MiB / 512MiB   3.2MB / 5.53MB [K
 [K
[J[HNAME                           CPU %     MEM USAGE / LIMIT   NET I/O
07-no-backpressure-nginx-1     4.24%     203.2MiB / 256MiB   9.99MB / 9.8MB
07-no-backpressure-backend-1   9.48%     208.5MiB / 512MiB   3.26MB / 5.66MB
[HNAME                           CPU %     MEM USAGE / LIMIT   NET I/O [K
07-no-backpressure-nginx-1     4.24%     203.2MiB / 256MiB   9.99MB / 9.8MB [K
07-no-backpressure-backend-1   9.48%     208.5MiB / 512MiB   3.26MB / 5.66MB [K
 [K
[J[HNAME                           CPU %     MEM USAGE / LIMIT   NET I/O
07-no-backpressure-nginx-1     4.24%     203.2MiB / 256MiB   9.99MB / 9.8MB
07-no-backpressure-backend-1   9.48%     208.5MiB / 512MiB   3.26MB / 5.66MB
[HNAME                           CPU %     MEM USAGE / LIMIT   NET I/O [K
07-no-backpressure-nginx-1     4.24%     203.2MiB / 256MiB   9.99MB / 9.8MB [K
07-no-backpressure-backend-1   9.48%     208.5MiB / 512MiB   3.26MB / 5.66MB [K
 [K
[J[HNAME                           CPU %     MEM USAGE / LIMIT   NET I/O
07-no-backpressure-nginx-1     5.73%     203.5MiB / 256MiB   10.2MB / 10MB
07-no-backpressure-backend-1   10.29%    203.6MiB / 512MiB   3.33MB / 5.8MB
[HNAME                           CPU %     MEM USAGE / LIMIT   NET I/O [K
07-no-backpressure-nginx-1     5.73%     203.5MiB / 256MiB   10.2MB / 10MB [K
07-no-backpressure-backend-1   10.29%    203.6MiB / 512MiB   3.33MB / 5.8MB [K
 [K
[J[HNAME                           CPU %     MEM USAGE / LIMIT   NET I/O
07-no-backpressure-nginx-1     5.73%     203.5MiB / 256MiB   10.2MB / 10MB
07-no-backpressure-backend-1   10.29%    203.6MiB / 512MiB   3.33MB / 5.8MB
[HNAME                           CPU %     MEM USAGE / LIMIT   NET I/O [K
07-no-backpressure-nginx-1     5.73%     203.5MiB / 256MiB   10.2MB / 10MB [K
07-no-backpressure-backend-1   10.29%    203.6MiB / 512MiB   3.33MB / 5.8MB [K
 [K
[J[HNAME                           CPU %     MEM USAGE / LIMIT   NET I/O
07-no-backpressure-nginx-1     5.53%     203.3MiB / 256MiB   10.5MB / 10.3MB
07-no-backpressure-backend-1   10.45%    203.7MiB / 512MiB   3.39MB / 5.93MB
[HNAME                           CPU %     MEM USAGE / LIMIT   NET I/O [K
07-no-backpressure-nginx-1     5.53%     203.3MiB / 256MiB   10.5MB / 10.3MB [K
07-no-backpressure-backend-1   10.45%    203.7MiB / 512MiB   3.39MB / 5.93MB [K
 [K
[J[HNAME                           CPU %     MEM USAGE / LIMIT   NET I/O
07-no-backpressure-nginx-1     5.53%     203.3MiB / 256MiB   10.5MB / 10.3MB
07-no-backpressure-backend-1   10.45%    203.7MiB / 512MiB   3.39MB / 5.93MB
[HNAME                           CPU %     MEM USAGE / LIMIT   NET I/O [K
07-no-backpressure-nginx-1     5.53%     203.3MiB / 256MiB   10.5MB / 10.3MB [K
07-no-backpressure-backend-1   10.45%    203.7MiB / 512MiB   3.39MB / 5.93MB [K
 [K
[J[HNAME                           CPU %     MEM USAGE / LIMIT   NET I/O
07-no-backpressure-nginx-1     5.18%     203.2MiB / 256MiB   10.7MB / 10.5MB
07-no-backpressure-backend-1   9.08%     203.6MiB / 512MiB   3.46MB / 6.07MB
[HNAME                           CPU %     MEM USAGE / LIMIT   NET I/O [K
07-no-backpressure-nginx-1     5.18%     203.2MiB / 256MiB   10.7MB / 10.5MB [K
07-no-backpressure-backend-1   9.08%     203.6MiB / 512MiB   3.46MB / 6.07MB [K
 [K
[J[HNAME                           CPU %     MEM USAGE / LIMIT   NET I/O
07-no-backpressure-nginx-1     5.18%     203.2MiB / 256MiB   10.7MB / 10.5MB
07-no-backpressure-backend-1   9.08%     203.6MiB / 512MiB   3.46MB / 6.07MB
[HNAME                           CPU %     MEM USAGE / LIMIT   NET I/O [K
07-no-backpressure-nginx-1     5.18%     203.2MiB / 256MiB   10.7MB / 10.5MB [K
07-no-backpressure-backend-1   9.08%     203.6MiB / 512MiB   3.46MB / 6.07MB [K
 [K
[J[HNAME                           CPU %     MEM USAGE / LIMIT   NET I/O
07-no-backpressure-nginx-1     5.00%     203.3MiB / 256MiB   10.9MB / 10.7MB
07-no-backpressure-backend-1   14.92%    203.7MiB / 512MiB   3.52MB / 6.21MB
[HNAME                           CPU %     MEM USAGE / LIMIT   NET I/O [K
07-no-backpressure-nginx-1     5.00%     203.3MiB / 256MiB   10.9MB / 10.7MB [K
07-no-backpressure-backend-1   14.92%    203.7MiB / 512MiB   3.52MB / 6.21MB [K
 [K
[J[HNAME                           CPU %     MEM USAGE / LIMIT   NET I/O
07-no-backpressure-nginx-1     5.00%     203.3MiB / 256MiB   10.9MB / 10.7MB
07-no-backpressure-backend-1   14.92%    203.7MiB / 512MiB   3.52MB / 6.21MB
[HNAME                           CPU %     MEM USAGE / LIMIT   NET I/O [K
07-no-backpressure-nginx-1     5.00%     203.3MiB / 256MiB   10.9MB / 10.7MB [K
07-no-backpressure-backend-1   14.92%    203.7MiB / 512MiB   3.52MB / 6.21MB [K
 [K
[J[HNAME                           CPU %     MEM USAGE / LIMIT   NET I/O
07-no-backpressure-nginx-1     6.03%     203.3MiB / 256MiB   11.2MB / 10.9MB
07-no-backpressure-backend-1   24.23%    203.9MiB / 512MiB   3.58MB / 6.35MB
[HNAME                           CPU %     MEM USAGE / LIMIT   NET I/O [K
07-no-backpressure-nginx-1     6.03%     203.3MiB / 256MiB   11.2MB / 10.9MB [K
07-no-backpressure-backend-1   24.23%    203.9MiB / 512MiB   3.58MB / 6.35MB [K
 [K
[J[HNAME                           CPU %     MEM USAGE / LIMIT   NET I/O
07-no-backpressure-nginx-1     6.03%     203.3MiB / 256MiB   11.2MB / 10.9MB
07-no-backpressure-backend-1   24.23%    203.9MiB / 512MiB   3.58MB / 6.35MB
[HNAME                           CPU %     MEM USAGE / LIMIT   NET I/O [K
07-no-backpressure-nginx-1     6.03%     203.3MiB / 256MiB   11.2MB / 10.9MB [K
07-no-backpressure-backend-1   24.23%    203.9MiB / 512MiB   3.58MB / 6.35MB [K
 [K
[J[HNAME                           CPU %     MEM USAGE / LIMIT   NET I/O
07-no-backpressure-nginx-1     5.58%     203.1MiB / 256MiB   11.4MB / 11.2MB
07-no-backpressure-backend-1   13.54%    204.2MiB / 512MiB   3.65MB / 6.49MB
[HNAME                           CPU %     MEM USAGE / LIMIT   NET I/O [K
07-no-backpressure-nginx-1     5.58%     203.1MiB / 256MiB   11.4MB / 11.2MB [K
07-no-backpressure-backend-1   13.54%    204.2MiB / 512MiB   3.65MB / 6.49MB [K
 [K
[J[HNAME                           CPU %     MEM USAGE / LIMIT   NET I/O
07-no-backpressure-nginx-1     5.58%     203.1MiB / 256MiB   11.4MB / 11.2MB
07-no-backpressure-backend-1   13.54%    204.2MiB / 512MiB   3.65MB / 6.49MB
[HNAME                           CPU %     MEM USAGE / LIMIT   NET I/O [K
07-no-backpressure-nginx-1     5.58%     203.1MiB / 256MiB   11.4MB / 11.2MB [K
07-no-backpressure-backend-1   13.54%    204.2MiB / 512MiB   3.65MB / 6.49MB [K
 [K
[J[HNAME                           CPU %     MEM USAGE / LIMIT   NET I/O
07-no-backpressure-nginx-1     5.11%     203.2MiB / 256MiB   11.6MB / 11.4MB
07-no-backpressure-backend-1   16.60%    203.9MiB / 512MiB   3.71MB / 6.62MB
[HNAME                           CPU %     MEM USAGE / LIMIT   NET I/O [K
07-no-backpressure-nginx-1     5.11%     203.2MiB / 256MiB   11.6MB / 11.4MB [K
07-no-backpressure-backend-1   16.60%    203.9MiB / 512MiB   3.71MB / 6.62MB [K
 [K
[J[HNAME                           CPU %     MEM USAGE / LIMIT   NET I/O
07-no-backpressure-nginx-1     5.11%     203.2MiB / 256MiB   11.6MB / 11.4MB
07-no-backpressure-backend-1   16.60%    203.9MiB / 512MiB   3.71MB / 6.62MB
[HNAME                           CPU %     MEM USAGE / LIMIT   NET I/O [K
07-no-backpressure-nginx-1     5.11%     203.2MiB / 256MiB   11.6MB / 11.4MB [K
07-no-backpressure-backend-1   16.60%    203.9MiB / 512MiB   3.71MB / 6.62MB [K
 [K
[J[HNAME                           CPU %     MEM USAGE / LIMIT   NET I/O
07-no-backpressure-nginx-1     5.04%     203.1MiB / 256MiB   11.9MB / 11.6MB
07-no-backpressure-backend-1   11.56%    204MiB / 512MiB     3.77MB / 6.76MB
[HNAME                           CPU %     MEM USAGE / LIMIT   NET I/O [K
07-no-backpressure-nginx-1     5.04%     203.1MiB / 256MiB   11.9MB / 11.6MB [K
07-no-backpressure-backend-1   11.56%    204MiB / 512MiB     3.77MB / 6.76MB [K
 [K
[J[HNAME                           CPU %     MEM USAGE / LIMIT   NET I/O
07-no-backpressure-nginx-1     5.04%     203.1MiB / 256MiB   11.9MB / 11.6MB
07-no-backpressure-backend-1   11.56%    204MiB / 512MiB     3.77MB / 6.76MB
[HNAME                           CPU %     MEM USAGE / LIMIT   NET I/O [K
07-no-backpressure-nginx-1     5.04%     203.1MiB / 256MiB   11.9MB / 11.6MB [K
07-no-backpressure-backend-1   11.56%    204MiB / 512MiB     3.77MB / 6.76MB [K
 [K
[J[HNAME                           CPU %     MEM USAGE / LIMIT   NET I/O
07-no-backpressure-nginx-1     5.61%     203.3MiB / 256MiB   12.1MB / 11.8MB
07-no-backpressure-backend-1   11.27%    204MiB / 512MiB     3.83MB / 6.9MB
[HNAME                           CPU %     MEM USAGE / LIMIT   NET I/O [K
07-no-backpressure-nginx-1     5.61%     203.3MiB / 256MiB   12.1MB / 11.8MB [K
07-no-backpressure-backend-1   11.27%    204MiB / 512MiB     3.83MB / 6.9MB [K
 [K
[J[HNAME                           CPU %     MEM USAGE / LIMIT   NET I/O
07-no-backpressure-nginx-1     5.61%     203.3MiB / 256MiB   12.1MB / 11.8MB
07-no-backpressure-backend-1   11.27%    204MiB / 512MiB     3.83MB / 6.9MB
[HNAME                           CPU %     MEM USAGE / LIMIT   NET I/O [K
07-no-backpressure-nginx-1     5.61%     203.3MiB / 256MiB   12.1MB / 11.8MB [K
07-no-backpressure-backend-1   11.27%    204MiB / 512MiB     3.83MB / 6.9MB [K
 [K
[J[HNAME                           CPU %     MEM USAGE / LIMIT   NET I/O
07-no-backpressure-nginx-1     5.24%     203.4MiB / 256MiB   12.3MB / 12MB
07-no-backpressure-backend-1   11.93%    204.8MiB / 512MiB   3.9MB / 7.04MB
[HNAME                           CPU %     MEM USAGE / LIMIT   NET I/O [K
07-no-backpressure-nginx-1     5.24%     203.4MiB / 256MiB   12.3MB / 12MB [K
07-no-backpressure-backend-1   11.93%    204.8MiB / 512MiB   3.9MB / 7.04MB [K
 [K
[J[HNAME                           CPU %     MEM USAGE / LIMIT   NET I/O
07-no-backpressure-nginx-1     5.24%     203.4MiB / 256MiB   12.3MB / 12MB
07-no-backpressure-backend-1   11.93%    204.8MiB / 512MiB   3.9MB / 7.04MB
[HNAME                           CPU %     MEM USAGE / LIMIT   NET I/O [K
07-no-backpressure-nginx-1     5.24%     203.4MiB / 256MiB   12.3MB / 12MB [K
07-no-backpressure-backend-1   11.93%    204.8MiB / 512MiB   3.9MB / 7.04MB [K
 [K
[J[HNAME                           CPU %     MEM USAGE / LIMIT   NET I/O
07-no-backpressure-nginx-1     5.55%     203.1MiB / 256MiB   12.6MB / 12.3MB
07-no-backpressure-backend-1   11.34%    206.7MiB / 512MiB   3.96MB / 7.18MB
[HNAME                           CPU %     MEM USAGE / LIMIT   NET I/O [K
07-no-backpressure-nginx-1     5.55%     203.1MiB / 256MiB   12.6MB / 12.3MB [K
07-no-backpressure-backend-1   11.34%    206.7MiB / 512MiB   3.96MB / 7.18MB [K
 [K
[J[HNAME                           CPU %     MEM USAGE / LIMIT   NET I/O
07-no-backpressure-nginx-1     5.55%     203.1MiB / 256MiB   12.6MB / 12.3MB
07-no-backpressure-backend-1   11.34%    206.7MiB / 512MiB   3.96MB / 7.18MB
[HNAME                           CPU %     MEM USAGE / LIMIT   NET I/O [K
07-no-backpressure-nginx-1     5.55%     203.1MiB / 256MiB   12.6MB / 12.3MB [K
07-no-backpressure-backend-1   11.34%    206.7MiB / 512MiB   3.96MB / 7.18MB [K
 [K
[J[HNAME                           CPU %     MEM USAGE / LIMIT   NET I/O
07-no-backpressure-nginx-1     5.33%     203.2MiB / 256MiB   12.8MB / 12.5MB
07-no-backpressure-backend-1   10.92%    206.7MiB / 512MiB   4.03MB / 7.32MB
[HNAME                           CPU %     MEM USAGE / LIMIT   NET I/O [K
07-no-backpressure-nginx-1     5.33%     203.2MiB / 256MiB   12.8MB / 12.5MB [K
07-no-backpressure-backend-1   10.92%    206.7MiB / 512MiB   4.03MB / 7.32MB [K
 [K
[J[HNAME                           CPU %     MEM USAGE / LIMIT   NET I/O
07-no-backpressure-nginx-1     5.33%     203.2MiB / 256MiB   12.8MB / 12.5MB
07-no-backpressure-backend-1   10.92%    206.7MiB / 512MiB   4.03MB / 7.32MB
[HNAME                           CPU %     MEM USAGE / LIMIT   NET I/O [K
07-no-backpressure-nginx-1     5.33%     203.2MiB / 256MiB   12.8MB / 12.5MB [K
07-no-backpressure-backend-1   10.92%    206.7MiB / 512MiB   4.03MB / 7.32MB [K
 [K
[J[HNAME                           CPU %     MEM USAGE / LIMIT   NET I/O
07-no-backpressure-nginx-1     10.52%    203.1MiB / 256MiB   13.1MB / 12.7MB
07-no-backpressure-backend-1   27.92%    206.7MiB / 512MiB   4.09MB / 7.45MB
[HNAME                           CPU %     MEM USAGE / LIMIT   NET I/O [K
07-no-backpressure-nginx-1     10.52%    203.1MiB / 256MiB   13.1MB / 12.7MB [K
07-no-backpressure-backend-1   27.92%    206.7MiB / 512MiB   4.09MB / 7.45MB [K
 [K
[J[HNAME                           CPU %     MEM USAGE / LIMIT   NET I/O
07-no-backpressure-nginx-1     10.52%    203.1MiB / 256MiB   13.1MB / 12.7MB
07-no-backpressure-backend-1   27.92%    206.7MiB / 512MiB   4.09MB / 7.45MB
[HNAME                           CPU %     MEM USAGE / LIMIT   NET I/O [K
07-no-backpressure-nginx-1     10.52%    203.1MiB / 256MiB   13.1MB / 12.7MB [K
07-no-backpressure-backend-1   27.92%    206.7MiB / 512MiB   4.09MB / 7.45MB [K
 [K
[J[HNAME                           CPU %     MEM USAGE / LIMIT   NET I/O
07-no-backpressure-nginx-1     8.66%     203.4MiB / 256MiB   13.3MB / 12.9MB
07-no-backpressure-backend-1   14.55%    206.8MiB / 512MiB   4.15MB / 7.59MB
[HNAME                           CPU %     MEM USAGE / LIMIT   NET I/O [K
07-no-backpressure-nginx-1     8.66%     203.4MiB / 256MiB   13.3MB / 12.9MB [K
07-no-backpressure-backend-1   14.55%    206.8MiB / 512MiB   4.15MB / 7.59MB [K
 [K
[J[HNAME                           CPU %     MEM USAGE / LIMIT   NET I/O
07-no-backpressure-nginx-1     8.66%     203.4MiB / 256MiB   13.3MB / 12.9MB
07-no-backpressure-backend-1   14.55%    206.8MiB / 512MiB   4.15MB / 7.59MB
[HNAME                           CPU %     MEM USAGE / LIMIT   NET I/O [K
07-no-backpressure-nginx-1     8.66%     203.4MiB / 256MiB   13.3MB / 12.9MB [K
07-no-backpressure-backend-1   14.55%    206.8MiB / 512MiB   4.15MB / 7.59MB [K
 [K
[J[HNAME                           CPU %     MEM USAGE / LIMIT   NET I/O
07-no-backpressure-nginx-1     6.39%     203.3MiB / 256MiB   13.5MB / 13.2MB
07-no-backpressure-backend-1   21.19%    207.1MiB / 512MiB   4.21MB / 7.72MB
[HNAME                           CPU %     MEM USAGE / LIMIT   NET I/O [K
07-no-backpressure-nginx-1     6.39%     203.3MiB / 256MiB   13.5MB / 13.2MB [K
07-no-backpressure-backend-1   21.19%    207.1MiB / 512MiB   4.21MB / 7.72MB [K
 [K
[J[HNAME                           CPU %     MEM USAGE / LIMIT   NET I/O
07-no-backpressure-nginx-1     6.39%     203.3MiB / 256MiB   13.5MB / 13.2MB
07-no-backpressure-backend-1   21.19%    207.1MiB / 512MiB   4.21MB / 7.72MB
[HNAME                           CPU %     MEM USAGE / LIMIT   NET I/O [K
07-no-backpressure-nginx-1     6.39%     203.3MiB / 256MiB   13.5MB / 13.2MB [K
07-no-backpressure-backend-1   21.19%    207.1MiB / 512MiB   4.21MB / 7.72MB [K
 [K
[J[HNAME                           CPU %     MEM USAGE / LIMIT   NET I/O
07-no-backpressure-nginx-1     7.11%     203.3MiB / 256MiB   13.8MB / 13.4MB
07-no-backpressure-backend-1   14.76%    206.7MiB / 512MiB   4.28MB / 7.86MB
[HNAME                           CPU %     MEM USAGE / LIMIT   NET I/O [K
07-no-backpressure-nginx-1     7.11%     203.3MiB / 256MiB   13.8MB / 13.4MB [K
07-no-backpressure-backend-1   14.76%    206.7MiB / 512MiB   4.28MB / 7.86MB [K
 [K
[J[HNAME                           CPU %     MEM USAGE / LIMIT   NET I/O
07-no-backpressure-nginx-1     7.11%     203.3MiB / 256MiB   13.8MB / 13.4MB
07-no-backpressure-backend-1   14.76%    206.7MiB / 512MiB   4.28MB / 7.86MB
[HNAME                           CPU %     MEM USAGE / LIMIT   NET I/O [K
07-no-backpressure-nginx-1     7.11%     203.3MiB / 256MiB   13.8MB / 13.4MB [K
07-no-backpressure-backend-1   14.76%    206.7MiB / 512MiB   4.28MB / 7.86MB [K
 [K
[J[HNAME                           CPU %     MEM USAGE / LIMIT   NET I/O
07-no-backpressure-nginx-1     6.76%     203.4MiB / 256MiB   14MB / 13.6MB
07-no-backpressure-backend-1   12.28%    206.7MiB / 512MiB   4.34MB / 8MB
[HNAME                           CPU %     MEM USAGE / LIMIT   NET I/O [K
07-no-backpressure-nginx-1     6.76%     203.4MiB / 256MiB   14MB / 13.6MB [K
07-no-backpressure-backend-1   12.28%    206.7MiB / 512MiB   4.34MB / 8MB [K
 [K
[J[HNAME                           CPU %     MEM USAGE / LIMIT   NET I/O
07-no-backpressure-nginx-1     6.76%     203.4MiB / 256MiB   14MB / 13.6MB
07-no-backpressure-backend-1   12.28%    206.7MiB / 512MiB   4.34MB / 8MB
[HNAME                           CPU %     MEM USAGE / LIMIT   NET I/O [K
07-no-backpressure-nginx-1     6.76%     203.4MiB / 256MiB   14MB / 13.6MB [K
07-no-backpressure-backend-1   12.28%    206.7MiB / 512MiB   4.34MB / 8MB [K
 [K
[J[HNAME                           CPU %     MEM USAGE / LIMIT   NET I/O
07-no-backpressure-nginx-1     5.76%     203.1MiB / 256MiB   14.2MB / 13.8MB
07-no-backpressure-backend-1   11.61%    206.8MiB / 512MiB   4.4MB / 8.14MB
[HNAME                           CPU %     MEM USAGE / LIMIT   NET I/O [K
07-no-backpressure-nginx-1     5.76%     203.1MiB / 256MiB   14.2MB / 13.8MB [K
07-no-backpressure-backend-1   11.61%    206.8MiB / 512MiB   4.4MB / 8.14MB [K
 [K
[J[HNAME                           CPU %     MEM USAGE / LIMIT   NET I/O
07-no-backpressure-nginx-1     5.76%     203.1MiB / 256MiB   14.2MB / 13.8MB
07-no-backpressure-backend-1   11.61%    206.8MiB / 512MiB   4.4MB / 8.14MB
[HNAME                           CPU %     MEM USAGE / LIMIT   NET I/O [K
07-no-backpressure-nginx-1     5.76%     203.1MiB / 256MiB   14.2MB / 13.8MB [K
07-no-backpressure-backend-1   11.61%    206.8MiB / 512MiB   4.4MB / 8.14MB [K
 [K
[J[HNAME                           CPU %     MEM USAGE / LIMIT   NET I/O
07-no-backpressure-nginx-1     5.76%     203.1MiB / 256MiB   14.2MB / 13.8MB
07-no-backpressure-backend-1   11.61%    206.8MiB / 512MiB   4.4MB / 8.14MB
[HNAME                           CPU %     MEM USAGE / LIMIT   NET I/O [K
07-no-backpressure-nginx-1     5.76%     203.1MiB / 256MiB   14.2MB / 13.8MB [K
07-no-backpressure-backend-1   11.61%    206.8MiB / 512MiB   4.4MB / 8.14MB [K
 [K
[J[HNAME                           CPU %     MEM USAGE / LIMIT   NET I/O
07-no-backpressure-nginx-1     6.22%     203.1MiB / 256MiB   14.5MB / 14.1MB
07-no-backpressure-backend-1   13.78%    206.8MiB / 512MiB   4.47MB / 8.28MB
[HNAME                           CPU %     MEM USAGE / LIMIT   NET I/O [K
07-no-backpressure-nginx-1     6.22%     203.1MiB / 256MiB   14.5MB / 14.1MB [K
07-no-backpressure-backend-1   13.78%    206.8MiB / 512MiB   4.47MB / 8.28MB [K
 [K
[J[HNAME                           CPU %     MEM USAGE / LIMIT   NET I/O
07-no-backpressure-nginx-1     6.22%     203.1MiB / 256MiB   14.5MB / 14.1MB
07-no-backpressure-backend-1   13.78%    206.8MiB / 512MiB   4.47MB / 8.28MB
[HNAME                           CPU %     MEM USAGE / LIMIT   NET I/O [K
07-no-backpressure-nginx-1     6.22%     203.1MiB / 256MiB   14.5MB / 14.1MB [K
07-no-backpressure-backend-1   13.78%    206.8MiB / 512MiB   4.47MB / 8.28MB [K
 [K
[J