--- 01:01:17 ---
NAME      MEM USAGE / LIMIT   MEM %     NET I/O
nginx     508MiB / 2GiB       24.80%    3.24kB / 1.2kB
--- 01:01:19 ---
NAME      MEM USAGE / LIMIT   MEM %     NET I/O
nginx     508.1MiB / 2GiB     24.81%    5.21kB / 3.27kB
--- 01:01:22 ---
NAME      MEM USAGE / LIMIT   MEM %     NET I/O
nginx     1.044GiB / 2GiB     52.21%    13.8MB / 9.34MB
--- 01:01:25 ---
NAME      MEM USAGE / LIMIT   MEM %     NET I/O
nginx     1.071GiB / 2GiB     53.57%    16.8MB / 10.6MB
--- 01:01:28 ---
NAME      MEM USAGE / LIMIT   MEM %     NET I/O
nginx     1.132GiB / 2GiB     56.60%    18.5MB / 12.2MB
--- 01:01:31 ---
NAME      MEM USAGE / LIMIT   MEM %     NET I/O
nginx     1.176GiB / 2GiB     58.79%    21.1MB / 13.8MB
--- 01:01:34 ---
NAME      MEM USAGE / LIMIT   MEM %     NET I/O
nginx     1.203GiB / 2GiB     60.16%    23.1MB / 15.1MB
--- 01:01:36 ---
NAME      MEM USAGE / LIMIT   MEM %     NET I/O
nginx     1.237GiB / 2GiB     61.86%    26.7MB / 17.6MB
--- 01:01:39 ---
NAME      MEM USAGE / LIMIT   MEM %     NET I/O
nginx     1.242GiB / 2GiB     62.12%    29.8MB / 19.6MB
--- 01:01:42 ---
NAME      MEM USAGE / LIMIT   MEM %     NET I/O
nginx     1.234GiB / 2GiB     61.69%    32.8MB / 20.9MB
--- 01:01:46 ---
NAME      MEM USAGE / LIMIT   MEM %     NET I/O
nginx     1.227GiB / 2GiB     61.36%    35.9MB / 22.1MB
--- 01:01:49 ---
NAME      MEM USAGE / LIMIT   MEM %     NET I/O
nginx     1.061GiB / 2GiB     53.06%    41.7MB / 25.7MB
--- 01:01:52 ---
NAME      MEM USAGE / LIMIT   MEM %     NET I/O
nginx     668.4MiB / 2GiB     32.64%    50.3MB / 33.1MB
--- 01:01:55 ---
NAME      MEM USAGE / LIMIT   MEM %     NET I/O
nginx     711.9MiB / 2GiB     34.76%    52.9MB / 34.8MB
--- 01:01:58 ---
NAME      MEM USAGE / LIMIT   MEM %     NET I/O
nginx     727.5MiB / 2GiB     35.52%    58.9MB / 39.9MB
--- 01:02:01 ---
NAME      MEM USAGE / LIMIT   MEM %     NET I/O
nginx     791.1MiB / 2GiB     38.63%    62.3MB / 42.5MB
--- 01:02:04 ---
NAME      MEM USAGE / LIMIT   MEM %     NET I/O
nginx     823.8MiB / 2GiB     40.22%    64.5MB / 43.4MB
--- 01:02:07 ---
NAME      MEM USAGE / LIMIT   MEM %     NET I/O
nginx     831.3MiB / 2GiB     40.59%    67.7MB / 44.9MB
--- 01:02:10 ---
NAME      MEM USAGE / LIMIT   MEM %     NET I/O
nginx     823.9MiB / 2GiB     40.23%    70.2MB / 45.6MB
--- 01:02:13 ---
NAME      MEM USAGE / LIMIT   MEM %     NET I/O
nginx     839.4MiB / 2GiB     40.99%    73.6MB / 47.1MB
--- 01:02:16 ---
NAME      MEM USAGE / LIMIT   MEM %     NET I/O
nginx     812.1MiB / 2GiB     39.65%    76MB / 47.9MB
--- 01:02:19 ---
NAME      MEM USAGE / LIMIT   MEM %     NET I/O
nginx     797.1MiB / 2GiB     38.92%    78.4MB / 48.8MB
--- 01:02:22 ---
NAME      MEM USAGE / LIMIT   MEM %     NET I/O
nginx     788.5MiB / 2GiB     38.50%    80.4MB / 49.3MB
--- 01:02:25 ---
NAME      MEM USAGE / LIMIT   MEM %     NET I/O
nginx     783.2MiB / 2GiB     38.24%    82.5MB / 49.6MB
--- 01:02:28 ---
NAME      MEM USAGE / LIMIT   MEM %     NET I/O
nginx     767.2MiB / 2GiB     37.46%    84.8MB / 50.1MB
--- 01:02:31 ---
NAME      MEM USAGE / LIMIT   MEM %     NET I/O
nginx     756.5MiB / 2GiB     36.94%    87.1MB / 51MB
--- 01:02:34 ---
NAME      MEM USAGE / LIMIT   MEM %     NET I/O
nginx     779.4MiB / 2GiB     38.06%    89.3MB / 52.4MB
--- 01:02:37 ---
NAME      MEM USAGE / LIMIT   MEM %     NET I/O
nginx     798.3MiB / 2GiB     38.98%    90.9MB / 53.6MB
--- 01:02:41 ---
NAME      MEM USAGE / LIMIT   MEM %     NET I/O
nginx     824.4MiB / 2GiB     40.25%    94.1MB / 55.1MB
--- 01:02:44 ---
NAME      MEM USAGE / LIMIT   MEM %     NET I/O
nginx     811.8MiB / 2GiB     39.64%    96.3MB / 55.7MB
--- 01:02:47 ---
NAME      MEM USAGE / LIMIT   MEM %     NET I/O
nginx     813.2MiB / 2GiB     39.71%    98.5MB / 56.2MB
--- 01:02:50 ---
NAME      MEM USAGE / LIMIT   MEM %     NET I/O
nginx     810MiB / 2GiB       39.55%    100MB / 56.7MB
--- 01:02:53 ---
NAME      MEM USAGE / LIMIT   MEM %     NET I/O
nginx     788.1MiB / 2GiB     38.48%    111MB / 63.7MB
--- 01:02:56 ---
NAME      MEM USAGE / LIMIT   MEM %     NET I/O
nginx     882.2MiB / 2GiB     43.08%    121MB / 67.7MB
--- 01:02:59 ---
NAME      MEM USAGE / LIMIT   MEM %     NET I/O
nginx     887.4MiB / 2GiB     43.33%    128MB / 69.2MB
--- 01:03:02 ---
NAME      MEM USAGE / LIMIT   MEM %     NET I/O
nginx     902.6MiB / 2GiB     44.07%    135MB / 72.2MB
--- 01:03:05 ---
NAME      MEM USAGE / LIMIT   MEM %     NET I/O
nginx     897.4MiB / 2GiB     43.82%    141MB / 74MB
--- 01:03:08 ---
NAME      MEM USAGE / LIMIT   MEM %     NET I/O
nginx     921.9MiB / 2GiB     45.02%    145MB / 75.6MB
--- 01:03:11 ---
NAME      MEM USAGE / LIMIT   MEM %     NET I/O
nginx     944MiB / 2GiB       46.09%    152MB / 77.1MB
--- 01:03:14 ---
NAME      MEM USAGE / LIMIT   MEM %     NET I/O
nginx     950.3MiB / 2GiB     46.40%    158MB / 78.1MB
--- 01:03:17 ---
NAME      MEM USAGE / LIMIT   MEM %     NET I/O
nginx     951.8MiB / 2GiB     46.48%    164MB / 78.8MB
--- 01:03:20 ---
NAME      MEM USAGE / LIMIT   MEM %     NET I/O
nginx     945MiB / 2GiB       46.14%    169MB / 79.4MB
--- 01:03:23 ---
NAME      MEM USAGE / LIMIT   MEM %     NET I/O
nginx     890MiB / 2GiB       43.46%    174MB / 81.6MB
--- 01:03:26 ---
NAME      MEM USAGE / LIMIT   MEM %     NET I/O
nginx     914.6MiB / 2GiB     44.66%    176MB / 82.6MB
--- 01:03:29 ---
NAME      MEM USAGE / LIMIT   MEM %     NET I/O
nginx     927.2MiB / 2GiB     45.27%    178MB / 83.4MB
--- 01:03:32 ---
NAME      MEM USAGE / LIMIT   MEM %     NET I/O
nginx     942MiB / 2GiB       45.99%    180MB / 84.4MB
--- 01:03:35 ---
NAME      MEM USAGE / LIMIT   MEM %     NET I/O
nginx     942.4MiB / 2GiB     46.01%    182MB / 85.6MB
--- 01:03:38 ---
NAME      MEM USAGE / LIMIT   MEM %     NET I/O
nginx     916.3MiB / 2GiB     44.74%    184MB / 86.9MB
--- 01:03:41 ---
NAME      MEM USAGE / LIMIT   MEM %     NET I/O
nginx     861.3MiB / 2GiB     42.06%    186MB / 88.2MB
--- 01:03:44 ---
NAME      MEM USAGE / LIMIT   MEM %     NET I/O
nginx     861.4MiB / 2GiB     42.06%    188MB / 88.7MB
--- 01:03:47 ---
NAME      MEM USAGE / LIMIT   MEM %     NET I/O
nginx     860.9MiB / 2GiB     42.04%    190MB / 89.2MB
--- 01:03:50 ---
NAME      MEM USAGE / LIMIT   MEM %     NET I/O
nginx     868.9MiB / 2GiB     42.43%    192MB / 90MB
--- 01:03:53 ---
NAME      MEM USAGE / LIMIT   MEM %     NET I/O
nginx     835.4MiB / 2GiB     40.79%    200MB / 95.1MB
--- 01:03:56 ---
NAME      MEM USAGE / LIMIT   MEM %     NET I/O
nginx     880.5MiB / 2GiB     42.99%    204MB / 97.1MB
--- 01:04:00 ---
NAME      MEM USAGE / LIMIT   MEM %     NET I/O
nginx     919.8MiB / 2GiB     44.91%    208MB / 99.3MB
--- 01:04:03 ---
NAME      MEM USAGE / LIMIT   MEM %     NET I/O
nginx     940.2MiB / 2GiB     45.91%    210MB / 102MB
--- 01:04:06 ---
NAME      MEM USAGE / LIMIT   MEM %     NET I/O
nginx     931.8MiB / 2GiB     45.50%    212MB / 103MB
--- 01:04:09 ---
NAME      MEM USAGE / LIMIT   MEM %     NET I/O
nginx     929.1MiB / 2GiB     45.36%    214MB / 103MB
--- 01:04:12 ---
NAME      MEM USAGE / LIMIT   MEM %     NET I/O
nginx     920.4MiB / 2GiB     44.94%    216MB / 105MB
--- 01:04:15 ---
NAME      MEM USAGE / LIMIT   MEM %     NET I/O
nginx     901MiB / 2GiB       43.99%    218MB / 106MB
--- 01:04:18 ---
NAME      MEM USAGE / LIMIT   MEM %     NET I/O
nginx     917.5MiB / 2GiB     44.80%    219MB / 107MB
--- 01:04:21 ---
NAME      MEM USAGE / LIMIT   MEM %     NET I/O
nginx     912.9MiB / 2GiB     44.57%    219MB / 108MB
--- 01:04:24 ---
NAME      MEM USAGE / LIMIT   MEM %     NET I/O
nginx     975.3MiB / 2GiB     47.62%    224MB / 111MB
--- 01:04:27 ---
NAME      MEM USAGE / LIMIT   MEM %     NET I/O
nginx     965.8MiB / 2GiB     47.16%    225MB / 111MB
--- 01:04:30 ---
NAME      MEM USAGE / LIMIT   MEM %     NET I/O
nginx     970.2MiB / 2GiB     47.37%    227MB / 112MB
--- 01:04:33 ---
NAME      MEM USAGE / LIMIT   MEM %     NET I/O
nginx     980.1MiB / 2GiB     47.86%    232MB / 114MB
--- 01:04:36 ---
NAME      MEM USAGE / LIMIT   MEM %     NET I/O
nginx     970.1MiB / 2GiB     47.37%    234MB / 115MB
--- 01:04:39 ---
NAME      MEM USAGE / LIMIT   MEM %     NET I/O
nginx     987.3MiB / 2GiB     48.21%    238MB / 116MB
--- 01:04:42 ---
NAME      MEM USAGE / LIMIT   MEM %     NET I/O
nginx     899.7MiB / 2GiB     43.93%    240MB / 118MB
--- 01:04:45 ---
NAME      MEM USAGE / LIMIT   MEM %     NET I/O
nginx     905.9MiB / 2GiB     44.23%    241MB / 119MB
--- 01:04:48 ---
NAME      MEM USAGE / LIMIT   MEM %     NET I/O
nginx     900.6MiB / 2GiB     43.97%    242MB / 120MB
--- 01:04:51 ---
NAME      MEM USAGE / LIMIT   MEM %     NET I/O
nginx     922MiB / 2GiB       45.02%    243MB / 121MB
--- 01:04:55 ---
NAME      MEM USAGE / LIMIT   MEM %     NET I/O
nginx     948.4MiB / 2GiB     46.31%    245MB / 122MB
--- 01:04:58 ---
NAME      MEM USAGE / LIMIT   MEM %     NET I/O
nginx     974MiB / 2GiB       47.56%    250MB / 125MB
--- 01:05:01 ---
NAME      MEM USAGE / LIMIT   MEM %     NET I/O
nginx     996.2MiB / 2GiB     48.64%    257MB / 128MB
--- 01:05:04 ---
NAME      MEM USAGE / LIMIT   MEM %     NET I/O
nginx     984.4MiB / 2GiB     48.07%    261MB / 129MB
--- 01:05:07 ---
NAME      MEM USAGE / LIMIT   MEM %     NET I/O
nginx     971.8MiB / 2GiB     47.45%    265MB / 129MB
--- 01:05:09 ---
NAME      MEM USAGE / LIMIT   MEM %     NET I/O
nginx     933MiB / 2GiB       45.56%    269MB / 131MB
--- 01:05:12 ---
NAME      MEM USAGE / LIMIT   MEM %     NET I/O
nginx     877.4MiB / 2GiB     42.84%    274MB / 133MB
--- 01:05:15 ---
NAME      MEM USAGE / LIMIT   MEM %     NET I/O
nginx     912.9MiB / 2GiB     44.57%    278MB / 135MB
--- 01:05:18 ---
NAME      MEM USAGE / LIMIT   MEM %     NET I/O
nginx     905.9MiB / 2GiB     44.23%    280MB / 137MB
--- 01:05:21 ---
NAME      MEM USAGE / LIMIT   MEM %     NET I/O
nginx     919.8MiB / 2GiB     44.91%    281MB / 138MB
--- 01:05:24 ---
NAME      MEM USAGE / LIMIT   MEM %     NET I/O
nginx     918.7MiB / 2GiB     44.86%    284MB / 139MB
--- 01:05:27 ---
NAME      MEM USAGE / LIMIT   MEM %     NET I/O
nginx     917.1MiB / 2GiB     44.78%    287MB / 139MB
--- 01:05:31 ---
NAME      MEM USAGE / LIMIT   MEM %     NET I/O
nginx     930.8MiB / 2GiB     45.45%    291MB / 141MB
--- 01:05:34 ---
NAME      MEM USAGE / LIMIT   MEM %     NET I/O
nginx     939.9MiB / 2GiB     45.90%    295MB / 142MB
--- 01:05:37 ---
NAME      MEM USAGE / LIMIT   MEM %     NET I/O
nginx     970.9MiB / 2GiB     47.41%    299MB / 143MB
--- 01:05:40 ---
NAME      MEM USAGE / LIMIT   MEM %     NET I/O
nginx     947MiB / 2GiB       46.24%    302MB / 144MB
--- 01:05:43 ---
NAME      MEM USAGE / LIMIT   MEM %     NET I/O
nginx     976MiB / 2GiB       47.66%    307MB / 147MB
--- 01:05:46 ---
NAME      MEM USAGE / LIMIT   MEM %     NET I/O
nginx     926.9MiB / 2GiB     45.26%    311MB / 150MB
--- 01:05:49 ---
NAME      MEM USAGE / LIMIT   MEM %     NET I/O
nginx     940.5MiB / 2GiB     45.92%    313MB / 151MB
--- 01:05:52 ---
NAME      MEM USAGE / LIMIT   MEM %     NET I/O
nginx     937.6MiB / 2GiB     45.78%    314MB / 152MB
--- 01:05:54 ---
NAME      MEM USAGE / LIMIT   MEM %     NET I/O
nginx     943MiB / 2GiB       46.05%    316MB / 152MB
--- 01:05:57 ---
NAME      MEM USAGE / LIMIT   MEM %     NET I/O
nginx     928MiB / 2GiB       45.31%    320MB / 154MB
--- 01:06:00 ---
NAME      MEM USAGE / LIMIT   MEM %     NET I/O
nginx     908.1MiB / 2GiB     44.34%    322MB / 155MB
--- 01:06:03 ---
NAME      MEM USAGE / LIMIT   MEM %     NET I/O
nginx     958.5MiB / 2GiB     46.80%    329MB / 157MB
--- 01:06:07 ---
NAME      MEM USAGE / LIMIT   MEM %     NET I/O
nginx     922.1MiB / 2GiB     45.03%    333MB / 159MB
--- 01:06:10 ---
NAME      MEM USAGE / LIMIT   MEM %     NET I/O
nginx     935.1MiB / 2GiB     45.66%    336MB / 161MB
--- 01:06:13 ---
NAME      MEM USAGE / LIMIT   MEM %     NET I/O
nginx     952.2MiB / 2GiB     46.49%    338MB / 162MB
--- 01:06:16 ---
NAME      MEM USAGE / LIMIT   MEM %     NET I/O
nginx     973.2MiB / 2GiB     47.52%    342MB / 164MB
--- 01:06:19 ---
NAME      MEM USAGE / LIMIT   MEM %     NET I/O
nginx     956.3MiB / 2GiB     46.69%    346MB / 165MB
--- 01:06:22 ---
NAME      MEM USAGE / LIMIT   MEM %     NET I/O
nginx     940.1MiB / 2GiB     45.90%    349MB / 166MB
--- 01:06:25 ---
NAME      MEM USAGE / LIMIT   MEM %     NET I/O
nginx     874.8MiB / 2GiB     42.71%    352MB / 167MB
--- 01:06:28 ---
NAME      MEM USAGE / LIMIT   MEM %     NET I/O
nginx     856.4MiB / 2GiB     41.82%    355MB / 168MB
--- 01:06:31 ---
NAME      MEM USAGE / LIMIT   MEM %     NET I/O
nginx     822.2MiB / 2GiB     40.15%    359MB / 170MB
--- 01:06:34 ---
NAME      MEM USAGE / LIMIT   MEM %     NET I/O
nginx     850.4MiB / 2GiB     41.52%    363MB / 171MB
--- 01:06:37 ---
NAME      MEM USAGE / LIMIT   MEM %     NET I/O
nginx     871.4MiB / 2GiB     42.55%    367MB / 173MB
--- 01:06:40 ---
NAME      MEM USAGE / LIMIT   MEM %     NET I/O
nginx     890.1MiB / 2GiB     43.46%    373MB / 175MB
--- 01:06:43 ---
NAME      MEM USAGE / LIMIT   MEM %     NET I/O
nginx     882.5MiB / 2GiB     43.09%    376MB / 175MB
--- 01:06:46 ---
NAME      MEM USAGE / LIMIT   MEM %     NET I/O
nginx     859.7MiB / 2GiB     41.98%    383MB / 177MB
--- 01:06:49 ---
NAME      MEM USAGE / LIMIT   MEM %     NET I/O
nginx     839.3MiB / 2GiB     40.98%    387MB / 178MB
--- 01:06:52 ---
NAME      MEM USAGE / LIMIT   MEM %     NET I/O
nginx     829.1MiB / 2GiB     40.49%    392MB / 179MB
--- 01:06:55 ---
NAME      MEM USAGE / LIMIT   MEM %     NET I/O
nginx     819MiB / 2GiB       39.99%    395MB / 180MB
--- 01:06:58 ---
NAME      MEM USAGE / LIMIT   MEM %     NET I/O
nginx     807.9MiB / 2GiB     39.45%    399MB / 180MB
--- 01:07:01 ---
NAME      MEM USAGE / LIMIT   MEM %     NET I/O
nginx     828.1MiB / 2GiB     40.44%    402MB / 182MB
--- 01:07:05 ---
NAME      MEM USAGE / LIMIT   MEM %     NET I/O
nginx     829.8MiB / 2GiB     40.52%    404MB / 183MB
--- 01:07:08 ---
NAME      MEM USAGE / LIMIT   MEM %     NET I/O
nginx     833.2MiB / 2GiB     40.68%    407MB / 184MB
--- 01:07:11 ---
NAME      MEM USAGE / LIMIT   MEM %     NET I/O
nginx     829.3MiB / 2GiB     40.49%    412MB / 187MB
--- 01:07:14 ---
NAME      MEM USAGE / LIMIT   MEM %     NET I/O
nginx     814.6MiB / 2GiB     39.78%    416MB / 188MB
--- 01:07:17 ---
NAME      MEM USAGE / LIMIT   MEM %     NET I/O
nginx     826.7MiB / 2GiB     40.36%    421MB / 190MB
--- 01:07:20 ---
NAME      MEM USAGE / LIMIT   MEM %     NET I/O
nginx     812.2MiB / 2GiB     39.66%    425MB / 192MB
--- 01:07:23 ---
NAME      MEM USAGE / LIMIT   MEM %     NET I/O
nginx     837.2MiB / 2GiB     40.88%    430MB / 194MB
--- 01:07:26 ---
NAME      MEM USAGE / LIMIT   MEM %     NET I/O
nginx     834.3MiB / 2GiB     40.74%    433MB / 195MB
--- 01:07:29 ---
NAME      MEM USAGE / LIMIT   MEM %     NET I/O
nginx     815.4MiB / 2GiB     39.82%    436MB / 196MB
--- 01:07:32 ---
NAME      MEM USAGE / LIMIT   MEM %     NET I/O
nginx     807.9MiB / 2GiB     39.45%    440MB / 197MB
--- 01:07:35 ---
NAME      MEM USAGE / LIMIT   MEM %     NET I/O
nginx     788.4MiB / 2GiB     38.50%    444MB / 198MB
--- 01:07:38 ---
NAME      MEM USAGE / LIMIT   MEM %     NET I/O
nginx     777.5MiB / 2GiB     37.97%    447MB / 199MB
--- 01:07:41 ---
NAME      MEM USAGE / LIMIT   MEM %     NET I/O
nginx     810.3MiB / 2GiB     39.56%    455MB / 201MB
--- 01:07:44 ---
NAME      MEM USAGE / LIMIT   MEM %     NET I/O
nginx     801.3MiB / 2GiB     39.12%    459MB / 201MB
--- 01:07:47 ---
NAME      MEM USAGE / LIMIT   MEM %     NET I/O
nginx     755.8MiB / 2GiB     36.90%    467MB / 204MB
--- 01:07:50 ---
NAME      MEM USAGE / LIMIT   MEM %     NET I/O
nginx     779.6MiB / 2GiB     38.07%    471MB / 206MB
--- 01:07:53 ---
NAME      MEM USAGE / LIMIT   MEM %     NET I/O
nginx     781.4MiB / 2GiB     38.16%    473MB / 207MB
--- 01:07:56 ---
NAME      MEM USAGE / LIMIT   MEM %     NET I/O
nginx     798.1MiB / 2GiB     38.97%    476MB / 209MB
--- 01:07:59 ---
NAME      MEM USAGE / LIMIT   MEM %     NET I/O
nginx     800.5MiB / 2GiB     39.09%    477MB / 209MB
--- 01:08:02 ---
NAME      MEM USAGE / LIMIT   MEM %     NET I/O
nginx     846.6MiB / 2GiB     41.34%    482MB / 211MB
--- 01:08:06 ---
NAME      MEM USAGE / LIMIT   MEM %     NET I/O
nginx     856.3MiB / 2GiB     41.81%    485MB / 212MB
--- 01:08:09 ---
NAME      MEM USAGE / LIMIT   MEM %     NET I/O
nginx     838MiB / 2GiB       40.92%    489MB / 214MB
--- 01:08:12 ---
NAME      MEM USAGE / LIMIT   MEM %     NET I/O
nginx     849MiB / 2GiB       41.46%    491MB / 215MB
--- 01:08:15 ---
NAME      MEM USAGE / LIMIT   MEM %     NET I/O
nginx     881.6MiB / 2GiB     43.05%    495MB / 217MB
--- 01:08:18 ---
NAME      MEM USAGE / LIMIT   MEM %     NET I/O
nginx     893.6MiB / 2GiB     43.63%    497MB / 218MB
--- 01:08:21 ---
NAME      MEM USAGE / LIMIT   MEM %     NET I/O
nginx     915.8MiB / 2GiB     44.72%    503MB / 220MB
--- 01:08:24 ---
NAME      MEM USAGE / LIMIT   MEM %     NET I/O
nginx     887MiB / 2GiB       43.31%    506MB / 221MB
--- 01:08:27 ---
NAME      MEM USAGE / LIMIT   MEM %     NET I/O
nginx     870.7MiB / 2GiB     42.51%    510MB / 221MB
--- 01:08:30 ---
NAME      MEM USAGE / LIMIT   MEM %     NET I/O
nginx     850.1MiB / 2GiB     41.51%    513MB / 222MB
--- 01:08:32 ---
NAME      MEM USAGE / LIMIT   MEM %     NET I/O
nginx     843.6MiB / 2GiB     41.19%    516MB / 223MB
--- 01:08:35 ---
NAME      MEM USAGE / LIMIT   MEM %     NET I/O
nginx     822.7MiB / 2GiB     40.17%    519MB / 224MB
--- 01:08:38 ---
NAME      MEM USAGE / LIMIT   MEM %     NET I/O
nginx     811.7MiB / 2GiB     39.63%    522MB / 226MB
--- 01:08:41 ---
NAME      MEM USAGE / LIMIT   MEM %     NET I/O
nginx     829.5MiB / 2GiB     40.50%    524MB / 227MB
--- 01:08:44 ---
NAME      MEM USAGE / LIMIT   MEM %     NET I/O
nginx     849.4MiB / 2GiB     41.47%    526MB / 228MB
--- 01:08:47 ---
