[HNAME      CPU %     MEM USAGE / LIMIT   NET I/O
nginx     0.03%     14.89MiB / 256MiB   5.1kB / 3.48kB
backend   3.78%     139.3MiB / 512MiB   5.54kB / 2.01kB
[HNAME      CPU %     MEM USAGE / LIMIT   NET I/O [K
nginx     0.03%     14.89MiB / 256MiB   5.1kB / 3.48kB [K
backend   3.78%     139.3MiB / 512MiB   5.54kB / 2.01kB [K
 [K
[J[HNAME      CPU %     MEM USAGE / LIMIT   NET I/O
nginx     0.03%     14.89MiB / 256MiB   5.1kB / 3.48kB
backend   3.78%     139.3MiB / 512MiB   5.54kB / 2.01kB
[HNAME      CPU %     MEM USAGE / LIMIT   NET I/O [K
nginx     0.03%     14.89MiB / 256MiB   5.1kB / 3.48kB [K
backend   3.78%     139.3MiB / 512MiB   5.54kB / 2.01kB [K
 [K
[J[HNAME      CPU %     MEM USAGE / LIMIT   NET I/O
nginx     3.90%     15.96MiB / 256MiB   155kB / 137kB
backend   35.27%    144.1MiB / 512MiB   46.3kB / 57.7kB
[HNAME      CPU %     MEM USAGE / LIMIT   NET I/O [K
nginx     3.90%     15.96MiB / 256MiB   155kB / 137kB [K
backend   35.27%    144.1MiB / 512MiB   46.3kB / 57.7kB [K
 [K
[J[HNAME      CPU %     MEM USAGE / LIMIT   NET I/O
nginx     3.90%     15.96MiB / 256MiB   155kB / 137kB
backend   35.27%    144.1MiB / 512MiB   46.3kB / 57.7kB
[HNAME      CPU %     MEM USAGE / LIMIT   NET I/O [K
nginx     3.90%     15.96MiB / 256MiB   155kB / 137kB [K
backend   35.27%    144.1MiB / 512MiB   46.3kB / 57.7kB [K
 [K
[J[HNAME      CPU %     MEM USAGE / LIMIT   NET I/O
nginx     10.53%    16.46MiB / 256MiB   244kB / 221kB
backend   57.69%    148.3MiB / 512MiB   69.9kB / 110kB
[HNAME      CPU %     MEM USAGE / LIMIT   NET I/O [K
nginx     10.53%    16.46MiB / 256MiB   244kB / 221kB [K
backend   57.69%    148.3MiB / 512MiB   69.9kB / 110kB [K
 [K
[J[HNAME      CPU %     MEM USAGE / LIMIT   NET I/O
nginx     10.53%    16.46MiB / 256MiB   244kB / 221kB
backend   57.69%    148.3MiB / 512MiB   69.9kB / 110kB
[HNAME      CPU %     MEM USAGE / LIMIT   NET I/O [K
nginx     10.53%    16.46MiB / 256MiB   244kB / 221kB [K
backend   57.69%    148.3MiB / 512MiB   69.9kB / 110kB [K
 [K
[J[HNAME      CPU %     MEM USAGE / LIMIT   NET I/O
nginx     3.08%     15.97MiB / 256MiB   395kB / 365kB
backend   48.96%    150.7MiB / 512MiB   113kB / 199kB
[HNAME      CPU %     MEM USAGE / LIMIT   NET I/O [K
nginx     3.08%     15.97MiB / 256MiB   395kB / 365kB [K
backend   48.96%    150.7MiB / 512MiB   113kB / 199kB [K
 [K
[J[HNAME      CPU %     MEM USAGE / LIMIT   NET I/O
nginx     3.08%     15.97MiB / 256MiB   395kB / 365kB
backend   48.96%    150.7MiB / 512MiB   113kB / 199kB
[HNAME      CPU %     MEM USAGE / LIMIT   NET I/O [K
nginx     3.08%     15.97MiB / 256MiB   395kB / 365kB [K
backend   48.96%    150.7MiB / 512MiB   113kB / 199kB [K
 [K
[J[HNAME      CPU %     MEM USAGE / LIMIT   NET I/O
nginx     4.61%     16.73MiB / 256MiB   584kB / 547kB
backend   49.74%    155.6MiB / 512MiB   166kB / 310kB
[HNAME      CPU %     MEM USAGE / LIMIT   NET I/O [K
nginx     4.61%     16.73MiB / 256MiB   584kB / 547kB [K
backend   49.74%    155.6MiB / 512MiB   166kB / 310kB [K
 [K
[J[HNAME      CPU %     MEM USAGE / LIMIT   NET I/O
nginx     4.61%     16.73MiB / 256MiB   584kB / 547kB
backend   49.74%    155.6MiB / 512MiB   166kB / 310kB
[HNAME      CPU %     MEM USAGE / LIMIT   NET I/O [K
nginx     4.61%     16.73MiB / 256MiB   584kB / 547kB [K
backend   49.74%    155.6MiB / 512MiB   166kB / 310kB [K
 [K
[J[HNAME      CPU %     MEM USAGE / LIMIT   NET I/O
nginx     4.82%     15.98MiB / 256MiB   765kB / 720kB
backend   52.75%    156.5MiB / 512MiB   217kB / 418kB
[HNAME      CPU %     MEM USAGE / LIMIT   NET I/O [K
nginx     4.82%     15.98MiB / 256MiB   765kB / 720kB [K
backend   52.75%    156.5MiB / 512MiB   217kB / 418kB [K
 [K
[J[HNAME      CPU %     MEM USAGE / LIMIT   NET I/O
nginx     4.82%     15.98MiB / 256MiB   765kB / 720kB
backend   52.75%    156.5MiB / 512MiB   217kB / 418kB
[HNAME      CPU %     MEM USAGE / LIMIT   NET I/O [K
nginx     4.82%     15.98MiB / 256MiB   765kB / 720kB [K
backend   52.75%    156.5MiB / 512MiB   217kB / 418kB [K
 [K
[J[HNAME      CPU %     MEM USAGE / LIMIT   NET I/O
nginx     4.65%     16.05MiB / 256MiB   957kB / 905kB
backend   50.76%    156.7MiB / 512MiB   274kB / 532kB
[HNAME      CPU %     MEM USAGE / LIMIT   NET I/O [K
nginx     4.65%     16.05MiB / 256MiB   957kB / 905kB [K
backend   50.76%    156.7MiB / 512MiB   274kB / 532kB [K
 [K
[J[HNAME      CPU %     MEM USAGE / LIMIT   NET I/O
nginx     4.65%     16.05MiB / 256MiB   957kB / 905kB
backend   50.76%    156.7MiB / 512MiB   274kB / 532kB
[HNAME      CPU %     MEM USAGE / LIMIT   NET I/O [K
nginx     4.65%     16.05MiB / 256MiB   957kB / 905kB [K
backend   50.76%    156.7MiB / 512MiB   274kB / 532kB [K
 [K
[J[HNAME      CPU %     MEM USAGE / LIMIT   NET I/O
nginx     4.88%     16.03MiB / 256MiB   1.13MB / 1.07MB
backend   49.83%    157.4MiB / 512MiB   322kB / 635kB
[HNAME      CPU %     MEM USAGE / LIMIT   NET I/O [K
nginx     4.88%     16.03MiB / 256MiB   1.13MB / 1.07MB [K
backend   49.83%    157.4MiB / 512MiB   322kB / 635kB [K
 [K
[J[HNAME      CPU %     MEM USAGE / LIMIT   NET I/O
nginx     4.88%     16.03MiB / 256MiB   1.13MB / 1.07MB
backend   49.83%    157.4MiB / 512MiB   322kB / 635kB
[HNAME      CPU %     MEM USAGE / LIMIT   NET I/O [K
nginx     4.88%     16.03MiB / 256MiB   1.13MB / 1.07MB [K
backend   49.83%    157.4MiB / 512MiB   322kB / 635kB [K
 [K
[J[HNAME      CPU %     MEM USAGE / LIMIT   NET I/O
nginx     4.89%     16.05MiB / 256MiB   1.31MB / 1.25MB
backend   49.36%    157.6MiB / 512MiB   378kB / 742kB
[HNAME      CPU %     MEM USAGE / LIMIT   NET I/O [K
nginx     4.89%     16.05MiB / 256MiB   1.31MB / 1.25MB [K
backend   49.36%    157.6MiB / 512MiB   378kB / 742kB [K
 [K
[J[HNAME      CPU %     MEM USAGE / LIMIT   NET I/O
nginx     4.89%     16.05MiB / 256MiB   1.31MB / 1.25MB
backend   49.36%    157.6MiB / 512MiB   378kB / 742kB
[HNAME      CPU %     MEM USAGE / LIMIT   NET I/O [K
nginx     4.89%     16.05MiB / 256MiB   1.31MB / 1.25MB [K
backend   49.36%    157.6MiB / 512MiB   378kB / 742kB [K
 [K
[J[HNAME      CPU %     MEM USAGE / LIMIT   NET I/O
nginx     5.13%     16.09MiB / 256MiB   1.49MB / 1.42MB
backend   50.17%    158.2MiB / 512MiB   435kB / 850kB
[HNAME      CPU %     MEM USAGE / LIMIT   NET I/O [K
nginx     5.13%     16.09MiB / 256MiB   1.49MB / 1.42MB [K
backend   50.17%    158.2MiB / 512MiB   435kB / 850kB [K
 [K
[J[HNAME      CPU %     MEM USAGE / LIMIT   NET I/O
nginx     5.13%     16.09MiB / 256MiB   1.49MB / 1.42MB
backend   50.17%    158.2MiB / 512MiB   435kB / 850kB
[HNAME      CPU %     MEM USAGE / LIMIT   NET I/O [K
nginx     5.13%     16.09MiB / 256MiB   1.49MB / 1.42MB [K
backend   50.17%    158.2MiB / 512MiB   435kB / 850kB [K
 [K
[J[HNAME      CPU %     MEM USAGE / LIMIT   NET I/O
nginx     5.49%     16.3MiB / 256MiB    1.72MB / 1.64MB
backend   49.72%    158.3MiB / 512MiB   502kB / 984kB
[HNAME      CPU %     MEM USAGE / LIMIT   NET I/O [K
nginx     5.49%     16.3MiB / 256MiB    1.72MB / 1.64MB [K
backend   49.72%    158.3MiB / 512MiB   502kB / 984kB [K
 [K
[J[HNAME      CPU %     MEM USAGE / LIMIT   NET I/O
nginx     5.49%     16.3MiB / 256MiB    1.72MB / 1.64MB
backend   49.72%    158.3MiB / 512MiB   502kB / 984kB
[HNAME      CPU %     MEM USAGE / LIMIT   NET I/O [K
nginx     5.49%     16.3MiB / 256MiB    1.72MB / 1.64MB [K
backend   49.72%    158.3MiB / 512MiB   502kB / 984kB [K
 [K
[J[HNAME      CPU %     MEM USAGE / LIMIT   NET I/O
nginx     6.23%     16.44MiB / 256MiB   1.99MB / 1.89MB
backend   50.21%    159MiB / 512MiB     573kB / 1.12MB
[HNAME      CPU %     MEM USAGE / LIMIT   NET I/O [K
nginx     6.23%     16.44MiB / 256MiB   1.99MB / 1.89MB [K
backend   50.21%    159MiB / 512MiB     573kB / 1.12MB [K
 [K
[J[HNAME      CPU %     MEM USAGE / LIMIT   NET I/O
nginx     6.23%     16.44MiB / 256MiB   1.99MB / 1.89MB
backend   50.21%    159MiB / 512MiB     573kB / 1.12MB
[HNAME      CPU %     MEM USAGE / LIMIT   NET I/O [K
nginx     6.23%     16.44MiB / 256MiB   1.99MB / 1.89MB [K
backend   50.21%    159MiB / 512MiB     573kB / 1.12MB [K
 [K
[J[HNAME      CPU %     MEM USAGE / LIMIT   NET I/O
nginx     4.80%     16.1MiB / 256MiB    2.18MB / 2.08MB
backend   49.92%    162.4MiB / 512MiB   630kB / 1.24MB
[HNAME      CPU %     MEM USAGE / LIMIT   NET I/O [K
nginx     4.80%     16.1MiB / 256MiB    2.18MB / 2.08MB [K
backend   49.92%    162.4MiB / 512MiB   630kB / 1.24MB [K
 [K
[J[HNAME      CPU %     MEM USAGE / LIMIT   NET I/O
nginx     4.80%     16.1MiB / 256MiB    2.18MB / 2.08MB
backend   49.92%    162.4MiB / 512MiB   630kB / 1.24MB
[HNAME      CPU %     MEM USAGE / LIMIT   NET I/O [K
nginx     4.80%     16.1MiB / 256MiB    2.18MB / 2.08MB [K
backend   49.92%    162.4MiB / 512MiB   630kB / 1.24MB [K
 [K
[J[HNAME      CPU %     MEM USAGE / LIMIT   NET I/O
nginx     5.42%     16.09MiB / 256MiB   2.4MB / 2.29MB
backend   50.04%    162.8MiB / 512MiB   700kB / 1.36MB
[HNAME      CPU %     MEM USAGE / LIMIT   NET I/O [K
nginx     5.42%     16.09MiB / 256MiB   2.4MB / 2.29MB [K
backend   50.04%    162.8MiB / 512MiB   700kB / 1.36MB [K
 [K
[J[HNAME      CPU %     MEM USAGE / LIMIT   NET I/O
nginx     5.42%     16.09MiB / 256MiB   2.4MB / 2.29MB
backend   50.04%    162.8MiB / 512MiB   700kB / 1.36MB
[HNAME      CPU %     MEM USAGE / LIMIT   NET I/O [K
nginx     5.42%     16.09MiB / 256MiB   2.4MB / 2.29MB [K
backend   50.04%    162.8MiB / 512MiB   700kB / 1.36MB [K
 [K
[J[HNAME      CPU %     MEM USAGE / LIMIT   NET I/O
nginx     6.34%     16.83MiB / 256MiB   2.67MB / 2.56MB
backend   49.81%    163.5MiB / 512MiB   796kB / 1.53MB
[HNAME      CPU %     MEM USAGE / LIMIT   NET I/O [K
nginx     6.34%     16.83MiB / 256MiB   2.67MB / 2.56MB [K
backend   49.81%    163.5MiB / 512MiB   796kB / 1.53MB [K
 [K
[J[HNAME      CPU %     MEM USAGE / LIMIT   NET I/O
nginx     6.34%     16.83MiB / 256MiB   2.67MB / 2.56MB
backend   49.81%    163.5MiB / 512MiB   796kB / 1.53MB
[HNAME      CPU %     MEM USAGE / LIMIT   NET I/O [K
nginx     6.34%     16.83MiB / 256MiB   2.67MB / 2.56MB [K
backend   49.81%    163.5MiB / 512MiB   796kB / 1.53MB [K
 [K
[J[HNAME      CPU %     MEM USAGE / LIMIT   NET I/O
nginx     7.34%     16.17MiB / 256MiB   3MB / 2.9MB
backend   50.15%    164.4MiB / 512MiB   924kB / 1.73MB
[HNAME      CPU %     MEM USAGE / LIMIT   NET I/O [K
nginx     7.34%     16.17MiB / 256MiB   3MB / 2.9MB [K
backend   50.15%    164.4MiB / 512MiB   924kB / 1.73MB [K
 [K
[J[HNAME      CPU %     MEM USAGE / LIMIT   NET I/O
nginx     7.34%     16.17MiB / 256MiB   3MB / 2.9MB
backend   50.15%    164.4MiB / 512MiB   924kB / 1.73MB
[HNAME      CPU %     MEM USAGE / LIMIT   NET I/O [K
nginx     7.34%     16.17MiB / 256MiB   3MB / 2.9MB [K
backend   50.15%    164.4MiB / 512MiB   924kB / 1.73MB [K
 [K
[J[HNAME      CPU %     MEM USAGE / LIMIT   NET I/O
nginx     10.07%    16.24MiB / 256MiB   3.55MB / 3.54MB
backend   49.62%    165.2MiB / 512MiB   1.1MB / 2MB
[HNAME      CPU %     MEM USAGE / LIMIT   NET I/O [K
nginx     10.07%    16.24MiB / 256MiB   3.55MB / 3.54MB [K
backend   49.62%    165.2MiB / 512MiB   1.1MB / 2MB [K
 [K
[J[HNAME      CPU %     MEM USAGE / LIMIT   NET I/O
nginx     10.07%    16.24MiB / 256MiB   3.55MB / 3.54MB
backend   49.62%    165.2MiB / 512MiB   1.1MB / 2MB
[HNAME      CPU %     MEM USAGE / LIMIT   NET I/O [K
nginx     10.07%    16.24MiB / 256MiB   3.55MB / 3.54MB [K
backend   49.62%    165.2MiB / 512MiB   1.1MB / 2MB [K
 [K
[J[HNAME      CPU %     MEM USAGE / LIMIT   NET I/O
nginx     9.10%     16.36MiB / 256MiB   4.17MB / 4.17MB
backend   50.16%    168MiB / 512MiB     1.33MB / 2.36MB
[HNAME      CPU %     MEM USAGE / LIMIT   NET I/O [K
nginx     9.10%     16.36MiB / 256MiB   4.17MB / 4.17MB [K
backend   50.16%    168MiB / 512MiB     1.33MB / 2.36MB [K
 [K
[J[HNAME      CPU %     MEM USAGE / LIMIT   NET I/O
nginx     9.10%     16.36MiB / 256MiB   4.17MB / 4.17MB
backend   50.16%    168MiB / 512MiB     1.33MB / 2.36MB
[HNAME      CPU %     MEM USAGE / LIMIT   NET I/O [K
nginx     9.10%     16.36MiB / 256MiB   4.17MB / 4.17MB [K
backend   50.16%    168MiB / 512MiB     1.33MB / 2.36MB [K
 [K
[J[HNAME      CPU %     MEM USAGE / LIMIT   NET I/O
nginx     10.79%    16.87MiB / 256MiB   4.63MB / 4.65MB
backend   49.20%    174.4MiB / 512MiB   1.51MB / 2.64MB
[HNAME      CPU %     MEM USAGE / LIMIT   NET I/O [K
nginx     10.79%    16.87MiB / 256MiB   4.63MB / 4.65MB [K
backend   49.20%    174.4MiB / 512MiB   1.51MB / 2.64MB [K
 [K
[J[HNAME      CPU %     MEM USAGE / LIMIT   NET I/O
nginx     10.79%    16.87MiB / 256MiB   4.63MB / 4.65MB
backend   49.20%    174.4MiB / 512MiB   1.51MB / 2.64MB
[HNAME      CPU %     MEM USAGE / LIMIT   NET I/O [K
nginx     10.79%    16.87MiB / 256MiB   4.63MB / 4.65MB [K
backend   49.20%    174.4MiB / 512MiB   1.51MB / 2.64MB [K
 [K
[J[HNAME      CPU %     MEM USAGE / LIMIT   NET I/O
nginx     10.61%    16.86MiB / 256MiB   5.21MB / 5.23MB
backend   53.34%    172.3MiB / 512MiB   1.72MB / 2.99MB
[HNAME      CPU %     MEM USAGE / LIMIT   NET I/O [K
nginx     10.61%    16.86MiB / 256MiB   5.21MB / 5.23MB [K
backend   53.34%    172.3MiB / 512MiB   1.72MB / 2.99MB [K
 [K
[J[HNAME      CPU %     MEM USAGE / LIMIT   NET I/O
nginx     10.61%    16.86MiB / 256MiB   5.21MB / 5.23MB
backend   53.34%    172.3MiB / 512MiB   1.72MB / 2.99MB
[HNAME      CPU %     MEM USAGE / LIMIT   NET I/O [K
nginx     10.61%    16.86MiB / 256MiB   5.21MB / 5.23MB [K
backend   53.34%    172.3MiB / 512MiB   1.72MB / 2.99MB [K
 [K
[J[HNAME      CPU %     MEM USAGE / LIMIT   NET I/O
nginx     10.72%    16.59MiB / 256MiB   5.87MB / 5.9MB
backend   51.44%    172.3MiB / 512MiB   1.96MB / 3.37MB
[HNAME      CPU %     MEM USAGE / LIMIT   NET I/O [K
nginx     10.72%    16.59MiB / 256MiB   5.87MB / 5.9MB [K
backend   51.44%    172.3MiB / 512MiB   1.96MB / 3.37MB [K
 [K
[J[HNAME      CPU %     MEM USAGE / LIMIT   NET I/O
nginx     10.72%    16.59MiB / 256MiB   5.87MB / 5.9MB
backend   51.44%    172.3MiB / 512MiB   1.96MB / 3.37MB
[HNAME      CPU %     MEM USAGE / LIMIT   NET I/O [K
nginx     10.72%    16.59MiB / 256MiB   5.87MB / 5.9MB [K
backend   51.44%    172.3MiB / 512MiB   1.96MB / 3.37MB [K
 [K
[J[HNAME      CPU %     MEM USAGE / LIMIT   NET I/O
nginx     9.68%     16.58MiB / 256MiB   6.41MB / 6.46MB
backend   49.94%    172.6MiB / 512MiB   2.19MB / 3.7MB
[HNAME      CPU %     MEM USAGE / LIMIT   NET I/O [K
nginx     9.68%     16.58MiB / 256MiB   6.41MB / 6.46MB [K
backend   49.94%    172.6MiB / 512MiB   2.19MB / 3.7MB [K
 [K
[J[HNAME      CPU %     MEM USAGE / LIMIT   NET I/O
nginx     9.68%     16.58MiB / 256MiB   6.41MB / 6.46MB
backend   49.94%    172.6MiB / 512MiB   2.19MB / 3.7MB
[HNAME      CPU %     MEM USAGE / LIMIT   NET I/O [K
nginx     9.68%     16.58MiB / 256MiB   6.41MB / 6.46MB [K
backend   49.94%    172.6MiB / 512MiB   2.19MB / 3.7MB [K
 [K
[J[HNAME      CPU %     MEM USAGE / LIMIT   NET I/O
nginx     9.59%     16.98MiB / 256MiB   6.96MB / 7.03MB
backend   49.62%    172.3MiB / 512MiB   2.41MB / 4.03MB
[HNAME      CPU %     MEM USAGE / LIMIT   NET I/O [K
nginx     9.59%     16.98MiB / 256MiB   6.96MB / 7.03MB [K
backend   49.62%    172.3MiB / 512MiB   2.41MB / 4.03MB [K
 [K
[J[HNAME      CPU %     MEM USAGE / LIMIT   NET I/O
nginx     9.59%     16.98MiB / 256MiB   6.96MB / 7.03MB
backend   49.62%    172.3MiB / 512MiB   2.41MB / 4.03MB
[HNAME      CPU %     MEM USAGE / LIMIT   NET I/O [K
nginx     9.59%     16.98MiB / 256MiB   6.96MB / 7.03MB [K
backend   49.62%    172.3MiB / 512MiB   2.41MB / 4.03MB [K
 [K
[J[HNAME      CPU %     MEM USAGE / LIMIT   NET I/O
nginx     10.12%    16.75MiB / 256MiB   7.53MB / 7.61MB
backend   50.03%    172.7MiB / 512MiB   2.63MB / 4.37MB
[HNAME      CPU %     MEM USAGE / LIMIT   NET I/O [K
nginx     10.12%    16.75MiB / 256MiB   7.53MB / 7.61MB [K
backend   50.03%    172.7MiB / 512MiB   2.63MB / 4.37MB [K
 [K
[J[HNAME      CPU %     MEM USAGE / LIMIT   NET I/O
nginx     10.12%    16.75MiB / 256MiB   7.53MB / 7.61MB
backend   50.03%    172.7MiB / 512MiB   2.63MB / 4.37MB
[HNAME      CPU %     MEM USAGE / LIMIT   NET I/O [K
nginx     10.12%    16.75MiB / 256MiB   7.53MB / 7.61MB [K
backend   50.03%    172.7MiB / 512MiB   2.63MB / 4.37MB [K
 [K
[J[HNAME      CPU %     MEM USAGE / LIMIT   NET I/O
nginx     12.32%    16.86MiB / 256MiB   8.61MB / 8.69MB
backend   50.15%    172.9MiB / 512MiB   3.03MB / 4.99MB
[HNAME      CPU %     MEM USAGE / LIMIT   NET I/O [K
nginx     12.32%    16.86MiB / 256MiB   8.61MB / 8.69MB [K
backend   50.15%    172.9MiB / 512MiB   3.03MB / 4.99MB [K
 [K
[J[HNAME      CPU %     MEM USAGE / LIMIT   NET I/O
nginx     12.32%    16.86MiB / 256MiB   8.61MB / 8.69MB
backend   50.15%    172.9MiB / 512MiB   3.03MB / 4.99MB
[HNAME      CPU %     MEM USAGE / LIMIT   NET I/O [K
nginx     12.32%    16.86MiB / 256MiB   8.61MB / 8.69MB [K
backend   50.15%    172.9MiB / 512MiB   3.03MB / 4.99MB [K
 [K
[J[HNAME      CPU %     MEM USAGE / LIMIT   NET I/O
nginx     12.38%    16.96MiB / 256MiB   9.21MB / 9.32MB
backend   49.99%    173.3MiB / 512MiB   3.27MB / 5.35MB
[HNAME      CPU %     MEM USAGE / LIMIT   NET I/O [K
nginx     12.38%    16.96MiB / 256MiB   9.21MB / 9.32MB [K
backend   49.99%    173.3MiB / 512MiB   3.27MB / 5.35MB [K
 [K
[J[HNAME      CPU %     MEM USAGE / LIMIT   NET I/O
nginx     12.38%    16.96MiB / 256MiB   9.21MB / 9.32MB
backend   49.99%    173.3MiB / 512MiB   3.27MB / 5.35MB
[HNAME      CPU %     MEM USAGE / LIMIT   NET I/O [K
nginx     12.38%    16.96MiB / 256MiB   9.21MB / 9.32MB [K
backend   49.99%    173.3MiB / 512MiB   3.27MB / 5.35MB [K
 [K
[J[HNAME      CPU %     MEM USAGE / LIMIT   NET I/O
nginx     9.64%     17.04MiB / 256MiB   10.1MB / 10.2MB
backend   50.45%    174.7MiB / 512MiB   3.59MB / 5.83MB
[HNAME      CPU %     MEM USAGE / LIMIT   NET I/O [K
nginx     9.64%     17.04MiB / 256MiB   10.1MB / 10.2MB [K
backend   50.45%    174.7MiB / 512MiB   3.59MB / 5.83MB [K
 [K
[J[HNAME      CPU %     MEM USAGE / LIMIT   NET I/O
nginx     9.64%     17.04MiB / 256MiB   10.1MB / 10.2MB
backend   50.45%    174.7MiB / 512MiB   3.59MB / 5.83MB
[HNAME      CPU %     MEM USAGE / LIMIT   NET I/O [K
nginx     9.64%     17.04MiB / 256MiB   10.1MB / 10.2MB [K
backend   50.45%    174.7MiB / 512MiB   3.59MB / 5.83MB [K
 [K
[J[HNAME      CPU %     MEM USAGE / LIMIT   NET I/O
nginx     10.33%    17.22MiB / 256MiB   10.7MB / 10.8MB
backend   49.91%    178.3MiB / 512MiB   3.82MB / 6.17MB
[HNAME      CPU %     MEM USAGE / LIMIT   NET I/O [K
nginx     10.33%    17.22MiB / 256MiB   10.7MB / 10.8MB [K
backend   49.91%    178.3MiB / 512MiB   3.82MB / 6.17MB [K
 [K
[J[HNAME      CPU %     MEM USAGE / LIMIT   NET I/O
nginx     10.33%    17.22MiB / 256MiB   10.7MB / 10.8MB
backend   49.91%    178.3MiB / 512MiB   3.82MB / 6.17MB
[HNAME      CPU %     MEM USAGE / LIMIT   NET I/O [K
nginx     10.33%    17.22MiB / 256MiB   10.7MB / 10.8MB [K
backend   49.91%    178.3MiB / 512MiB   3.82MB / 6.17MB [K
 [K
[J[HNAME      CPU %     MEM USAGE / LIMIT   NET I/O
nginx     11.97%    16.97MiB / 256MiB   11.3MB / 11.4MB
backend   49.72%    178.6MiB / 512MiB   4.07MB / 6.55MB
[HNAME      CPU %     MEM USAGE / LIMIT   NET I/O [K
nginx     11.97%    16.97MiB / 256MiB   11.3MB / 11.4MB [K
backend   49.72%    178.6MiB / 512MiB   4.07MB / 6.55MB [K
 [K
[J[HNAME      CPU %     MEM USAGE / LIMIT   NET I/O
nginx     11.97%    16.97MiB / 256MiB   11.3MB / 11.4MB
backend   49.72%    178.6MiB / 512MiB   4.07MB / 6.55MB
[HNAME      CPU %     MEM USAGE / LIMIT   NET I/O [K
nginx     11.97%    16.97MiB / 256MiB   11.3MB / 11.4MB [K
backend   49.72%    178.6MiB / 512MiB   4.07MB / 6.55MB [K
 [K
[J[HNAME      CPU %     MEM USAGE / LIMIT   NET I/O
nginx     12.06%    17.03MiB / 256MiB   11.9MB / 12.1MB
backend   49.98%    181.3MiB / 512MiB   4.32MB / 6.92MB
[HNAME      CPU %     MEM USAGE / LIMIT   NET I/O [K
nginx     12.06%    17.03MiB / 256MiB   11.9MB / 12.1MB [K
backend   49.98%    181.3MiB / 512MiB   4.32MB / 6.92MB [K
 [K
[J[HNAME      CPU %     MEM USAGE / LIMIT   NET I/O
nginx     12.06%    17.03MiB / 256MiB   11.9MB / 12.1MB
backend   49.98%    181.3MiB / 512MiB   4.32MB / 6.92MB
[HNAME      CPU %     MEM USAGE / LIMIT   NET I/O [K
nginx     12.06%    17.03MiB / 256MiB   11.9MB / 12.1MB [K
backend   49.98%    181.3MiB / 512MiB   4.32MB / 6.92MB [K
 [K
[J