[HNAME      CPU %     MEM USAGE / LIMIT   NET I/O
nginx     0.01%     2.785MiB / 256MiB   2.06kB / 685B
backend   0.83%     100.8MiB / 512MiB   1.87kB / 126B
[HNAME      CPU %     MEM USAGE / LIMIT   NET I/O [K
nginx     0.01%     2.785MiB / 256MiB   2.06kB / 685B [K
backend   0.83%     100.8MiB / 512MiB   1.87kB / 126B [K
 [K
[J[HNAME      CPU %     MEM USAGE / LIMIT   NET I/O
nginx     0.01%     2.785MiB / 256MiB   2.06kB / 685B
backend   0.83%     100.8MiB / 512MiB   1.87kB / 126B
[HNAME      CPU %     MEM USAGE / LIMIT   NET I/O [K
nginx     0.01%     2.785MiB / 256MiB   2.06kB / 685B [K
backend   0.83%     100.8MiB / 512MiB   1.87kB / 126B [K
 [K
[J[HNAME      CPU %     MEM USAGE / LIMIT   NET I/O
nginx     2.40%     4.336MiB / 256MiB   41.3kB / 38.6kB
backend   40.05%    123.5MiB / 512MiB   26.4kB / 13kB
[HNAME      CPU %     MEM USAGE / LIMIT   NET I/O [K
nginx     2.40%     4.336MiB / 256MiB   41.3kB / 38.6kB [K
backend   40.05%    123.5MiB / 512MiB   26.4kB / 13kB [K
 [K
[J[HNAME      CPU %     MEM USAGE / LIMIT   NET I/O
nginx     2.40%     4.336MiB / 256MiB   41.3kB / 38.6kB
backend   40.05%    123.5MiB / 512MiB   26.4kB / 13kB
[HNAME      CPU %     MEM USAGE / LIMIT   NET I/O [K
nginx     2.40%     4.336MiB / 256MiB   41.3kB / 38.6kB [K
backend   40.05%    123.5MiB / 512MiB   26.4kB / 13kB [K
 [K
[J[HNAME      CPU %     MEM USAGE / LIMIT   NET I/O
nginx     3.43%     4.484MiB / 256MiB   143kB / 138kB
backend   50.33%    135.5MiB / 512MiB   58kB / 71.2kB
[HNAME      CPU %     MEM USAGE / LIMIT   NET I/O [K
nginx     3.43%     4.484MiB / 256MiB   143kB / 138kB [K
backend   50.33%    135.5MiB / 512MiB   58kB / 71.2kB [K
 [K
[J[HNAME      CPU %     MEM USAGE / LIMIT   NET I/O
nginx     3.43%     4.484MiB / 256MiB   143kB / 138kB
backend   50.33%    135.5MiB / 512MiB   58kB / 71.2kB
[HNAME      CPU %     MEM USAGE / LIMIT   NET I/O [K
nginx     3.43%     4.484MiB / 256MiB   143kB / 138kB [K
backend   50.33%    135.5MiB / 512MiB   58kB / 71.2kB [K
 [K
[J[HNAME      CPU %     MEM USAGE / LIMIT   NET I/O
nginx     4.34%     4.484MiB / 256MiB   303kB / 293kB
backend   49.41%    137.8MiB / 512MiB   104kB / 166kB
[HNAME      CPU %     MEM USAGE / LIMIT   NET I/O [K
nginx     4.34%     4.484MiB / 256MiB   303kB / 293kB [K
backend   49.41%    137.8MiB / 512MiB   104kB / 166kB [K
 [K
[J[HNAME      CPU %     MEM USAGE / LIMIT   NET I/O
nginx     4.34%     4.484MiB / 256MiB   303kB / 293kB
backend   49.41%    137.8MiB / 512MiB   104kB / 166kB
[HNAME      CPU %     MEM USAGE / LIMIT   NET I/O [K
nginx     4.34%     4.484MiB / 256MiB   303kB / 293kB [K
backend   49.41%    137.8MiB / 512MiB   104kB / 166kB [K
 [K
[J[HNAME      CPU %     MEM USAGE / LIMIT   NET I/O
nginx     4.55%     4.543MiB / 256MiB   421kB / 406kB
backend   50.07%    138.1MiB / 512MiB   137kB / 235kB
[HNAME      CPU %     MEM USAGE / LIMIT   NET I/O [K
nginx     4.55%     4.543MiB / 256MiB   421kB / 406kB [K
backend   50.07%    138.1MiB / 512MiB   137kB / 235kB [K
 [K
[J[HNAME      CPU %     MEM USAGE / LIMIT   NET I/O
nginx     4.55%     4.543MiB / 256MiB   421kB / 406kB
backend   50.07%    138.1MiB / 512MiB   137kB / 235kB
[HNAME      CPU %     MEM USAGE / LIMIT   NET I/O [K
nginx     4.55%     4.543MiB / 256MiB   421kB / 406kB [K
backend   50.07%    138.1MiB / 512MiB   137kB / 235kB [K
 [K
[J[HNAME      CPU %     MEM USAGE / LIMIT   NET I/O
nginx     4.61%     4.52MiB / 256MiB    575kB / 555kB
backend   49.72%    138.2MiB / 512MiB   183kB / 326kB
[HNAME      CPU %     MEM USAGE / LIMIT   NET I/O [K
nginx     4.61%     4.52MiB / 256MiB    575kB / 555kB [K
backend   49.72%    138.2MiB / 512MiB   183kB / 326kB [K
 [K
[J[HNAME      CPU %     MEM USAGE / LIMIT   NET I/O
nginx     4.61%     4.52MiB / 256MiB    575kB / 555kB
backend   49.72%    138.2MiB / 512MiB   183kB / 326kB
[HNAME      CPU %     MEM USAGE / LIMIT   NET I/O [K
nginx     4.61%     4.52MiB / 256MiB    575kB / 555kB [K
backend   49.72%    138.2MiB / 512MiB   183kB / 326kB [K
 [K
[J[HNAME      CPU %     MEM USAGE / LIMIT   NET I/O
nginx     3.63%     4.789MiB / 256MiB   723kB / 698kB
backend   50.66%    138.4MiB / 512MiB   222kB / 412kB
[HNAME      CPU %     MEM USAGE / LIMIT   NET I/O [K
nginx     3.63%     4.789MiB / 256MiB   723kB / 698kB [K
backend   50.66%    138.4MiB / 512MiB   222kB / 412kB [K
 [K
[J[HNAME      CPU %     MEM USAGE / LIMIT   NET I/O
nginx     3.63%     4.789MiB / 256MiB   723kB / 698kB
backend   50.66%    138.4MiB / 512MiB   222kB / 412kB
[HNAME      CPU %     MEM USAGE / LIMIT   NET I/O [K
nginx     3.63%     4.789MiB / 256MiB   723kB / 698kB [K
backend   50.66%    138.4MiB / 512MiB   222kB / 412kB [K
 [K
[J[HNAME      CPU %     MEM USAGE / LIMIT   NET I/O
nginx     4.20%     4.496MiB / 256MiB   872kB / 839kB
backend   54.28%    138.8MiB / 512MiB   263kB / 500kB
[HNAME      CPU %     MEM USAGE / LIMIT   NET I/O [K
nginx     4.20%     4.496MiB / 256MiB   872kB / 839kB [K
backend   54.28%    138.8MiB / 512MiB   263kB / 500kB [K
 [K
[J[HNAME      CPU %     MEM USAGE / LIMIT   NET I/O
nginx     4.20%     4.496MiB / 256MiB   872kB / 839kB
backend   54.28%    138.8MiB / 512MiB   263kB / 500kB
[HNAME      CPU %     MEM USAGE / LIMIT   NET I/O [K
nginx     4.20%     4.496MiB / 256MiB   872kB / 839kB [K
backend   54.28%    138.8MiB / 512MiB   263kB / 500kB [K
 [K
[J[HNAME      CPU %     MEM USAGE / LIMIT   NET I/O
nginx     4.79%     4.52MiB / 256MiB    1.06MB / 1.02MB
backend   49.56%    140.1MiB / 512MiB   321kB / 612kB
[HNAME      CPU %     MEM USAGE / LIMIT   NET I/O [K
nginx     4.79%     4.52MiB / 256MiB    1.06MB / 1.02MB [K
backend   49.56%    140.1MiB / 512MiB   321kB / 612kB [K
 [K
[J[HNAME      CPU %     MEM USAGE / LIMIT   NET I/O
nginx     4.79%     4.52MiB / 256MiB    1.06MB / 1.02MB
backend   49.56%    140.1MiB / 512MiB   321kB / 612kB
[HNAME      CPU %     MEM USAGE / LIMIT   NET I/O [K
nginx     4.79%     4.52MiB / 256MiB    1.06MB / 1.02MB [K
backend   49.56%    140.1MiB / 512MiB   321kB / 612kB [K
 [K
[J[HNAME      CPU %     MEM USAGE / LIMIT   NET I/O
nginx     3.71%     4.504MiB / 256MiB   1.22MB / 1.17MB
backend   50.48%    140.3MiB / 512MiB   366kB / 707kB
[HNAME      CPU %     MEM USAGE / LIMIT   NET I/O [K
nginx     3.71%     4.504MiB / 256MiB   1.22MB / 1.17MB [K
backend   50.48%    140.3MiB / 512MiB   366kB / 707kB [K
 [K
[J[HNAME      CPU %     MEM USAGE / LIMIT   NET I/O
nginx     3.71%     4.504MiB / 256MiB   1.22MB / 1.17MB
backend   50.48%    140.3MiB / 512MiB   366kB / 707kB
[HNAME      CPU %     MEM USAGE / LIMIT   NET I/O [K
nginx     3.71%     4.504MiB / 256MiB   1.22MB / 1.17MB [K
backend   50.48%    140.3MiB / 512MiB   366kB / 707kB [K
 [K
[J[HNAME      CPU %     MEM USAGE / LIMIT   NET I/O
nginx     5.36%     4.676MiB / 256MiB   1.41MB / 1.35MB
backend   49.99%    140.4MiB / 512MiB   416kB / 817kB
[HNAME      CPU %     MEM USAGE / LIMIT   NET I/O [K
nginx     5.36%     4.676MiB / 256MiB   1.41MB / 1.35MB [K
backend   49.99%    140.4MiB / 512MiB   416kB / 817kB [K
 [K
[J[HNAME      CPU %     MEM USAGE / LIMIT   NET I/O
nginx     5.36%     4.676MiB / 256MiB   1.41MB / 1.35MB
backend   49.99%    140.4MiB / 512MiB   416kB / 817kB
[HNAME      CPU %     MEM USAGE / LIMIT   NET I/O [K
nginx     5.36%     4.676MiB / 256MiB   1.41MB / 1.35MB [K
backend   49.99%    140.4MiB / 512MiB   416kB / 817kB [K
 [K
[J[HNAME      CPU %     MEM USAGE / LIMIT   NET I/O
nginx     4.85%     4.77MiB / 256MiB    1.57MB / 1.51MB
backend   49.48%    140.9MiB / 512MiB   469kB / 914kB
[HNAME      CPU %     MEM USAGE / LIMIT   NET I/O [K
nginx     4.85%     4.77MiB / 256MiB    1.57MB / 1.51MB [K
backend   49.48%    140.9MiB / 512MiB   469kB / 914kB [K
 [K
[J[HNAME      CPU %     MEM USAGE / LIMIT   NET I/O
nginx     4.85%     4.77MiB / 256MiB    1.57MB / 1.51MB
backend   49.48%    140.9MiB / 512MiB   469kB / 914kB
[HNAME      CPU %     MEM USAGE / LIMIT   NET I/O [K
nginx     4.85%     4.77MiB / 256MiB    1.57MB / 1.51MB [K
backend   49.48%    140.9MiB / 512MiB   469kB / 914kB [K
 [K
[J[HNAME      CPU %     MEM USAGE / LIMIT   NET I/O
nginx     5.00%     4.562MiB / 256MiB   1.73MB / 1.67MB
backend   49.87%    141MiB / 512MiB     517kB / 1.01MB
[HNAME      CPU %     MEM USAGE / LIMIT   NET I/O [K
nginx     5.00%     4.562MiB / 256MiB   1.73MB / 1.67MB [K
backend   49.87%    141MiB / 512MiB     517kB / 1.01MB [K
 [K
[J[HNAME      CPU %     MEM USAGE / LIMIT   NET I/O
nginx     5.00%     4.562MiB / 256MiB   1.73MB / 1.67MB
backend   49.87%    141MiB / 512MiB     517kB / 1.01MB
[HNAME      CPU %     MEM USAGE / LIMIT   NET I/O [K
nginx     5.00%     4.562MiB / 256MiB   1.73MB / 1.67MB [K
backend   49.87%    141MiB / 512MiB     517kB / 1.01MB [K
 [K
[J[HNAME      CPU %     MEM USAGE / LIMIT   NET I/O
nginx     4.37%     4.547MiB / 256MiB   1.91MB / 1.84MB
backend   50.33%    141.3MiB / 512MiB   569kB / 1.11MB
[HNAME      CPU %     MEM USAGE / LIMIT   NET I/O [K
nginx     4.37%     4.547MiB / 256MiB   1.91MB / 1.84MB [K
backend   50.33%    141.3MiB / 512MiB   569kB / 1.11MB [K
 [K
[J[HNAME      CPU %     MEM USAGE / LIMIT   NET I/O
nginx     4.37%     4.547MiB / 256MiB   1.91MB / 1.84MB
backend   50.33%    141.3MiB / 512MiB   569kB / 1.11MB
[HNAME      CPU %     MEM USAGE / LIMIT   NET I/O [K
nginx     4.37%     4.547MiB / 256MiB   1.91MB / 1.84MB [K
backend   50.33%    141.3MiB / 512MiB   569kB / 1.11MB [K
 [K
[J[HNAME      CPU %     MEM USAGE / LIMIT   NET I/O
nginx     5.50%     4.777MiB / 256MiB   2.06MB / 1.99MB
backend   49.35%    141.5MiB / 512MiB   614kB / 1.21MB
[HNAME      CPU %     MEM USAGE / LIMIT   NET I/O [K
nginx     5.50%     4.777MiB / 256MiB   2.06MB / 1.99MB [K
backend   49.35%    141.5MiB / 512MiB   614kB / 1.21MB [K
 [K
[J[HNAME      CPU %     MEM USAGE / LIMIT   NET I/O
nginx     5.50%     4.777MiB / 256MiB   2.06MB / 1.99MB
backend   49.35%    141.5MiB / 512MiB   614kB / 1.21MB
[HNAME      CPU %     MEM USAGE / LIMIT   NET I/O [K
nginx     5.50%     4.777MiB / 256MiB   2.06MB / 1.99MB [K
backend   49.35%    141.5MiB / 512MiB   614kB / 1.21MB [K
 [K
[J[HNAME      CPU %     MEM USAGE / LIMIT   NET I/O
nginx     4.64%     5.141MiB / 256MiB   2.23MB / 2.15MB
backend   49.56%    143.8MiB / 512MiB   661kB / 1.31MB
[HNAME      CPU %     MEM USAGE / LIMIT   NET I/O [K
nginx     4.64%     5.141MiB / 256MiB   2.23MB / 2.15MB [K
backend   49.56%    143.8MiB / 512MiB   661kB / 1.31MB [K
 [K
[J[HNAME      CPU %     MEM USAGE / LIMIT   NET I/O
nginx     4.64%     5.141MiB / 256MiB   2.23MB / 2.15MB
backend   49.56%    143.8MiB / 512MiB   661kB / 1.31MB
[HNAME      CPU %     MEM USAGE / LIMIT   NET I/O [K
nginx     4.64%     5.141MiB / 256MiB   2.23MB / 2.15MB [K
backend   49.56%    143.8MiB / 512MiB   661kB / 1.31MB [K
 [K
[J[HNAME      CPU %     MEM USAGE / LIMIT   NET I/O
nginx     5.26%     5.066MiB / 256MiB   2.41MB / 2.32MB
backend   53.60%    144.6MiB / 512MiB   715kB / 1.41MB
[HNAME      CPU %     MEM USAGE / LIMIT   NET I/O [K
nginx     5.26%     5.066MiB / 256MiB   2.41MB / 2.32MB [K
backend   53.60%    144.6MiB / 512MiB   715kB / 1.41MB [K
 [K
[J[HNAME      CPU %     MEM USAGE / LIMIT   NET I/O
nginx     5.26%     5.066MiB / 256MiB   2.41MB / 2.32MB
backend   53.60%    144.6MiB / 512MiB   715kB / 1.41MB
[HNAME      CPU %     MEM USAGE / LIMIT   NET I/O [K
nginx     5.26%     5.066MiB / 256MiB   2.41MB / 2.32MB [K
backend   53.60%    144.6MiB / 512MiB   715kB / 1.41MB [K
 [K
[J[HNAME      CPU %     MEM USAGE / LIMIT   NET I/O
nginx     5.86%     4.672MiB / 256MiB   2.6MB / 2.51MB
backend   50.85%    146.7MiB / 512MiB   775kB / 1.53MB
[HNAME      CPU %     MEM USAGE / LIMIT   NET I/O [K
nginx     5.86%     4.672MiB / 256MiB   2.6MB / 2.51MB [K
backend   50.85%    146.7MiB / 512MiB   775kB / 1.53MB [K
 [K
[J[HNAME      CPU %     MEM USAGE / LIMIT   NET I/O
nginx     5.86%     4.672MiB / 256MiB   2.6MB / 2.51MB
backend   50.85%    146.7MiB / 512MiB   775kB / 1.53MB
[HNAME      CPU %     MEM USAGE / LIMIT   NET I/O [K
nginx     5.86%     4.672MiB / 256MiB   2.6MB / 2.51MB [K
backend   50.85%    146.7MiB / 512MiB   775kB / 1.53MB [K
 [K
[J[HNAME      CPU %     MEM USAGE / LIMIT   NET I/O
nginx     5.85%     4.75MiB / 256MiB    2.97MB / 2.88MB
backend   50.13%    147.9MiB / 512MiB   901kB / 1.75MB
[HNAME      CPU %     MEM USAGE / LIMIT   NET I/O [K
nginx     5.85%     4.75MiB / 256MiB    2.97MB / 2.88MB [K
backend   50.13%    147.9MiB / 512MiB   901kB / 1.75MB [K
 [K
[J[HNAME      CPU %     MEM USAGE / LIMIT   NET I/O
nginx     5.85%     4.75MiB / 256MiB    2.97MB / 2.88MB
backend   50.13%    147.9MiB / 512MiB   901kB / 1.75MB
[HNAME      CPU %     MEM USAGE / LIMIT   NET I/O [K
nginx     5.85%     4.75MiB / 256MiB    2.97MB / 2.88MB [K
backend   50.13%    147.9MiB / 512MiB   901kB / 1.75MB [K
 [K
[J[HNAME      CPU %     MEM USAGE / LIMIT   NET I/O
nginx     5.47%     4.672MiB / 256MiB   3.23MB / 3.12MB
backend   50.03%    147.7MiB / 512MiB   981kB / 1.9MB
[HNAME      CPU %     MEM USAGE / LIMIT   NET I/O [K
nginx     5.47%     4.672MiB / 256MiB   3.23MB / 3.12MB [K
backend   50.03%    147.7MiB / 512MiB   981kB / 1.9MB [K
 [K
[J[HNAME      CPU %     MEM USAGE / LIMIT   NET I/O
nginx     5.47%     4.672MiB / 256MiB   3.23MB / 3.12MB
backend   50.03%    147.7MiB / 512MiB   981kB / 1.9MB
[HNAME      CPU %     MEM USAGE / LIMIT   NET I/O [K
nginx     5.47%     4.672MiB / 256MiB   3.23MB / 3.12MB [K
backend   50.03%    147.7MiB / 512MiB   981kB / 1.9MB [K
 [K
[J[HNAME      CPU %     MEM USAGE / LIMIT   NET I/O
nginx     7.05%     4.676MiB / 256MiB   3.52MB / 3.41MB
backend   49.55%    148.2MiB / 512MiB   1.07MB / 2.08MB
[HNAME      CPU %     MEM USAGE / LIMIT   NET I/O [K
nginx     7.05%     4.676MiB / 256MiB   3.52MB / 3.41MB [K
backend   49.55%    148.2MiB / 512MiB   1.07MB / 2.08MB [K
 [K
[J[HNAME      CPU %     MEM USAGE / LIMIT   NET I/O
nginx     7.05%     4.676MiB / 256MiB   3.52MB / 3.41MB
backend   49.55%    148.2MiB / 512MiB   1.07MB / 2.08MB
[HNAME      CPU %     MEM USAGE / LIMIT   NET I/O [K
nginx     7.05%     4.676MiB / 256MiB   3.52MB / 3.41MB [K
backend   49.55%    148.2MiB / 512MiB   1.07MB / 2.08MB [K
 [K
[J[HNAME      CPU %     MEM USAGE / LIMIT   NET I/O
nginx     7.63%     4.891MiB / 256MiB   3.81MB / 3.7MB
backend   50.10%    149.1MiB / 512MiB   1.19MB / 2.26MB
[HNAME      CPU %     MEM USAGE / LIMIT   NET I/O [K
nginx     7.63%     4.891MiB / 256MiB   3.81MB / 3.7MB [K
backend   50.10%    149.1MiB / 512MiB   1.19MB / 2.26MB [K
 [K
[J[HNAME      CPU %     MEM USAGE / LIMIT   NET I/O
nginx     7.63%     4.891MiB / 256MiB   3.81MB / 3.7MB
backend   50.10%    149.1MiB / 512MiB   1.19MB / 2.26MB
[HNAME      CPU %     MEM USAGE / LIMIT   NET I/O [K
nginx     7.63%     4.891MiB / 256MiB   3.81MB / 3.7MB [K
backend   50.10%    149.1MiB / 512MiB   1.19MB / 2.26MB [K
 [K
[J[HNAME      CPU %     MEM USAGE / LIMIT   NET I/O
nginx     7.09%     5.004MiB / 256MiB   4.11MB / 4.01MB
backend   49.93%    150.5MiB / 512MiB   1.31MB / 2.45MB
[HNAME      CPU %     MEM USAGE / LIMIT   NET I/O [K
nginx     7.09%     5.004MiB / 256MiB   4.11MB / 4.01MB [K
backend   49.93%    150.5MiB / 512MiB   1.31MB / 2.45MB [K
 [K
[J[HNAME      CPU %     MEM USAGE / LIMIT   NET I/O
nginx     7.09%     5.004MiB / 256MiB   4.11MB / 4.01MB
backend   49.93%    150.5MiB / 512MiB   1.31MB / 2.45MB
[HNAME      CPU %     MEM USAGE / LIMIT   NET I/O [K
nginx     7.09%     5.004MiB / 256MiB   4.11MB / 4.01MB [K
backend   49.93%    150.5MiB / 512MiB   1.31MB / 2.45MB [K
 [K
[J[HNAME      CPU %     MEM USAGE / LIMIT   NET I/O
nginx     8.33%     4.91MiB / 256MiB    4.61MB / 4.52MB
backend   49.77%    155.7MiB / 512MiB   1.5MB / 2.76MB
[HNAME      CPU %     MEM USAGE / LIMIT   NET I/O [K
nginx     8.33%     4.91MiB / 256MiB    4.61MB / 4.52MB [K
backend   49.77%    155.7MiB / 512MiB   1.5MB / 2.76MB [K
 [K
[J[HNAME      CPU %     MEM USAGE / LIMIT   NET I/O
nginx     8.33%     4.91MiB / 256MiB    4.61MB / 4.52MB
backend   49.77%    155.7MiB / 512MiB   1.5MB / 2.76MB
[HNAME      CPU %     MEM USAGE / LIMIT   NET I/O [K
nginx     8.33%     4.91MiB / 256MiB    4.61MB / 4.52MB [K
backend   49.77%    155.7MiB / 512MiB   1.5MB / 2.76MB [K
 [K
[J[HNAME      CPU %     MEM USAGE / LIMIT   NET I/O
nginx     9.39%     4.852MiB / 256MiB   5.07MB / 5.01MB
backend   49.89%    157.3MiB / 512MiB   1.71MB / 3.05MB
[HNAME      CPU %     MEM USAGE / LIMIT   NET I/O [K
nginx     9.39%     4.852MiB / 256MiB   5.07MB / 5.01MB [K
backend   49.89%    157.3MiB / 512MiB   1.71MB / 3.05MB [K
 [K
[J[HNAME      CPU %     MEM USAGE / LIMIT   NET I/O
nginx     9.39%     4.852MiB / 256MiB   5.07MB / 5.01MB
backend   49.89%    157.3MiB / 512MiB   1.71MB / 3.05MB
[HNAME      CPU %     MEM USAGE / LIMIT   NET I/O [K
nginx     9.39%     4.852MiB / 256MiB   5.07MB / 5.01MB [K
backend   49.89%    157.3MiB / 512MiB   1.71MB / 3.05MB [K
 [K
[J[HNAME      CPU %     MEM USAGE / LIMIT   NET I/O
nginx     10.09%    4.922MiB / 256MiB   5.58MB / 5.55MB
backend   49.91%    157.5MiB / 512MiB   1.95MB / 3.37MB
[HNAME      CPU %     MEM USAGE / LIMIT   NET I/O [K
nginx     10.09%    4.922MiB / 256MiB   5.58MB / 5.55MB [K
backend   49.91%    157.5MiB / 512MiB   1.95MB / 3.37MB [K
 [K
[J[HNAME      CPU %     MEM USAGE / LIMIT   NET I/O
nginx     10.09%    4.922MiB / 256MiB   5.58MB / 5.55MB
backend   49.91%    157.5MiB / 512MiB   1.95MB / 3.37MB
[HNAME      CPU %     MEM USAGE / LIMIT   NET I/O [K
nginx     10.09%    4.922MiB / 256MiB   5.58MB / 5.55MB [K
backend   49.91%    157.5MiB / 512MiB   1.95MB / 3.37MB [K
 [K
[J[HNAME      CPU %     MEM USAGE / LIMIT   NET I/O
nginx     10.34%    5.016MiB / 256MiB   6.07MB / 6.07MB
backend   49.72%    158.5MiB / 512MiB   2.17MB / 3.69MB
[HNAME      CPU %     MEM USAGE / LIMIT   NET I/O [K
nginx     10.34%    5.016MiB / 256MiB   6.07MB / 6.07MB [K
backend   49.72%    158.5MiB / 512MiB   2.17MB / 3.69MB [K
 [K
[J[HNAME      CPU %     MEM USAGE / LIMIT   NET I/O
nginx     10.34%    5.016MiB / 256MiB   6.07MB / 6.07MB
backend   49.72%    158.5MiB / 512MiB   2.17MB / 3.69MB
[HNAME      CPU %     MEM USAGE / LIMIT   NET I/O [K
nginx     10.34%    5.016MiB / 256MiB   6.07MB / 6.07MB [K
backend   49.72%    158.5MiB / 512MiB   2.17MB / 3.69MB [K
 [K
[J[HNAME      CPU %     MEM USAGE / LIMIT   NET I/O
nginx     9.98%     5.152MiB / 256MiB   6.58MB / 6.61MB
backend   49.93%    158.5MiB / 512MiB   2.41MB / 4.01MB
[HNAME      CPU %     MEM USAGE / LIMIT   NET I/O [K
nginx     9.98%     5.152MiB / 256MiB   6.58MB / 6.61MB [K
backend   49.93%    158.5MiB / 512MiB   2.41MB / 4.01MB [K
 [K
[J[HNAME      CPU %     MEM USAGE / LIMIT   NET I/O
nginx     9.98%     5.152MiB / 256MiB   6.58MB / 6.61MB
backend   49.93%    158.5MiB / 512MiB   2.41MB / 4.01MB
[HNAME      CPU %     MEM USAGE / LIMIT   NET I/O [K
nginx     9.98%     5.152MiB / 256MiB   6.58MB / 6.61MB [K
backend   49.93%    158.5MiB / 512MiB   2.41MB / 4.01MB [K
 [K
[J[HNAME      CPU %     MEM USAGE / LIMIT   NET I/O
nginx     11.82%    5.199MiB / 256MiB   7.16MB / 7.23MB
backend   50.52%    159.4MiB / 512MiB   2.68MB / 4.38MB
[HNAME      CPU %     MEM USAGE / LIMIT   NET I/O [K
nginx     11.82%    5.199MiB / 256MiB   7.16MB / 7.23MB [K
backend   50.52%    159.4MiB / 512MiB   2.68MB / 4.38MB [K
 [K
[J[HNAME      CPU %     MEM USAGE / LIMIT   NET I/O
nginx     11.82%    5.199MiB / 256MiB   7.16MB / 7.23MB
backend   50.52%    159.4MiB / 512MiB   2.68MB / 4.38MB
[HNAME      CPU %     MEM USAGE / LIMIT   NET I/O [K
nginx     11.82%    5.199MiB / 256MiB   7.16MB / 7.23MB [K
backend   50.52%    159.4MiB / 512MiB   2.68MB / 4.38MB [K
 [K
[J[HNAME      CPU %     MEM USAGE / LIMIT   NET I/O
nginx     12.01%    5.484MiB / 256MiB   7.84MB / 7.95MB
backend   51.13%    159.6MiB / 512MiB   2.98MB / 4.8MB
[HNAME      CPU %     MEM USAGE / LIMIT   NET I/O [K
nginx     12.01%    5.484MiB / 256MiB   7.84MB / 7.95MB [K
backend   51.13%    159.6MiB / 512MiB   2.98MB / 4.8MB [K
 [K
[J[HNAME      CPU %     MEM USAGE / LIMIT   NET I/O
nginx     12.01%    5.484MiB / 256MiB   7.84MB / 7.95MB
backend   51.13%    159.6MiB / 512MiB   2.98MB / 4.8MB
[HNAME      CPU %     MEM USAGE / LIMIT   NET I/O [K
nginx     12.01%    5.484MiB / 256MiB   7.84MB / 7.95MB [K
backend   51.13%    159.6MiB / 512MiB   2.98MB / 4.8MB [K
 [K
[J