--- 21:29:55 ---
Active connections: 1 
server accepts handled requests
 1 1 1 
Reading: 0 Writing: 1 Waiting: 0 
--- 21:29:56 ---
Active connections: 90 
server accepts handled requests
 91 91 91 
Reading: 0 Writing: 90 Waiting: 0 
--- 21:29:57 ---
Active connections: 101 
server accepts handled requests
 103 103 151 
Reading: 0 Writing: 101 Waiting: 0 
--- 21:29:58 ---
Active connections: 101 
server accepts handled requests
 104 104 460 
Reading: 0 Writing: 101 Waiting: 0 
--- 21:29:59 ---
Active connections: 101 
server accepts handled requests
 105 105 810 
Reading: 0 Writing: 101 Waiting: 0 
--- 21:30:00 ---
Active connections: 101 
server accepts handled requests
 106 106 1065 
Reading: 0 Writing: 101 Waiting: 0 
--- 21:30:01 ---
Active connections: 101 
server accepts handled requests
 107 107 1454 
Reading: 0 Writing: 101 Waiting: 0 
--- 21:30:02 ---
Active connections: 101 
server accepts handled requests
 108 108 1725 
Reading: 0 Writing: 101 Waiting: 0 
--- 21:30:04 ---
Active connections: 101 
server accepts handled requests
 109 109 2089 
Reading: 0 Writing: 101 Waiting: 0 
--- 21:30:05 ---
Active connections: 101 
server accepts handled requests
 110 110 2482 
Reading: 0 Writing: 101 Waiting: 0 
--- 21:30:06 ---
Active connections: 101 
server accepts handled requests
 111 111 2873 
Reading: 0 Writing: 101 Waiting: 0 
--- 21:30:07 ---
Active connections: 101 
server accepts handled requests
 112 112 3212 
Reading: 0 Writing: 101 Waiting: 0 
--- 21:30:08 ---
Active connections: 101 
server accepts handled requests
 113 113 3531 
Reading: 0 Writing: 101 Waiting: 0 
--- 21:30:09 ---
Active connections: 101 
server accepts handled requests
 114 114 3914 
Reading: 0 Writing: 101 Waiting: 0 
--- 21:30:10 ---
Active connections: 101 
server accepts handled requests
 115 115 4285 
Reading: 0 Writing: 101 Waiting: 0 
--- 21:30:11 ---
Active connections: 101 
server accepts handled requests
 116 116 4626 
Reading: 0 Writing: 101 Waiting: 0 
--- 21:30:12 ---
Active connections: 101 
server accepts handled requests
 117 117 4964 
Reading: 0 Writing: 101 Waiting: 0 
--- 21:30:13 ---
Active connections: 101 
server accepts handled requests
 118 118 5288 
Reading: 0 Writing: 101 Waiting: 0 
--- 21:30:14 ---
Active connections: 101 
server accepts handled requests
 119 119 6076 
Reading: 0 Writing: 101 Waiting: 0 
--- 21:30:15 ---
Active connections: 101 
server accepts handled requests
 120 120 6618 
Reading: 0 Writing: 101 Waiting: 0 
--- 21:30:16 ---
Active connections: 101 
server accepts handled requests
 121 121 7209 
Reading: 0 Writing: 101 Waiting: 0 
--- 21:30:17 ---
Active connections: 101 
server accepts handled requests
 122 122 7811 
Reading: 0 Writing: 101 Waiting: 0 
--- 21:30:18 ---
Active connections: 101 
server accepts handled requests
 123 123 8402 
Reading: 0 Writing: 101 Waiting: 0 
--- 21:30:19 ---
Active connections: 101 
server accepts handled requests
 124 124 9350 
Reading: 0 Writing: 101 Waiting: 0 
--- 21:30:20 ---
Active connections: 101 
server accepts handled requests
 125 125 10341 
Reading: 0 Writing: 101 Waiting: 0 
--- 21:30:21 ---
Active connections: 101 
server accepts handled requests
 126 126 11258 
Reading: 0 Writing: 101 Waiting: 0 
--- 21:30:22 ---
Active connections: 101 
server accepts handled requests
 127 127 12188 
Reading: 0 Writing: 101 Waiting: 0 
--- 21:30:23 ---
Active connections: 101 
server accepts handled requests
 128 128 13145 
Reading: 0 Writing: 101 Waiting: 0 
--- 21:30:24 ---
Active connections: 101 
server accepts handled requests
 129 129 14339 
Reading: 0 Writing: 101 Waiting: 0 
--- 21:30:25 ---
Active connections: 101 
server accepts handled requests
 130 130 15618 
Reading: 0 Writing: 101 Waiting: 0 
