[HNAME                        CPU %     MEM USAGE / LIMIT   NET I/O
06-slow-backend-nginx-1     0.01%     6.457MiB / 128MiB   15.8kB / 14.7kB
06-slow-backend-backend-1   0.36%     107.3MiB / 512MiB   4.62kB / 1.57kB
[HNAME                        CPU %     MEM USAGE / LIMIT   NET I/O [K
06-slow-backend-nginx-1     0.01%     6.457MiB / 128MiB   15.8kB / 14.7kB [K
06-slow-backend-backend-1   0.36%     107.3MiB / 512MiB   4.62kB / 1.57kB [K
 [K
[J[HNAME                        CPU %     MEM USAGE / LIMIT   NET I/O
06-slow-backend-nginx-1     0.01%     6.457MiB / 128MiB   15.8kB / 14.7kB
06-slow-backend-backend-1   0.36%     107.3MiB / 512MiB   4.62kB / 1.57kB
[HNAME                        CPU %     MEM USAGE / LIMIT   NET I/O [K
06-slow-backend-nginx-1     0.01%     6.457MiB / 128MiB   15.8kB / 14.7kB [K
06-slow-backend-backend-1   0.36%     107.3MiB / 512MiB   4.62kB / 1.57kB [K
 [K
[J[HNAME                        CPU %     MEM USAGE / LIMIT   NET I/O
06-slow-backend-nginx-1     1.36%     6.52MiB / 128MiB    59kB / 56.4kB
06-slow-backend-backend-1   54.99%    111.9MiB / 512MiB   16.5kB / 26.3kB
[HNAME                        CPU %     MEM USAGE / LIMIT   NET I/O [K
06-slow-backend-nginx-1     1.36%     6.52MiB / 128MiB    59kB / 56.4kB [K
06-slow-backend-backend-1   54.99%    111.9MiB / 512MiB   16.5kB / 26.3kB [K
 [K
[J[HNAME                        CPU %     MEM USAGE / LIMIT   NET I/O
06-slow-backend-nginx-1     1.36%     6.52MiB / 128MiB    59kB / 56.4kB
06-slow-backend-backend-1   54.99%    111.9MiB / 512MiB   16.5kB / 26.3kB
[HNAME                        CPU %     MEM USAGE / LIMIT   NET I/O [K
06-slow-backend-nginx-1     1.36%     6.52MiB / 128MiB    59kB / 56.4kB [K
06-slow-backend-backend-1   54.99%    111.9MiB / 512MiB   16.5kB / 26.3kB [K
 [K
[J[HNAME                        CPU %     MEM USAGE / LIMIT   NET I/O
06-slow-backend-nginx-1     1.88%     6.52MiB / 128MiB    103kB / 98.4kB
06-slow-backend-backend-1   37.92%    112.4MiB / 512MiB   28kB / 51.6kB
[HNAME                        CPU %     MEM USAGE / LIMIT   NET I/O [K
06-slow-backend-nginx-1     1.88%     6.52MiB / 128MiB    103kB / 98.4kB [K
06-slow-backend-backend-1   37.92%    112.4MiB / 512MiB   28kB / 51.6kB [K
 [K
[J[HNAME                        CPU %     MEM USAGE / LIMIT   NET I/O
06-slow-backend-nginx-1     1.88%     6.52MiB / 128MiB    103kB / 98.4kB
06-slow-backend-backend-1   37.92%    112.4MiB / 512MiB   28kB / 51.6kB
[HNAME                        CPU %     MEM USAGE / LIMIT   NET I/O [K
06-slow-backend-nginx-1     1.88%     6.52MiB / 128MiB    103kB / 98.4kB [K
06-slow-backend-backend-1   37.92%    112.4MiB / 512MiB   28kB / 51.6kB [K
 [K
[J[HNAME                        CPU %     MEM USAGE / LIMIT   NET I/O
06-slow-backend-nginx-1     1.74%     6.531MiB / 128MiB   147kB / 140kB
06-slow-backend-backend-1   31.81%    113MiB / 512MiB     40.6kB / 79.4kB
[HNAME                        CPU %     MEM USAGE / LIMIT   NET I/O [K
06-slow-backend-nginx-1     1.74%     6.531MiB / 128MiB   147kB / 140kB [K
06-slow-backend-backend-1   31.81%    113MiB / 512MiB     40.6kB / 79.4kB [K
 [K
[J[HNAME                        CPU %     MEM USAGE / LIMIT   NET I/O
06-slow-backend-nginx-1     1.74%     6.531MiB / 128MiB   147kB / 140kB
06-slow-backend-backend-1   31.81%    113MiB / 512MiB     40.6kB / 79.4kB
[HNAME                        CPU %     MEM USAGE / LIMIT   NET I/O [K
06-slow-backend-nginx-1     1.74%     6.531MiB / 128MiB   147kB / 140kB [K
06-slow-backend-backend-1   31.81%    113MiB / 512MiB     40.6kB / 79.4kB [K
 [K
[J[HNAME                        CPU %     MEM USAGE / LIMIT   NET I/O
06-slow-backend-nginx-1     2.38%     6.535MiB / 128MiB   195kB / 186kB
06-slow-backend-backend-1   43.76%    113.5MiB / 512MiB   51.9kB / 104kB
[HNAME                        CPU %     MEM USAGE / LIMIT   NET I/O [K
06-slow-backend-nginx-1     2.38%     6.535MiB / 128MiB   195kB / 186kB [K
06-slow-backend-backend-1   43.76%    113.5MiB / 512MiB   51.9kB / 104kB [K
 [K
[J[HNAME                        CPU %     MEM USAGE / LIMIT   NET I/O
06-slow-backend-nginx-1     2.38%     6.535MiB / 128MiB   195kB / 186kB
06-slow-backend-backend-1   43.76%    113.5MiB / 512MiB   51.9kB / 104kB
[HNAME                        CPU %     MEM USAGE / LIMIT   NET I/O [K
06-slow-backend-nginx-1     2.38%     6.535MiB / 128MiB   195kB / 186kB [K
06-slow-backend-backend-1   43.76%    113.5MiB / 512MiB   51.9kB / 104kB [K
 [K
[J[HNAME                        CPU %     MEM USAGE / LIMIT   NET I/O
06-slow-backend-nginx-1     1.56%     6.523MiB / 128MiB   239kB / 228kB
06-slow-backend-backend-1   25.92%    114.2MiB / 512MiB   63.2kB / 129kB
[HNAME                        CPU %     MEM USAGE / LIMIT   NET I/O [K
06-slow-backend-nginx-1     1.56%     6.523MiB / 128MiB   239kB / 228kB [K
06-slow-backend-backend-1   25.92%    114.2MiB / 512MiB   63.2kB / 129kB [K
 [K
[J[HNAME                        CPU %     MEM USAGE / LIMIT   NET I/O
06-slow-backend-nginx-1     1.56%     6.523MiB / 128MiB   239kB / 228kB
06-slow-backend-backend-1   25.92%    114.2MiB / 512MiB   63.2kB / 129kB
[HNAME                        CPU %     MEM USAGE / LIMIT   NET I/O [K
06-slow-backend-nginx-1     1.56%     6.523MiB / 128MiB   239kB / 228kB [K
06-slow-backend-backend-1   25.92%    114.2MiB / 512MiB   63.2kB / 129kB [K
 [K
[J[HNAME                        CPU %     MEM USAGE / LIMIT   NET I/O
06-slow-backend-nginx-1     1.95%     6.527MiB / 128MiB   287kB / 274kB
06-slow-backend-backend-1   26.47%    110.8MiB / 512MiB   75.8kB / 157kB
[HNAME                        CPU %     MEM USAGE / LIMIT   NET I/O [K
06-slow-backend-nginx-1     1.95%     6.527MiB / 128MiB   287kB / 274kB [K
06-slow-backend-backend-1   26.47%    110.8MiB / 512MiB   75.8kB / 157kB [K
 [K
[J[HNAME                        CPU %     MEM USAGE / LIMIT   NET I/O
06-slow-backend-nginx-1     1.95%     6.527MiB / 128MiB   287kB / 274kB
06-slow-backend-backend-1   26.47%    110.8MiB / 512MiB   75.8kB / 157kB
[HNAME                        CPU %     MEM USAGE / LIMIT   NET I/O [K
06-slow-backend-nginx-1     1.95%     6.527MiB / 128MiB   287kB / 274kB [K
06-slow-backend-backend-1   26.47%    110.8MiB / 512MiB   75.8kB / 157kB [K
 [K
[J[HNAME                        CPU %     MEM USAGE / LIMIT   NET I/O
06-slow-backend-nginx-1     1.62%     6.531MiB / 128MiB   331kB / 315kB
06-slow-backend-backend-1   21.18%    111.5MiB / 512MiB   87.2kB / 182kB
[HNAME                        CPU %     MEM USAGE / LIMIT   NET I/O [K
06-slow-backend-nginx-1     1.62%     6.531MiB / 128MiB   331kB / 315kB [K
06-slow-backend-backend-1   21.18%    111.5MiB / 512MiB   87.2kB / 182kB [K
 [K
[J[HNAME                        CPU %     MEM USAGE / LIMIT   NET I/O
06-slow-backend-nginx-1     1.62%     6.531MiB / 128MiB   331kB / 315kB
06-slow-backend-backend-1   21.18%    111.5MiB / 512MiB   87.2kB / 182kB
[HNAME                        CPU %     MEM USAGE / LIMIT   NET I/O [K
06-slow-backend-nginx-1     1.62%     6.531MiB / 128MiB   331kB / 315kB [K
06-slow-backend-backend-1   21.18%    111.5MiB / 512MiB   87.2kB / 182kB [K
 [K
[J[HNAME                        CPU %     MEM USAGE / LIMIT   NET I/O
06-slow-backend-nginx-1     1.57%     6.527MiB / 128MiB   374kB / 357kB
06-slow-backend-backend-1   19.00%    111.5MiB / 512MiB   98.5kB / 207kB
[HNAME                        CPU %     MEM USAGE / LIMIT   NET I/O [K
06-slow-backend-nginx-1     1.57%     6.527MiB / 128MiB   374kB / 357kB [K
06-slow-backend-backend-1   19.00%    111.5MiB / 512MiB   98.5kB / 207kB [K
 [K
[J[HNAME                        CPU %     MEM USAGE / LIMIT   NET I/O
06-slow-backend-nginx-1     1.57%     6.527MiB / 128MiB   374kB / 357kB
06-slow-backend-backend-1   19.00%    111.5MiB / 512MiB   98.5kB / 207kB
[HNAME                        CPU %     MEM USAGE / LIMIT   NET I/O [K
06-slow-backend-nginx-1     1.57%     6.527MiB / 128MiB   374kB / 357kB [K
06-slow-backend-backend-1   19.00%    111.5MiB / 512MiB   98.5kB / 207kB [K
 [K
[J[HNAME                        CPU %     MEM USAGE / LIMIT   NET I/O
06-slow-backend-nginx-1     1.66%     6.531MiB / 128MiB   423kB / 403kB
06-slow-backend-backend-1   24.59%    112.1MiB / 512MiB   111kB / 235kB
[HNAME                        CPU %     MEM USAGE / LIMIT   NET I/O [K
06-slow-backend-nginx-1     1.66%     6.531MiB / 128MiB   423kB / 403kB [K
06-slow-backend-backend-1   24.59%    112.1MiB / 512MiB   111kB / 235kB [K
 [K
[J[HNAME                        CPU %     MEM USAGE / LIMIT   NET I/O
06-slow-backend-nginx-1     1.66%     6.531MiB / 128MiB   423kB / 403kB
06-slow-backend-backend-1   24.59%    112.1MiB / 512MiB   111kB / 235kB
[HNAME                        CPU %     MEM USAGE / LIMIT   NET I/O [K
06-slow-backend-nginx-1     1.66%     6.531MiB / 128MiB   423kB / 403kB [K
06-slow-backend-backend-1   24.59%    112.1MiB / 512MiB   111kB / 235kB [K
 [K
[J[HNAME                        CPU %     MEM USAGE / LIMIT   NET I/O
06-slow-backend-nginx-1     2.05%     6.453MiB / 128MiB   466kB / 442kB
06-slow-backend-backend-1   19.33%    112.4MiB / 512MiB   122kB / 260kB
[HNAME                        CPU %     MEM USAGE / LIMIT   NET I/O [K
06-slow-backend-nginx-1     2.05%     6.453MiB / 128MiB   466kB / 442kB [K
06-slow-backend-backend-1   19.33%    112.4MiB / 512MiB   122kB / 260kB [K
 [K
[J[HNAME                        CPU %     MEM USAGE / LIMIT   NET I/O
06-slow-backend-nginx-1     2.05%     6.453MiB / 128MiB   466kB / 442kB
06-slow-backend-backend-1   19.33%    112.4MiB / 512MiB   122kB / 260kB
[HNAME                        CPU %     MEM USAGE / LIMIT   NET I/O [K
06-slow-backend-nginx-1     2.05%     6.453MiB / 128MiB   466kB / 442kB [K
06-slow-backend-backend-1   19.33%    112.4MiB / 512MiB   122kB / 260kB [K
 [K
[J[HNAME                        CPU %     MEM USAGE / LIMIT   NET I/O
06-slow-backend-nginx-1     6.55%     10.4MiB / 128MiB    683kB / 657kB
06-slow-backend-backend-1   31.57%    127.7MiB / 512MiB   208kB / 354kB
[HNAME                        CPU %     MEM USAGE / LIMIT   NET I/O [K
06-slow-backend-nginx-1     6.55%     10.4MiB / 128MiB    683kB / 657kB [K
06-slow-backend-backend-1   31.57%    127.7MiB / 512MiB   208kB / 354kB [K
 [K
[J[HNAME                        CPU %     MEM USAGE / LIMIT   NET I/O
06-slow-backend-nginx-1     6.55%     10.4MiB / 128MiB    683kB / 657kB
06-slow-backend-backend-1   31.57%    127.7MiB / 512MiB   208kB / 354kB
[HNAME                        CPU %     MEM USAGE / LIMIT   NET I/O [K
06-slow-backend-nginx-1     6.55%     10.4MiB / 128MiB    683kB / 657kB [K
06-slow-backend-backend-1   31.57%    127.7MiB / 512MiB   208kB / 354kB [K
 [K
[J[HNAME                        CPU %     MEM USAGE / LIMIT   NET I/O
06-slow-backend-nginx-1     5.51%     9.812MiB / 128MiB   907kB / 879kB
06-slow-backend-backend-1   40.07%    135.7MiB / 512MiB   287kB / 499kB
[HNAME                        CPU %     MEM USAGE / LIMIT   NET I/O [K
06-slow-backend-nginx-1     5.51%     9.812MiB / 128MiB   907kB / 879kB [K
06-slow-backend-backend-1   40.07%    135.7MiB / 512MiB   287kB / 499kB [K
 [K
[J[HNAME                        CPU %     MEM USAGE / LIMIT   NET I/O
06-slow-backend-nginx-1     5.51%     9.812MiB / 128MiB   907kB / 879kB
06-slow-backend-backend-1   40.07%    135.7MiB / 512MiB   287kB / 499kB
[HNAME                        CPU %     MEM USAGE / LIMIT   NET I/O [K
06-slow-backend-nginx-1     5.51%     9.812MiB / 128MiB   907kB / 879kB [K
06-slow-backend-backend-1   40.07%    135.7MiB / 512MiB   287kB / 499kB [K
 [K
[J[HNAME                        CPU %     MEM USAGE / LIMIT   NET I/O
06-slow-backend-nginx-1     6.93%     9.824MiB / 128MiB   1.15MB / 1.11MB
06-slow-backend-backend-1   52.80%    139.5MiB / 512MiB   350kB / 638kB
[HNAME                        CPU %     MEM USAGE / LIMIT   NET I/O [K
06-slow-backend-nginx-1     6.93%     9.824MiB / 128MiB   1.15MB / 1.11MB [K
06-slow-backend-backend-1   52.80%    139.5MiB / 512MiB   350kB / 638kB [K
 [K
[J[HNAME                        CPU %     MEM USAGE / LIMIT   NET I/O
06-slow-backend-nginx-1     6.93%     9.824MiB / 128MiB   1.15MB / 1.11MB
06-slow-backend-backend-1   52.80%    139.5MiB / 512MiB   350kB / 638kB
[HNAME                        CPU %     MEM USAGE / LIMIT   NET I/O [K
06-slow-backend-nginx-1     6.93%     9.824MiB / 128MiB   1.15MB / 1.11MB [K
06-slow-backend-backend-1   52.80%    139.5MiB / 512MiB   350kB / 638kB [K
 [K
[J[HNAME                        CPU %     MEM USAGE / LIMIT   NET I/O
06-slow-backend-nginx-1     5.60%     10.2MiB / 128MiB    1.38MB / 1.33MB
06-slow-backend-backend-1   44.86%    140.3MiB / 512MiB   413kB / 777kB
[HNAME                        CPU %     MEM USAGE / LIMIT   NET I/O [K
06-slow-backend-nginx-1     5.60%     10.2MiB / 128MiB    1.38MB / 1.33MB [K
06-slow-backend-backend-1   44.86%    140.3MiB / 512MiB   413kB / 777kB [K
 [K
[J[HNAME                        CPU %     MEM USAGE / LIMIT   NET I/O
06-slow-backend-nginx-1     5.60%     10.2MiB / 128MiB    1.38MB / 1.33MB
06-slow-backend-backend-1   44.86%    140.3MiB / 512MiB   413kB / 777kB
[HNAME                        CPU %     MEM USAGE / LIMIT   NET I/O [K
06-slow-backend-nginx-1     5.60%     10.2MiB / 128MiB    1.38MB / 1.33MB [K
06-slow-backend-backend-1   44.86%    140.3MiB / 512MiB   413kB / 777kB [K
 [K
[J[HNAME                        CPU %     MEM USAGE / LIMIT   NET I/O
06-slow-backend-nginx-1     7.02%     9.938MiB / 128MiB   1.62MB / 1.56MB
06-slow-backend-backend-1   36.16%    143.1MiB / 512MiB   476kB / 916kB
[HNAME                        CPU %     MEM USAGE / LIMIT   NET I/O [K
06-slow-backend-nginx-1     7.02%     9.938MiB / 128MiB   1.62MB / 1.56MB [K
06-slow-backend-backend-1   36.16%    143.1MiB / 512MiB   476kB / 916kB [K
 [K
[J[HNAME                        CPU %     MEM USAGE / LIMIT   NET I/O
06-slow-backend-nginx-1     7.02%     9.938MiB / 128MiB   1.62MB / 1.56MB
06-slow-backend-backend-1   36.16%    143.1MiB / 512MiB   476kB / 916kB
[HNAME                        CPU %     MEM USAGE / LIMIT   NET I/O [K
06-slow-backend-nginx-1     7.02%     9.938MiB / 128MiB   1.62MB / 1.56MB [K
06-slow-backend-backend-1   36.16%    143.1MiB / 512MiB   476kB / 916kB [K
 [K
[J[HNAME                        CPU %     MEM USAGE / LIMIT   NET I/O
06-slow-backend-nginx-1     4.72%     9.805MiB / 128MiB   1.84MB / 1.76MB
06-slow-backend-backend-1   31.64%    137.9MiB / 512MiB   532kB / 1.04MB
[HNAME                        CPU %     MEM USAGE / LIMIT   NET I/O [K
06-slow-backend-nginx-1     4.72%     9.805MiB / 128MiB   1.84MB / 1.76MB [K
06-slow-backend-backend-1   31.64%    137.9MiB / 512MiB   532kB / 1.04MB [K
 [K
[J[HNAME                        CPU %     MEM USAGE / LIMIT   NET I/O
06-slow-backend-nginx-1     4.72%     9.805MiB / 128MiB   1.84MB / 1.76MB
06-slow-backend-backend-1   31.64%    137.9MiB / 512MiB   532kB / 1.04MB
[HNAME                        CPU %     MEM USAGE / LIMIT   NET I/O [K
06-slow-backend-nginx-1     4.72%     9.805MiB / 128MiB   1.84MB / 1.76MB [K
06-slow-backend-backend-1   31.64%    137.9MiB / 512MiB   532kB / 1.04MB [K
 [K
[J[HNAME                        CPU %     MEM USAGE / LIMIT   NET I/O
06-slow-backend-nginx-1     5.53%     9.863MiB / 128MiB   2.07MB / 1.99MB
06-slow-backend-backend-1   34.67%    138.7MiB / 512MiB   595kB / 1.18MB
[HNAME                        CPU %     MEM USAGE / LIMIT   NET I/O [K
06-slow-backend-nginx-1     5.53%     9.863MiB / 128MiB   2.07MB / 1.99MB [K
06-slow-backend-backend-1   34.67%    138.7MiB / 512MiB   595kB / 1.18MB [K
 [K
[J[HNAME                        CPU %     MEM USAGE / LIMIT   NET I/O
06-slow-backend-nginx-1     5.53%     9.863MiB / 128MiB   2.07MB / 1.99MB
06-slow-backend-backend-1   34.67%    138.7MiB / 512MiB   595kB / 1.18MB
[HNAME                        CPU %     MEM USAGE / LIMIT   NET I/O [K
06-slow-backend-nginx-1     5.53%     9.863MiB / 128MiB   2.07MB / 1.99MB [K
06-slow-backend-backend-1   34.67%    138.7MiB / 512MiB   595kB / 1.18MB [K
 [K
[J[HNAME                        CPU %     MEM USAGE / LIMIT   NET I/O
06-slow-backend-nginx-1     5.81%     9.855MiB / 128MiB   2.31MB / 2.21MB
06-slow-backend-backend-1   34.56%    141.7MiB / 512MiB   658kB / 1.32MB
[HNAME                        CPU %     MEM USAGE / LIMIT   NET I/O [K
06-slow-backend-nginx-1     5.81%     9.855MiB / 128MiB   2.31MB / 2.21MB [K
06-slow-backend-backend-1   34.56%    141.7MiB / 512MiB   658kB / 1.32MB [K
 [K
[J[HNAME                        CPU %     MEM USAGE / LIMIT   NET I/O
06-slow-backend-nginx-1     5.81%     9.855MiB / 128MiB   2.31MB / 2.21MB
06-slow-backend-backend-1   34.56%    141.7MiB / 512MiB   658kB / 1.32MB
[HNAME                        CPU %     MEM USAGE / LIMIT   NET I/O [K
06-slow-backend-nginx-1     5.81%     9.855MiB / 128MiB   2.31MB / 2.21MB [K
06-slow-backend-backend-1   34.56%    141.7MiB / 512MiB   658kB / 1.32MB [K
 [K
[J[HNAME                        CPU %     MEM USAGE / LIMIT   NET I/O
06-slow-backend-nginx-1     6.35%     9.934MiB / 128MiB   2.55MB / 2.44MB
06-slow-backend-backend-1   23.87%    141.7MiB / 512MiB   721kB / 1.46MB
[HNAME                        CPU %     MEM USAGE / LIMIT   NET I/O [K
06-slow-backend-nginx-1     6.35%     9.934MiB / 128MiB   2.55MB / 2.44MB [K
06-slow-backend-backend-1   23.87%    141.7MiB / 512MiB   721kB / 1.46MB [K
 [K
[J[HNAME                        CPU %     MEM USAGE / LIMIT   NET I/O
06-slow-backend-nginx-1     6.35%     9.934MiB / 128MiB   2.55MB / 2.44MB
06-slow-backend-backend-1   23.87%    141.7MiB / 512MiB   721kB / 1.46MB
[HNAME                        CPU %     MEM USAGE / LIMIT   NET I/O [K
06-slow-backend-nginx-1     6.35%     9.934MiB / 128MiB   2.55MB / 2.44MB [K
06-slow-backend-backend-1   23.87%    141.7MiB / 512MiB   721kB / 1.46MB [K
 [K
[J[HNAME                        CPU %     MEM USAGE / LIMIT   NET I/O
06-slow-backend-nginx-1     5.55%     10.07MiB / 128MiB   2.76MB / 2.64MB
06-slow-backend-backend-1   27.17%    141.7MiB / 512MiB   778kB / 1.58MB
[HNAME                        CPU %     MEM USAGE / LIMIT   NET I/O [K
06-slow-backend-nginx-1     5.55%     10.07MiB / 128MiB   2.76MB / 2.64MB [K
06-slow-backend-backend-1   27.17%    141.7MiB / 512MiB   778kB / 1.58MB [K
 [K
[J[HNAME                        CPU %     MEM USAGE / LIMIT   NET I/O
06-slow-backend-nginx-1     5.55%     10.07MiB / 128MiB   2.76MB / 2.64MB
06-slow-backend-backend-1   27.17%    141.7MiB / 512MiB   778kB / 1.58MB
[HNAME                        CPU %     MEM USAGE / LIMIT   NET I/O [K
06-slow-backend-nginx-1     5.55%     10.07MiB / 128MiB   2.76MB / 2.64MB [K
06-slow-backend-backend-1   27.17%    141.7MiB / 512MiB   778kB / 1.58MB [K
 [K
[J[HNAME                        CPU %     MEM USAGE / LIMIT   NET I/O
06-slow-backend-nginx-1     5.17%     9.809MiB / 128MiB   3MB / 2.87MB
06-slow-backend-backend-1   44.86%    147.2MiB / 512MiB   841kB / 1.72MB
[HNAME                        CPU %     MEM USAGE / LIMIT   NET I/O [K
06-slow-backend-nginx-1     5.17%     9.809MiB / 128MiB   3MB / 2.87MB [K
06-slow-backend-backend-1   44.86%    147.2MiB / 512MiB   841kB / 1.72MB [K
 [K
[J[HNAME                        CPU %     MEM USAGE / LIMIT   NET I/O
06-slow-backend-nginx-1     5.17%     9.809MiB / 128MiB   3MB / 2.87MB
06-slow-backend-backend-1   44.86%    147.2MiB / 512MiB   841kB / 1.72MB
[HNAME                        CPU %     MEM USAGE / LIMIT   NET I/O [K
06-slow-backend-nginx-1     5.17%     9.809MiB / 128MiB   3MB / 2.87MB [K
06-slow-backend-backend-1   44.86%    147.2MiB / 512MiB   841kB / 1.72MB [K
 [K
[J[HNAME                        CPU %     MEM USAGE / LIMIT   NET I/O
06-slow-backend-nginx-1     15.94%    10.11MiB / 128MiB   3.23MB / 3.09MB
06-slow-backend-backend-1   46.07%    146.9MiB / 512MiB   901kB / 1.85MB
[HNAME                        CPU %     MEM USAGE / LIMIT   NET I/O [K
06-slow-backend-nginx-1     15.94%    10.11MiB / 128MiB   3.23MB / 3.09MB [K
06-slow-backend-backend-1   46.07%    146.9MiB / 512MiB   901kB / 1.85MB [K
 [K
[J[HNAME                        CPU %     MEM USAGE / LIMIT   NET I/O
06-slow-backend-nginx-1     15.94%    10.11MiB / 128MiB   3.23MB / 3.09MB
06-slow-backend-backend-1   46.07%    146.9MiB / 512MiB   901kB / 1.85MB
[HNAME                        CPU %     MEM USAGE / LIMIT   NET I/O [K
06-slow-backend-nginx-1     15.94%    10.11MiB / 128MiB   3.23MB / 3.09MB [K
06-slow-backend-backend-1   46.07%    146.9MiB / 512MiB   901kB / 1.85MB [K
 [K
[J[HNAME                        CPU %     MEM USAGE / LIMIT   NET I/O
06-slow-backend-nginx-1     5.47%     10.11MiB / 128MiB   3.45MB / 3.3MB
06-slow-backend-backend-1   51.29%    148.4MiB / 512MiB   964kB / 1.98MB
[HNAME                        CPU %     MEM USAGE / LIMIT   NET I/O [K
06-slow-backend-nginx-1     5.47%     10.11MiB / 128MiB   3.45MB / 3.3MB [K
06-slow-backend-backend-1   51.29%    148.4MiB / 512MiB   964kB / 1.98MB [K
 [K
[J[HNAME                        CPU %     MEM USAGE / LIMIT   NET I/O
06-slow-backend-nginx-1     5.47%     10.11MiB / 128MiB   3.45MB / 3.3MB
06-slow-backend-backend-1   51.29%    148.4MiB / 512MiB   964kB / 1.98MB
[HNAME                        CPU %     MEM USAGE / LIMIT   NET I/O [K
06-slow-backend-nginx-1     5.47%     10.11MiB / 128MiB   3.45MB / 3.3MB [K
06-slow-backend-backend-1   51.29%    148.4MiB / 512MiB   964kB / 1.98MB [K
 [K
[J[HNAME                        CPU %     MEM USAGE / LIMIT   NET I/O
06-slow-backend-nginx-1     8.05%     9.816MiB / 128MiB   3.69MB / 3.53MB
06-slow-backend-backend-1   22.99%    148.4MiB / 512MiB   1.03MB / 2.12MB
[HNAME                        CPU %     MEM USAGE / LIMIT   NET I/O [K
06-slow-backend-nginx-1     8.05%     9.816MiB / 128MiB   3.69MB / 3.53MB [K
06-slow-backend-backend-1   22.99%    148.4MiB / 512MiB   1.03MB / 2.12MB [K
 [K
[J[HNAME                        CPU %     MEM USAGE / LIMIT   NET I/O
06-slow-backend-nginx-1     8.05%     9.816MiB / 128MiB   3.69MB / 3.53MB
06-slow-backend-backend-1   22.99%    148.4MiB / 512MiB   1.03MB / 2.12MB
[HNAME                        CPU %     MEM USAGE / LIMIT   NET I/O [K
06-slow-backend-nginx-1     8.05%     9.816MiB / 128MiB   3.69MB / 3.53MB [K
06-slow-backend-backend-1   22.99%    148.4MiB / 512MiB   1.03MB / 2.12MB [K
 [K
[J[HNAME                        CPU %     MEM USAGE / LIMIT   NET I/O
06-slow-backend-nginx-1     5.76%     9.809MiB / 128MiB   3.93MB / 3.75MB
06-slow-backend-backend-1   35.98%    148.9MiB / 512MiB   1.09MB / 2.26MB
[HNAME                        CPU %     MEM USAGE / LIMIT   NET I/O [K
06-slow-backend-nginx-1     5.76%     9.809MiB / 128MiB   3.93MB / 3.75MB [K
06-slow-backend-backend-1   35.98%    148.9MiB / 512MiB   1.09MB / 2.26MB [K
 [K
[J[HNAME                        CPU %     MEM USAGE / LIMIT   NET I/O
06-slow-backend-nginx-1     5.76%     9.809MiB / 128MiB   3.93MB / 3.75MB
06-slow-backend-backend-1   35.98%    148.9MiB / 512MiB   1.09MB / 2.26MB
[HNAME                        CPU %     MEM USAGE / LIMIT   NET I/O [K
06-slow-backend-nginx-1     5.76%     9.809MiB / 128MiB   3.93MB / 3.75MB [K
06-slow-backend-backend-1   35.98%    148.9MiB / 512MiB   1.09MB / 2.26MB [K
 [K
[J[HNAME                        CPU %     MEM USAGE / LIMIT   NET I/O
06-slow-backend-nginx-1     24.84%    18.33MiB / 128MiB   4.39MB / 4.11MB
06-slow-backend-backend-1   25.12%    149.2MiB / 512MiB   1.27MB / 2.43MB
[HNAME                        CPU %     MEM USAGE / LIMIT   NET I/O [K
06-slow-backend-nginx-1     24.84%    18.33MiB / 128MiB   4.39MB / 4.11MB [K
06-slow-backend-backend-1   25.12%    149.2MiB / 512MiB   1.27MB / 2.43MB [K
 [K
[J[HNAME                        CPU %     MEM USAGE / LIMIT   NET I/O
06-slow-backend-nginx-1     24.84%    18.33MiB / 128MiB   4.39MB / 4.11MB
06-slow-backend-backend-1   25.12%    149.2MiB / 512MiB   1.27MB / 2.43MB
[HNAME                        CPU %     MEM USAGE / LIMIT   NET I/O [K
06-slow-backend-nginx-1     24.84%    18.33MiB / 128MiB   4.39MB / 4.11MB [K
06-slow-backend-backend-1   25.12%    149.2MiB / 512MiB   1.27MB / 2.43MB [K
 [K
[J[HNAME                        CPU %     MEM USAGE / LIMIT   NET I/O
06-slow-backend-nginx-1     6.61%     27.85MiB / 128MiB   4.81MB / 4.57MB
06-slow-backend-backend-1   31.70%    165.1MiB / 512MiB   1.52MB / 2.64MB
[HNAME                        CPU %     MEM USAGE / LIMIT   NET I/O [K
06-slow-backend-nginx-1     6.61%     27.85MiB / 128MiB   4.81MB / 4.57MB [K
06-slow-backend-backend-1   31.70%    165.1MiB / 512MiB   1.52MB / 2.64MB [K
 [K
[J[HNAME                        CPU %     MEM USAGE / LIMIT   NET I/O
06-slow-backend-nginx-1     6.61%     27.85MiB / 128MiB   4.81MB / 4.57MB
06-slow-backend-backend-1   31.70%    165.1MiB / 512MiB   1.52MB / 2.64MB
[HNAME                        CPU %     MEM USAGE / LIMIT   NET I/O [K
06-slow-backend-nginx-1     6.61%     27.85MiB / 128MiB   4.81MB / 4.57MB [K
06-slow-backend-backend-1   31.70%    165.1MiB / 512MiB   1.52MB / 2.64MB [K
 [K
[J[HNAME                        CPU %     MEM USAGE / LIMIT   NET I/O
06-slow-backend-nginx-1     8.59%     32.23MiB / 128MiB   5.2MB / 5MB
06-slow-backend-backend-1   24.43%    170.8MiB / 512MiB   1.74MB / 2.85MB
[HNAME                        CPU %     MEM USAGE / LIMIT   NET I/O [K
06-slow-backend-nginx-1     8.59%     32.23MiB / 128MiB   5.2MB / 5MB [K
06-slow-backend-backend-1   24.43%    170.8MiB / 512MiB   1.74MB / 2.85MB [K
 [K
[J[HNAME                        CPU %     MEM USAGE / LIMIT   NET I/O
06-slow-backend-nginx-1     8.59%     32.23MiB / 128MiB   5.2MB / 5MB
06-slow-backend-backend-1   24.43%    170.8MiB / 512MiB   1.74MB / 2.85MB
[HNAME                        CPU %     MEM USAGE / LIMIT   NET I/O [K
06-slow-backend-nginx-1     8.59%     32.23MiB / 128MiB   5.2MB / 5MB [K
06-slow-backend-backend-1   24.43%    170.8MiB / 512MiB   1.74MB / 2.85MB [K
 [K
[J[HNAME                        CPU %     MEM USAGE / LIMIT   NET I/O
06-slow-backend-nginx-1     7.55%     31.92MiB / 128MiB   5.44MB / 5.25MB
06-slow-backend-backend-1   26.26%    186.2MiB / 512MiB   1.82MB / 2.99MB
[HNAME                        CPU %     MEM USAGE / LIMIT   NET I/O [K
06-slow-backend-nginx-1     7.55%     31.92MiB / 128MiB   5.44MB / 5.25MB [K
06-slow-backend-backend-1   26.26%    186.2MiB / 512MiB   1.82MB / 2.99MB [K
 [K
[J[HNAME                        CPU %     MEM USAGE / LIMIT   NET I/O
06-slow-backend-nginx-1     7.55%     31.92MiB / 128MiB   5.44MB / 5.25MB
06-slow-backend-backend-1   26.26%    186.2MiB / 512MiB   1.82MB / 2.99MB
[HNAME                        CPU %     MEM USAGE / LIMIT   NET I/O [K
06-slow-backend-nginx-1     7.55%     31.92MiB / 128MiB   5.44MB / 5.25MB [K
06-slow-backend-backend-1   26.26%    186.2MiB / 512MiB   1.82MB / 2.99MB [K
 [K
[J[HNAME                        CPU %     MEM USAGE / LIMIT   NET I/O
06-slow-backend-nginx-1     7.19%     31.93MiB / 128MiB   5.68MB / 5.5MB
06-slow-backend-backend-1   18.52%    186.2MiB / 512MiB   1.91MB / 3.13MB
[HNAME                        CPU %     MEM USAGE / LIMIT   NET I/O [K
06-slow-backend-nginx-1     7.19%     31.93MiB / 128MiB   5.68MB / 5.5MB [K
06-slow-backend-backend-1   18.52%    186.2MiB / 512MiB   1.91MB / 3.13MB [K
 [K
[J[HNAME                        CPU %     MEM USAGE / LIMIT   NET I/O
06-slow-backend-nginx-1     7.19%     31.93MiB / 128MiB   5.68MB / 5.5MB
06-slow-backend-backend-1   18.52%    186.2MiB / 512MiB   1.91MB / 3.13MB
[HNAME                        CPU %     MEM USAGE / LIMIT   NET I/O [K
06-slow-backend-nginx-1     7.19%     31.93MiB / 128MiB   5.68MB / 5.5MB [K
06-slow-backend-backend-1   18.52%    186.2MiB / 512MiB   1.91MB / 3.13MB [K
 [K
[J[HNAME                        CPU %     MEM USAGE / LIMIT   NET I/O
06-slow-backend-nginx-1     6.20%     31.92MiB / 128MiB   5.91MB / 5.72MB
06-slow-backend-backend-1   13.27%    186.2MiB / 512MiB   1.98MB / 3.27MB
[HNAME                        CPU %     MEM USAGE / LIMIT   NET I/O [K
06-slow-backend-nginx-1     6.20%     31.92MiB / 128MiB   5.91MB / 5.72MB [K
06-slow-backend-backend-1   13.27%    186.2MiB / 512MiB   1.98MB / 3.27MB [K
 [K
[J[HNAME                        CPU %     MEM USAGE / LIMIT   NET I/O
06-slow-backend-nginx-1     6.20%     31.92MiB / 128MiB   5.91MB / 5.72MB
06-slow-backend-backend-1   13.27%    186.2MiB / 512MiB   1.98MB / 3.27MB
[HNAME                        CPU %     MEM USAGE / LIMIT   NET I/O [K
06-slow-backend-nginx-1     6.20%     31.92MiB / 128MiB   5.91MB / 5.72MB [K
06-slow-backend-backend-1   13.27%    186.2MiB / 512MiB   1.98MB / 3.27MB [K
 [K
[J[HNAME                        CPU %     MEM USAGE / LIMIT   NET I/O
06-slow-backend-nginx-1     6.04%     31.97MiB / 128MiB   6.15MB / 5.95MB
06-slow-backend-backend-1   12.17%    186.3MiB / 512MiB   2.04MB / 3.41MB
[HNAME                        CPU %     MEM USAGE / LIMIT   NET I/O [K
06-slow-backend-nginx-1     6.04%     31.97MiB / 128MiB   6.15MB / 5.95MB [K
06-slow-backend-backend-1   12.17%    186.3MiB / 512MiB   2.04MB / 3.41MB [K
 [K
[J[HNAME                        CPU %     MEM USAGE / LIMIT   NET I/O
06-slow-backend-nginx-1     6.04%     31.97MiB / 128MiB   6.15MB / 5.95MB
06-slow-backend-backend-1   12.17%    186.3MiB / 512MiB   2.04MB / 3.41MB
[HNAME                        CPU %     MEM USAGE / LIMIT   NET I/O [K
06-slow-backend-nginx-1     6.04%     31.97MiB / 128MiB   6.15MB / 5.95MB [K
06-slow-backend-backend-1   12.17%    186.3MiB / 512MiB   2.04MB / 3.41MB [K
 [K
[J[HNAME                        CPU %     MEM USAGE / LIMIT   NET I/O
06-slow-backend-nginx-1     7.70%     32.2MiB / 128MiB    6.38MB / 6.17MB
06-slow-backend-backend-1   15.98%    188.3MiB / 512MiB   2.11MB / 3.54MB
[HNAME                        CPU %     MEM USAGE / LIMIT   NET I/O [K
06-slow-backend-nginx-1     7.70%     32.2MiB / 128MiB    6.38MB / 6.17MB [K
06-slow-backend-backend-1   15.98%    188.3MiB / 512MiB   2.11MB / 3.54MB [K
 [K
[J[HNAME                        CPU %     MEM USAGE / LIMIT   NET I/O
06-slow-backend-nginx-1     7.70%     32.2MiB / 128MiB    6.38MB / 6.17MB
06-slow-backend-backend-1   15.98%    188.3MiB / 512MiB   2.11MB / 3.54MB
[HNAME                        CPU %     MEM USAGE / LIMIT   NET I/O [K
06-slow-backend-nginx-1     7.70%     32.2MiB / 128MiB    6.38MB / 6.17MB [K
06-slow-backend-backend-1   15.98%    188.3MiB / 512MiB   2.11MB / 3.54MB [K
 [K
[J[HNAME                        CPU %     MEM USAGE / LIMIT   NET I/O
06-slow-backend-nginx-1     5.67%     31.95MiB / 128MiB   6.61MB / 6.39MB
06-slow-backend-backend-1   12.36%    188.2MiB / 512MiB   2.17MB / 3.68MB
[HNAME                        CPU %     MEM USAGE / LIMIT   NET I/O [K
06-slow-backend-nginx-1     5.67%     31.95MiB / 128MiB   6.61MB / 6.39MB [K
06-slow-backend-backend-1   12.36%    188.2MiB / 512MiB   2.17MB / 3.68MB [K
 [K
[J[HNAME                        CPU %     MEM USAGE / LIMIT   NET I/O
06-slow-backend-nginx-1     5.67%     31.95MiB / 128MiB   6.61MB / 6.39MB
06-slow-backend-backend-1   12.36%    188.2MiB / 512MiB   2.17MB / 3.68MB
[HNAME                        CPU %     MEM USAGE / LIMIT   NET I/O [K
06-slow-backend-nginx-1     5.67%     31.95MiB / 128MiB   6.61MB / 6.39MB [K
06-slow-backend-backend-1   12.36%    188.2MiB / 512MiB   2.17MB / 3.68MB [K
 [K
[J[HNAME                        CPU %     MEM USAGE / LIMIT   NET I/O
06-slow-backend-nginx-1     6.80%     31.98MiB / 128MiB   6.85MB / 6.61MB
06-slow-backend-backend-1   13.13%    188.3MiB / 512MiB   2.23MB / 3.81MB
[HNAME                        CPU %     MEM USAGE / LIMIT   NET I/O [K
06-slow-backend-nginx-1     6.80%     31.98MiB / 128MiB   6.85MB / 6.61MB [K
06-slow-backend-backend-1   13.13%    188.3MiB / 512MiB   2.23MB / 3.81MB [K
 [K
[J[HNAME                        CPU %     MEM USAGE / LIMIT   NET I/O
06-slow-backend-nginx-1     6.80%     31.98MiB / 128MiB   6.85MB / 6.61MB
06-slow-backend-backend-1   13.13%    188.3MiB / 512MiB   2.23MB / 3.81MB
[HNAME                        CPU %     MEM USAGE / LIMIT   NET I/O [K
06-slow-backend-nginx-1     6.80%     31.98MiB / 128MiB   6.85MB / 6.61MB [K
06-slow-backend-backend-1   13.13%    188.3MiB / 512MiB   2.23MB / 3.81MB [K
 [K
[J[HNAME                        CPU %     MEM USAGE / LIMIT   NET I/O
06-slow-backend-nginx-1     7.15%     32.09MiB / 128MiB   7.08MB / 6.84MB
06-slow-backend-backend-1   13.96%    188.3MiB / 512MiB   2.29MB / 3.95MB
[HNAME                        CPU %     MEM USAGE / LIMIT   NET I/O [K
06-slow-backend-nginx-1     7.15%     32.09MiB / 128MiB   7.08MB / 6.84MB [K
06-slow-backend-backend-1   13.96%    188.3MiB / 512MiB   2.29MB / 3.95MB [K
 [K
[J[HNAME                        CPU %     MEM USAGE / LIMIT   NET I/O
06-slow-backend-nginx-1     7.15%     32.09MiB / 128MiB   7.08MB / 6.84MB
06-slow-backend-backend-1   13.96%    188.3MiB / 512MiB   2.29MB / 3.95MB
[HNAME                        CPU %     MEM USAGE / LIMIT   NET I/O [K
06-slow-backend-nginx-1     7.15%     32.09MiB / 128MiB   7.08MB / 6.84MB [K
06-slow-backend-backend-1   13.96%    188.3MiB / 512MiB   2.29MB / 3.95MB [K
 [K
[J[HNAME                        CPU %     MEM USAGE / LIMIT   NET I/O
06-slow-backend-nginx-1     6.73%     32.21MiB / 128MiB   7.32MB / 7.06MB
06-slow-backend-backend-1   15.44%    188.3MiB / 512MiB   2.35MB / 4.09MB
[HNAME                        CPU %     MEM USAGE / LIMIT   NET I/O [K
06-slow-backend-nginx-1     6.73%     32.21MiB / 128MiB   7.32MB / 7.06MB [K
06-slow-backend-backend-1   15.44%    188.3MiB / 512MiB   2.35MB / 4.09MB [K
 [K
[J[HNAME                        CPU %     MEM USAGE / LIMIT   NET I/O
06-slow-backend-nginx-1     6.73%     32.21MiB / 128MiB   7.32MB / 7.06MB
06-slow-backend-backend-1   15.44%    188.3MiB / 512MiB   2.35MB / 4.09MB
[HNAME                        CPU %     MEM USAGE / LIMIT   NET I/O [K
06-slow-backend-nginx-1     6.73%     32.21MiB / 128MiB   7.32MB / 7.06MB [K
06-slow-backend-backend-1   15.44%    188.3MiB / 512MiB   2.35MB / 4.09MB [K
 [K
[J[HNAME                        CPU %     MEM USAGE / LIMIT   NET I/O
06-slow-backend-nginx-1     7.38%     31.98MiB / 128MiB   7.55MB / 7.28MB
06-slow-backend-backend-1   14.15%    188.3MiB / 512MiB   2.41MB / 4.22MB
[HNAME                        CPU %     MEM USAGE / LIMIT   NET I/O [K
06-slow-backend-nginx-1     7.38%     31.98MiB / 128MiB   7.55MB / 7.28MB [K
06-slow-backend-backend-1   14.15%    188.3MiB / 512MiB   2.41MB / 4.22MB [K
 [K
[J[HNAME                        CPU %     MEM USAGE / LIMIT   NET I/O
06-slow-backend-nginx-1     7.38%     31.98MiB / 128MiB   7.55MB / 7.28MB
06-slow-backend-backend-1   14.15%    188.3MiB / 512MiB   2.41MB / 4.22MB
[HNAME                        CPU %     MEM USAGE / LIMIT   NET I/O [K
06-slow-backend-nginx-1     7.38%     31.98MiB / 128MiB   7.55MB / 7.28MB [K
06-slow-backend-backend-1   14.15%    188.3MiB / 512MiB   2.41MB / 4.22MB [K
 [K
[J[HNAME                        CPU %     MEM USAGE / LIMIT   NET I/O
06-slow-backend-nginx-1     7.02%     32MiB / 128MiB      7.78MB / 7.5MB
06-slow-backend-backend-1   15.52%    188.5MiB / 512MiB   2.48MB / 4.36MB
[HNAME                        CPU %     MEM USAGE / LIMIT   NET I/O [K
06-slow-backend-nginx-1     7.02%     32MiB / 128MiB      7.78MB / 7.5MB [K
06-slow-backend-backend-1   15.52%    188.5MiB / 512MiB   2.48MB / 4.36MB [K
 [K
[J[HNAME                        CPU %     MEM USAGE / LIMIT   NET I/O
06-slow-backend-nginx-1     7.02%     32MiB / 128MiB      7.78MB / 7.5MB
06-slow-backend-backend-1   15.52%    188.5MiB / 512MiB   2.48MB / 4.36MB
[HNAME                        CPU %     MEM USAGE / LIMIT   NET I/O [K
06-slow-backend-nginx-1     7.02%     32MiB / 128MiB      7.78MB / 7.5MB [K
06-slow-backend-backend-1   15.52%    188.5MiB / 512MiB   2.48MB / 4.36MB [K
 [K
[J[HNAME                        CPU %     MEM USAGE / LIMIT   NET I/O
06-slow-backend-nginx-1     5.20%     32.18MiB / 128MiB   8.02MB / 7.73MB
06-slow-backend-backend-1   10.49%    188.3MiB / 512MiB   2.54MB / 4.5MB
[HNAME                        CPU %     MEM USAGE / LIMIT   NET I/O [K
06-slow-backend-nginx-1     5.20%     32.18MiB / 128MiB   8.02MB / 7.73MB [K
06-slow-backend-backend-1   10.49%    188.3MiB / 512MiB   2.54MB / 4.5MB [K
 [K
[J[HNAME                        CPU %     MEM USAGE / LIMIT   NET I/O
06-slow-backend-nginx-1     5.20%     32.18MiB / 128MiB   8.02MB / 7.73MB
06-slow-backend-backend-1   10.49%    188.3MiB / 512MiB   2.54MB / 4.5MB
[HNAME                        CPU %     MEM USAGE / LIMIT   NET I/O [K
06-slow-backend-nginx-1     5.20%     32.18MiB / 128MiB   8.02MB / 7.73MB [K
06-slow-backend-backend-1   10.49%    188.3MiB / 512MiB   2.54MB / 4.5MB [K
 [K
[J