
┌─────────┬──────┬───────┬────────┬────────┬──────────┬─────────┬────────┐
│ Stat    │ 2.5% │ 50%   │ 97.5%  │ 99%    │ Avg      │ Stdev   │ Max    │
├─────────┼──────┼───────┼────────┼────────┼──────────┼─────────┼────────┤
│ Latency │ 1 ms │ 17 ms │ 137 ms │ 171 ms │ 34.42 ms │ 38.9 ms │ 237 ms │
└─────────┴──────┴───────┴────────┴────────┴──────────┴─────────┴────────┘
┌───────────┬────────┬────────┬────────┬────────┬─────────┬─────────┬────────┐
│ Stat      │ 1%     │ 2.5%   │ 50%    │ 97.5%  │ Avg     │ Stdev   │ Min    │
├───────────┼────────┼────────┼────────┼────────┼─────────┼─────────┼────────┤
│ Req/Sec   │ 945    │ 945    │ 1,000  │ 1,132  │ 1,012.5 │ 40.6    │ 945    │
├───────────┼────────┼────────┼────────┼────────┼─────────┼─────────┼────────┤
│ Bytes/Sec │ 182 kB │ 182 kB │ 192 kB │ 217 kB │ 194 kB  │ 7.79 kB │ 181 kB │
└───────────┴────────┴────────┴────────┴────────┴─────────┴─────────┴────────┘

Req/Bytes counts sampled once per second.
# of samples: 30

31k requests in 30.05s, 5.83 MB read
(node:11936) Warning: Setting the NODE_TLS_REJECT_UNAUTHORIZED environment variable to '0' makes TLS connections and HTTPS requests insecure by disabling certificate verification.
(Use `node --trace-warnings ...` to show where the warning was created)

┌─────────┬──────┬───────┬────────┬────────┬──────────┬──────────┬────────┐
│ Stat    │ 2.5% │ 50%   │ 97.5%  │ 99%    │ Avg      │ Stdev    │ Max    │
├─────────┼──────┼───────┼────────┼────────┼──────────┼──────────┼────────┤
│ Latency │ 1 ms │ 14 ms │ 166 ms │ 197 ms │ 29.28 ms │ 42.56 ms │ 292 ms │
└─────────┴──────┴───────┴────────┴────────┴──────────┴──────────┴────────┘
┌───────────┬────────┬────────┬────────┬────────┬──────────┬─────────┬────────┐
│ Stat      │ 1%     │ 2.5%   │ 50%    │ 97.5%  │ Avg      │ Stdev   │ Min    │
├───────────┼────────┼────────┼────────┼────────┼──────────┼─────────┼────────┤
│ Req/Sec   │ 868    │ 868    │ 1,014  │ 1,105  │ 1,003.64 │ 56.21   │ 868    │
├───────────┼────────┼────────┼────────┼────────┼──────────┼─────────┼────────┤
│ Bytes/Sec │ 167 kB │ 167 kB │ 195 kB │ 212 kB │ 193 kB   │ 10.8 kB │ 167 kB │
└───────────┴────────┴────────┴────────┴────────┴──────────┴─────────┴────────┘

Req/Bytes counts sampled once per second.
# of samples: 30

31k requests in 30.06s, 5.78 MB read
