[HNAME      CPU %     MEM USAGE / LIMIT
nginx     0.16%     268.7MiB / 512MiB
[HNAME      CPU %     MEM USAGE / LIMIT [K
nginx     0.16%     268.7MiB / 512MiB [K
 [K
[J[HNAME      CPU %     MEM USAGE / LIMIT
nginx     0.16%     268.7MiB / 512MiB
[HNAME      CPU %     MEM USAGE / LIMIT [K
nginx     0.16%     268.7MiB / 512MiB [K
 [K
[J[HNAME      CPU %     MEM USAGE / LIMIT
nginx     4.89%     270.5MiB / 512MiB
[HNAME      CPU %     MEM USAGE / LIMIT [K
nginx     4.89%     270.5MiB / 512MiB [K
 [K
[J[HNAME      CPU %     MEM USAGE / LIMIT
nginx     4.89%     270.5MiB / 512MiB
[HNAME      CPU %     MEM USAGE / LIMIT [K
nginx     4.89%     270.5MiB / 512MiB [K
 [K
[J[HNAME      CPU %     MEM USAGE / LIMIT
nginx     3.04%     271MiB / 512MiB
[HNAME      CPU %     MEM USAGE / LIMIT [K
nginx     3.04%     271MiB / 512MiB [K
 [K
[J[HNAME      CPU %     MEM USAGE / LIMIT
nginx     3.04%     271MiB / 512MiB
[HNAME      CPU %     MEM USAGE / LIMIT [K
nginx     3.04%     271MiB / 512MiB [K
 [K
[J[HNAME      CPU %     MEM USAGE / LIMIT
nginx     3.67%     270.6MiB / 512MiB
[HNAME      CPU %     MEM USAGE / LIMIT [K
nginx     3.67%     270.6MiB / 512MiB [K
 [K
[J[HNAME      CPU %     MEM USAGE / LIMIT
nginx     3.67%     270.6MiB / 512MiB
[HNAME      CPU %     MEM USAGE / LIMIT [K
nginx     3.67%     270.6MiB / 512MiB [K
 [K
[J[HNAME      CPU %     MEM USAGE / LIMIT
nginx     3.34%     270.7MiB / 512MiB
[HNAME      CPU %     MEM USAGE / LIMIT [K
nginx     3.34%     270.7MiB / 512MiB [K
 [K
[J[HNAME      CPU %     MEM USAGE / LIMIT
nginx     3.34%     270.7MiB / 512MiB
[HNAME      CPU %     MEM USAGE / LIMIT [K
nginx     3.34%     270.7MiB / 512MiB [K
 [K
[J[HNAME      CPU %     MEM USAGE / LIMIT
nginx     4.72%     271MiB / 512MiB
[HNAME      CPU %     MEM USAGE / LIMIT [K
nginx     4.72%     271MiB / 512MiB [K
 [K
[J[HNAME      CPU %     MEM USAGE / LIMIT
nginx     4.72%     271MiB / 512MiB
[HNAME      CPU %     MEM USAGE / LIMIT [K
nginx     4.72%     271MiB / 512MiB [K
 [K
[J[HNAME      CPU %     MEM USAGE / LIMIT
nginx     4.09%     271.2MiB / 512MiB
[HNAME      CPU %     MEM USAGE / LIMIT [K
nginx     4.09%     271.2MiB / 512MiB [K
 [K
[J[HNAME      CPU %     MEM USAGE / LIMIT
nginx     4.09%     271.2MiB / 512MiB
[HNAME      CPU %     MEM USAGE / LIMIT [K
nginx     4.09%     271.2MiB / 512MiB [K
 [K
[J[HNAME      CPU %     MEM USAGE / LIMIT
nginx     3.86%     270.8MiB / 512MiB
[HNAME      CPU %     MEM USAGE / LIMIT [K
nginx     3.86%     270.8MiB / 512MiB [K
 [K
[J[HNAME      CPU %     MEM USAGE / LIMIT
nginx     3.86%     270.8MiB / 512MiB
[HNAME      CPU %     MEM USAGE / LIMIT [K
nginx     3.86%     270.8MiB / 512MiB [K
 [K
[J[HNAME      CPU %     MEM USAGE / LIMIT
nginx     4.82%     270.5MiB / 512MiB
[HNAME      CPU %     MEM USAGE / LIMIT [K
nginx     4.82%     270.5MiB / 512MiB [K
 [K
[J[HNAME      CPU %     MEM USAGE / LIMIT
nginx     4.82%     270.5MiB / 512MiB
[HNAME      CPU %     MEM USAGE / LIMIT [K
nginx     4.82%     270.5MiB / 512MiB [K
 [K
[J[HNAME      CPU %     MEM USAGE / LIMIT
nginx     4.38%     270.5MiB / 512MiB
[HNAME      CPU %     MEM USAGE / LIMIT [K
nginx     4.38%     270.5MiB / 512MiB [K
 [K
[J[HNAME      CPU %     MEM USAGE / LIMIT
nginx     4.38%     270.5MiB / 512MiB
[HNAME      CPU %     MEM USAGE / LIMIT [K
nginx     4.38%     270.5MiB / 512MiB [K
 [K
[J[HNAME      CPU %     MEM USAGE / LIMIT
nginx     5.90%     271MiB / 512MiB
[HNAME      CPU %     MEM USAGE / LIMIT [K
nginx     5.90%     271MiB / 512MiB [K
 [K
[J[HNAME      CPU %     MEM USAGE / LIMIT
nginx     5.90%     271MiB / 512MiB
[HNAME      CPU %     MEM USAGE / LIMIT [K
nginx     5.90%     271MiB / 512MiB [K
 [K
[J[HNAME      CPU %     MEM USAGE / LIMIT
nginx     4.06%     270.5MiB / 512MiB
[HNAME      CPU %     MEM USAGE / LIMIT [K
nginx     4.06%     270.5MiB / 512MiB [K
 [K
[J[HNAME      CPU %     MEM USAGE / LIMIT
nginx     4.06%     270.5MiB / 512MiB
[HNAME      CPU %     MEM USAGE / LIMIT [K
nginx     4.06%     270.5MiB / 512MiB [K
 [K
[J[HNAME      CPU %     MEM USAGE / LIMIT
nginx     4.39%     271.1MiB / 512MiB
[HNAME      CPU %     MEM USAGE / LIMIT [K
nginx     4.39%     271.1MiB / 512MiB [K
 [K
[J[HNAME      CPU %     MEM USAGE / LIMIT
nginx     4.39%     271.1MiB / 512MiB
[HNAME      CPU %     MEM USAGE / LIMIT [K
nginx     4.39%     271.1MiB / 512MiB [K
 [K
[J[HNAME      CPU %     MEM USAGE / LIMIT
nginx     6.25%     270.9MiB / 512MiB
[HNAME      CPU %     MEM USAGE / LIMIT [K
nginx     6.25%     270.9MiB / 512MiB [K
 [K
[J[HNAME      CPU %     MEM USAGE / LIMIT
nginx     6.25%     270.9MiB / 512MiB
[HNAME      CPU %     MEM USAGE / LIMIT [K
nginx     6.25%     270.9MiB / 512MiB [K
 [K
[J[HNAME      CPU %     MEM USAGE / LIMIT
nginx     5.37%     270.9MiB / 512MiB
[HNAME      CPU %     MEM USAGE / LIMIT [K
nginx     5.37%     270.9MiB / 512MiB [K
 [K
[J[HNAME      CPU %     MEM USAGE / LIMIT
nginx     5.37%     270.9MiB / 512MiB
[HNAME      CPU %     MEM USAGE / LIMIT [K
nginx     5.37%     270.9MiB / 512MiB [K
 [K
[J[HNAME      CPU %     MEM USAGE / LIMIT
nginx     5.92%     270.9MiB / 512MiB
[HNAME      CPU %     MEM USAGE / LIMIT [K
nginx     5.92%     270.9MiB / 512MiB [K
 [K
[J[HNAME      CPU %     MEM USAGE / LIMIT
nginx     5.92%     270.9MiB / 512MiB
[HNAME      CPU %     MEM USAGE / LIMIT [K
nginx     5.92%     270.9MiB / 512MiB [K
 [K
[J[HNAME      CPU %     MEM USAGE / LIMIT
nginx     5.63%     271MiB / 512MiB
[HNAME      CPU %     MEM USAGE / LIMIT [K
nginx     5.63%     271MiB / 512MiB [K
 [K
[J[HNAME      CPU %     MEM USAGE / LIMIT
nginx     5.63%     271MiB / 512MiB
[HNAME      CPU %     MEM USAGE / LIMIT [K
nginx     5.63%     271MiB / 512MiB [K
 [K
[J[HNAME      CPU %     MEM USAGE / LIMIT
nginx     6.26%     270.5MiB / 512MiB
[HNAME      CPU %     MEM USAGE / LIMIT [K
nginx     6.26%     270.5MiB / 512MiB [K
 [K
[J[HNAME      CPU %     MEM USAGE / LIMIT
nginx     6.26%     270.5MiB / 512MiB
[HNAME      CPU %     MEM USAGE / LIMIT [K
nginx     6.26%     270.5MiB / 512MiB [K
 [K
[J[HNAME      CPU %     MEM USAGE / LIMIT
nginx     9.72%     270.7MiB / 512MiB
[HNAME      CPU %     MEM USAGE / LIMIT [K
nginx     9.72%     270.7MiB / 512MiB [K
 [K
[J[HNAME      CPU %     MEM USAGE / LIMIT
nginx     9.72%     270.7MiB / 512MiB
[HNAME      CPU %     MEM USAGE / LIMIT [K
nginx     9.72%     270.7MiB / 512MiB [K
 [K
[J[HNAME      CPU %     MEM USAGE / LIMIT
nginx     7.21%     270.6MiB / 512MiB
[HNAME      CPU %     MEM USAGE / LIMIT [K
nginx     7.21%     270.6MiB / 512MiB [K
 [K
[J[HNAME      CPU %     MEM USAGE / LIMIT
nginx     7.21%     270.6MiB / 512MiB
[HNAME      CPU %     MEM USAGE / LIMIT [K
nginx     7.21%     270.6MiB / 512MiB [K
 [K
[J[HNAME      CPU %     MEM USAGE / LIMIT
nginx     6.72%     271MiB / 512MiB
[HNAME      CPU %     MEM USAGE / LIMIT [K
nginx     6.72%     271MiB / 512MiB [K
 [K
[J[HNAME      CPU %     MEM USAGE / LIMIT
nginx     6.72%     271MiB / 512MiB
[HNAME      CPU %     MEM USAGE / LIMIT [K
nginx     6.72%     271MiB / 512MiB [K
 [K
[J[HNAME      CPU %     MEM USAGE / LIMIT
nginx     8.42%     271.1MiB / 512MiB
[HNAME      CPU %     MEM USAGE / LIMIT [K
nginx     8.42%     271.1MiB / 512MiB [K
 [K
[J[HNAME      CPU %     MEM USAGE / LIMIT
nginx     8.42%     271.1MiB / 512MiB
[HNAME      CPU %     MEM USAGE / LIMIT [K
nginx     8.42%     271.1MiB / 512MiB [K
 [K
[J[HNAME      CPU %     MEM USAGE / LIMIT
nginx     9.16%     270.6MiB / 512MiB
[HNAME      CPU %     MEM USAGE / LIMIT [K
nginx     9.16%     270.6MiB / 512MiB [K
 [K
[J[HNAME      CPU %     MEM USAGE / LIMIT
nginx     9.16%     270.6MiB / 512MiB
[HNAME      CPU %     MEM USAGE / LIMIT [K
nginx     9.16%     270.6MiB / 512MiB [K
 [K
[J[HNAME      CPU %     MEM USAGE / LIMIT
nginx     9.02%     270.8MiB / 512MiB
[HNAME      CPU %     MEM USAGE / LIMIT [K
nginx     9.02%     270.8MiB / 512MiB [K
 [K
[J[HNAME      CPU %     MEM USAGE / LIMIT
nginx     9.02%     270.8MiB / 512MiB
[HNAME      CPU %     MEM USAGE / LIMIT [K
nginx     9.02%     270.8MiB / 512MiB [K
 [K
[J[HNAME      CPU %     MEM USAGE / LIMIT
nginx     7.50%     270.5MiB / 512MiB
[HNAME      CPU %     MEM USAGE / LIMIT [K
nginx     7.50%     270.5MiB / 512MiB [K
 [K
[J[HNAME      CPU %     MEM USAGE / LIMIT
nginx     7.50%     270.5MiB / 512MiB
[HNAME      CPU %     MEM USAGE / LIMIT [K
nginx     7.50%     270.5MiB / 512MiB [K
 [K
[J[HNAME      CPU %     MEM USAGE / LIMIT
nginx     8.18%     270.7MiB / 512MiB
[HNAME      CPU %     MEM USAGE / LIMIT [K
nginx     8.18%     270.7MiB / 512MiB [K
 [K
[J[HNAME      CPU %     MEM USAGE / LIMIT
nginx     8.18%     270.7MiB / 512MiB
[HNAME      CPU %     MEM USAGE / LIMIT [K
nginx     8.18%     270.7MiB / 512MiB [K
 [K
[J[HNAME      CPU %     MEM USAGE / LIMIT
nginx     10.57%    270.8MiB / 512MiB
[HNAME      CPU %     MEM USAGE / LIMIT [K
nginx     10.57%    270.8MiB / 512MiB [K
 [K
[J[HNAME      CPU %     MEM USAGE / LIMIT
nginx     10.57%    270.8MiB / 512MiB
[HNAME      CPU %     MEM USAGE / LIMIT [K
nginx     10.57%    270.8MiB / 512MiB [K
 [K
[J[HNAME      CPU %     MEM USAGE / LIMIT
nginx     10.91%    271.2MiB / 512MiB
[HNAME      CPU %     MEM USAGE / LIMIT [K
nginx     10.91%    271.2MiB / 512MiB [K
 [K
[J[HNAME      CPU %     MEM USAGE / LIMIT
nginx     10.91%    271.2MiB / 512MiB
[HNAME      CPU %     MEM USAGE / LIMIT [K
nginx     10.91%    271.2MiB / 512MiB [K
 [K
[J[HNAME      CPU %     MEM USAGE / LIMIT
nginx     11.51%    270.7MiB / 512MiB
[HNAME      CPU %     MEM USAGE / LIMIT [K
nginx     11.51%    270.7MiB / 512MiB [K
 [K
[J[HNAME      CPU %     MEM USAGE / LIMIT
nginx     11.51%    270.7MiB / 512MiB
[HNAME      CPU %     MEM USAGE / LIMIT [K
nginx     11.51%    270.7MiB / 512MiB [K
 [K
[J[HNAME      CPU %     MEM USAGE / LIMIT
nginx     5.80%     270.7MiB / 512MiB
[HNAME      CPU %     MEM USAGE / LIMIT [K
nginx     5.80%     270.7MiB / 512MiB [K
 [K
[J[HNAME      CPU %     MEM USAGE / LIMIT
nginx     5.80%     270.7MiB / 512MiB
[HNAME      CPU %     MEM USAGE / LIMIT [K
nginx     5.80%     270.7MiB / 512MiB [K
 [K
[J[HNAME      CPU %     MEM USAGE / LIMIT
nginx     4.72%     270.5MiB / 512MiB
[HNAME      CPU %     MEM USAGE / LIMIT [K
nginx     4.72%     270.5MiB / 512MiB [K
 [K
[J