[HNAME      CPU %     MEM USAGE / LIMIT
nginx     0.60%     269.7MiB / 512MiB
[HNAME      CPU %     MEM USAGE / LIMIT [K
nginx     0.60%     269.7MiB / 512MiB [K
 [K
[J[HNAME      CPU %     MEM USAGE / LIMIT
nginx     0.60%     269.7MiB / 512MiB
[HNAME      CPU %     MEM USAGE / LIMIT [K
nginx     0.60%     269.7MiB / 512MiB [K
 [K
[J[HNAME      CPU %     MEM USAGE / LIMIT
nginx     12.68%    271.4MiB / 512MiB
[HNAME      CPU %     MEM USAGE / LIMIT [K
nginx     12.68%    271.4MiB / 512MiB [K
 [K
[J[HNAME      CPU %     MEM USAGE / LIMIT
nginx     12.68%    271.4MiB / 512MiB
[HNAME      CPU %     MEM USAGE / LIMIT [K
nginx     12.68%    271.4MiB / 512MiB [K
 [K
[J[HNAME      CPU %     MEM USAGE / LIMIT
nginx     11.46%    270.8MiB / 512MiB
[HNAME      CPU %     MEM USAGE / LIMIT [K
nginx     11.46%    270.8MiB / 512MiB [K
 [K
[J[HNAME      CPU %     MEM USAGE / LIMIT
nginx     11.46%    270.8MiB / 512MiB
[HNAME      CPU %     MEM USAGE / LIMIT [K
nginx     11.46%    270.8MiB / 512MiB [K
 [K
[J[HNAME      CPU %     MEM USAGE / LIMIT
nginx     4.95%     270.6MiB / 512MiB
[HNAME      CPU %     MEM USAGE / LIMIT [K
nginx     4.95%     270.6MiB / 512MiB [K
 [K
[J[HNAME      CPU %     MEM USAGE / LIMIT
nginx     4.95%     270.6MiB / 512MiB
[HNAME      CPU %     MEM USAGE / LIMIT [K
nginx     4.95%     270.6MiB / 512MiB [K
 [K
[J[HNAME      CPU %     MEM USAGE / LIMIT
nginx     7.49%     270.8MiB / 512MiB
[HNAME      CPU %     MEM USAGE / LIMIT [K
nginx     7.49%     270.8MiB / 512MiB [K
 [K
[J[HNAME      CPU %     MEM USAGE / LIMIT
nginx     7.49%     270.8MiB / 512MiB
[HNAME      CPU %     MEM USAGE / LIMIT [K
nginx     7.49%     270.8MiB / 512MiB [K
 [K
[J[HNAME      CPU %     MEM USAGE / LIMIT
nginx     5.46%     270.8MiB / 512MiB
[HNAME      CPU %     MEM USAGE / LIMIT [K
nginx     5.46%     270.8MiB / 512MiB [K
 [K
[J[HNAME      CPU %     MEM USAGE / LIMIT
nginx     5.46%     270.8MiB / 512MiB
[HNAME      CPU %     MEM USAGE / LIMIT [K
nginx     5.46%     270.8MiB / 512MiB [K
 [K
[J[HNAME      CPU %     MEM USAGE / LIMIT
nginx     5.95%     270.8MiB / 512MiB
[HNAME      CPU %     MEM USAGE / LIMIT [K
nginx     5.95%     270.8MiB / 512MiB [K
 [K
[J[HNAME      CPU %     MEM USAGE / LIMIT
nginx     5.95%     270.8MiB / 512MiB
[HNAME      CPU %     MEM USAGE / LIMIT [K
nginx     5.95%     270.8MiB / 512MiB [K
 [K
[J[HNAME      CPU %     MEM USAGE / LIMIT
nginx     6.18%     271.1MiB / 512MiB
[HNAME      CPU %     MEM USAGE / LIMIT [K
nginx     6.18%     271.1MiB / 512MiB [K
 [K
[J[HNAME      CPU %     MEM USAGE / LIMIT
nginx     6.18%     271.1MiB / 512MiB
[HNAME      CPU %     MEM USAGE / LIMIT [K
nginx     6.18%     271.1MiB / 512MiB [K
 [K
[J[HNAME      CPU %     MEM USAGE / LIMIT
nginx     7.07%     270.6MiB / 512MiB
[HNAME      CPU %     MEM USAGE / LIMIT [K
nginx     7.07%     270.6MiB / 512MiB [K
 [K
[J[HNAME      CPU %     MEM USAGE / LIMIT
nginx     7.07%     270.6MiB / 512MiB
[HNAME      CPU %     MEM USAGE / LIMIT [K
nginx     7.07%     270.6MiB / 512MiB [K
 [K
[J[HNAME      CPU %     MEM USAGE / LIMIT
nginx     6.41%     271.1MiB / 512MiB
[HNAME      CPU %     MEM USAGE / LIMIT [K
nginx     6.41%     271.1MiB / 512MiB [K
 [K
[J[HNAME      CPU %     MEM USAGE / LIMIT
nginx     6.41%     271.1MiB / 512MiB
[HNAME      CPU %     MEM USAGE / LIMIT [K
nginx     6.41%     271.1MiB / 512MiB [K
 [K
[J[HNAME      CPU %     MEM USAGE / LIMIT
nginx     5.37%     270.5MiB / 512MiB
[HNAME      CPU %     MEM USAGE / LIMIT [K
nginx     5.37%     270.5MiB / 512MiB [K
 [K
[J[HNAME      CPU %     MEM USAGE / LIMIT
nginx     5.37%     270.5MiB / 512MiB
[HNAME      CPU %     MEM USAGE / LIMIT [K
nginx     5.37%     270.5MiB / 512MiB [K
 [K
[J[HNAME      CPU %     MEM USAGE / LIMIT
nginx     4.90%     270.8MiB / 512MiB
[HNAME      CPU %     MEM USAGE / LIMIT [K
nginx     4.90%     270.8MiB / 512MiB [K
 [K
[J[HNAME      CPU %     MEM USAGE / LIMIT
nginx     4.90%     270.8MiB / 512MiB
[HNAME      CPU %     MEM USAGE / LIMIT [K
nginx     4.90%     270.8MiB / 512MiB [K
 [K
[J[HNAME      CPU %     MEM USAGE / LIMIT
nginx     6.19%     270.6MiB / 512MiB
[HNAME      CPU %     MEM USAGE / LIMIT [K
nginx     6.19%     270.6MiB / 512MiB [K
 [K
[J[HNAME      CPU %     MEM USAGE / LIMIT
nginx     6.19%     270.6MiB / 512MiB
[HNAME      CPU %     MEM USAGE / LIMIT [K
nginx     6.19%     270.6MiB / 512MiB [K
 [K
[J[HNAME      CPU %     MEM USAGE / LIMIT
nginx     5.64%     270.9MiB / 512MiB
[HNAME      CPU %     MEM USAGE / LIMIT [K
nginx     5.64%     270.9MiB / 512MiB [K
 [K
[J[HNAME      CPU %     MEM USAGE / LIMIT
nginx     5.64%     270.9MiB / 512MiB
[HNAME      CPU %     MEM USAGE / LIMIT [K
nginx     5.64%     270.9MiB / 512MiB [K
 [K
[J[HNAME      CPU %     MEM USAGE / LIMIT
nginx     5.30%     270.6MiB / 512MiB
[HNAME      CPU %     MEM USAGE / LIMIT [K
nginx     5.30%     270.6MiB / 512MiB [K
 [K
[J[HNAME      CPU %     MEM USAGE / LIMIT
nginx     5.30%     270.6MiB / 512MiB
[HNAME      CPU %     MEM USAGE / LIMIT [K
nginx     5.30%     270.6MiB / 512MiB [K
 [K
[J[HNAME      CPU %     MEM USAGE / LIMIT
nginx     5.72%     270.6MiB / 512MiB
[HNAME      CPU %     MEM USAGE / LIMIT [K
nginx     5.72%     270.6MiB / 512MiB [K
 [K
[J[HNAME      CPU %     MEM USAGE / LIMIT
nginx     5.72%     270.6MiB / 512MiB
[HNAME      CPU %     MEM USAGE / LIMIT [K
nginx     5.72%     270.6MiB / 512MiB [K
 [K
[J[HNAME      CPU %     MEM USAGE / LIMIT
nginx     6.83%     270.6MiB / 512MiB
[HNAME      CPU %     MEM USAGE / LIMIT [K
nginx     6.83%     270.6MiB / 512MiB [K
 [K
[J[HNAME      CPU %     MEM USAGE / LIMIT
nginx     6.83%     270.6MiB / 512MiB
[HNAME      CPU %     MEM USAGE / LIMIT [K
nginx     6.83%     270.6MiB / 512MiB [K
 [K
[J[HNAME      CPU %     MEM USAGE / LIMIT
nginx     6.10%     270.9MiB / 512MiB
[HNAME      CPU %     MEM USAGE / LIMIT [K
nginx     6.10%     270.9MiB / 512MiB [K
 [K
[J[HNAME      CPU %     MEM USAGE / LIMIT
nginx     6.10%     270.9MiB / 512MiB
[HNAME      CPU %     MEM USAGE / LIMIT [K
nginx     6.10%     270.9MiB / 512MiB [K
 [K
[J[HNAME      CPU %     MEM USAGE / LIMIT
nginx     6.03%     270.6MiB / 512MiB
[HNAME      CPU %     MEM USAGE / LIMIT [K
nginx     6.03%     270.6MiB / 512MiB [K
 [K
[J[HNAME      CPU %     MEM USAGE / LIMIT
nginx     6.03%     270.6MiB / 512MiB
[HNAME      CPU %     MEM USAGE / LIMIT [K
nginx     6.03%     270.6MiB / 512MiB [K
 [K
[J[HNAME      CPU %     MEM USAGE / LIMIT
nginx     6.43%     270.6MiB / 512MiB
[HNAME      CPU %     MEM USAGE / LIMIT [K
nginx     6.43%     270.6MiB / 512MiB [K
 [K
[J[HNAME      CPU %     MEM USAGE / LIMIT
nginx     6.43%     270.6MiB / 512MiB
[HNAME      CPU %     MEM USAGE / LIMIT [K
nginx     6.43%     270.6MiB / 512MiB [K
 [K
[J[HNAME      CPU %     MEM USAGE / LIMIT
nginx     7.84%     270.6MiB / 512MiB
[HNAME      CPU %     MEM USAGE / LIMIT [K
nginx     7.84%     270.6MiB / 512MiB [K
 [K
[J[HNAME      CPU %     MEM USAGE / LIMIT
nginx     7.84%     270.6MiB / 512MiB
[HNAME      CPU %     MEM USAGE / LIMIT [K
nginx     7.84%     270.6MiB / 512MiB [K
 [K
[J[HNAME      CPU %     MEM USAGE / LIMIT
nginx     4.60%     270.6MiB / 512MiB
[HNAME      CPU %     MEM USAGE / LIMIT [K
nginx     4.60%     270.6MiB / 512MiB [K
 [K
[J[HNAME      CPU %     MEM USAGE / LIMIT
nginx     4.60%     270.6MiB / 512MiB
[HNAME      CPU %     MEM USAGE / LIMIT [K
nginx     4.60%     270.6MiB / 512MiB [K
 [K
[J[HNAME      CPU %     MEM USAGE / LIMIT
nginx     6.58%     270.6MiB / 512MiB
[HNAME      CPU %     MEM USAGE / LIMIT [K
nginx     6.58%     270.6MiB / 512MiB [K
 [K
[J[HNAME      CPU %     MEM USAGE / LIMIT
nginx     6.58%     270.6MiB / 512MiB
[HNAME      CPU %     MEM USAGE / LIMIT [K
nginx     6.58%     270.6MiB / 512MiB [K
 [K
[J[HNAME      CPU %     MEM USAGE / LIMIT
nginx     6.04%     270.6MiB / 512MiB
[HNAME      CPU %     MEM USAGE / LIMIT [K
nginx     6.04%     270.6MiB / 512MiB [K
 [K
[J[HNAME      CPU %     MEM USAGE / LIMIT
nginx     6.04%     270.6MiB / 512MiB
[HNAME      CPU %     MEM USAGE / LIMIT [K
nginx     6.04%     270.6MiB / 512MiB [K
 [K
[J[HNAME      CPU %     MEM USAGE / LIMIT
nginx     5.15%     271.1MiB / 512MiB
[HNAME      CPU %     MEM USAGE / LIMIT [K
nginx     5.15%     271.1MiB / 512MiB [K
 [K
[J[HNAME      CPU %     MEM USAGE / LIMIT
nginx     5.15%     271.1MiB / 512MiB
[HNAME      CPU %     MEM USAGE / LIMIT [K
nginx     5.15%     271.1MiB / 512MiB [K
 [K
[J[HNAME      CPU %     MEM USAGE / LIMIT
nginx     5.64%     270.6MiB / 512MiB
[HNAME      CPU %     MEM USAGE / LIMIT [K
nginx     5.64%     270.6MiB / 512MiB [K
 [K
[J[HNAME      CPU %     MEM USAGE / LIMIT
nginx     5.64%     270.6MiB / 512MiB
[HNAME      CPU %     MEM USAGE / LIMIT [K
nginx     5.64%     270.6MiB / 512MiB [K
 [K
[J[HNAME      CPU %     MEM USAGE / LIMIT
nginx     5.75%     270.7MiB / 512MiB
[HNAME      CPU %     MEM USAGE / LIMIT [K
nginx     5.75%     270.7MiB / 512MiB [K
 [K
[J[HNAME      CPU %     MEM USAGE / LIMIT
nginx     5.75%     270.7MiB / 512MiB
[HNAME      CPU %     MEM USAGE / LIMIT [K
nginx     5.75%     270.7MiB / 512MiB [K
 [K
[J[HNAME      CPU %     MEM USAGE / LIMIT
nginx     5.61%     270.6MiB / 512MiB
[HNAME      CPU %     MEM USAGE / LIMIT [K
nginx     5.61%     270.6MiB / 512MiB [K
 [K
[J[HNAME      CPU %     MEM USAGE / LIMIT
nginx     5.61%     270.6MiB / 512MiB
[HNAME      CPU %     MEM USAGE / LIMIT [K
nginx     5.61%     270.6MiB / 512MiB [K
 [K
[J[HNAME      CPU %     MEM USAGE / LIMIT
nginx     5.90%     270.6MiB / 512MiB
[HNAME      CPU %     MEM USAGE / LIMIT [K
nginx     5.90%     270.6MiB / 512MiB [K
 [K
[J[HNAME      CPU %     MEM USAGE / LIMIT
nginx     5.90%     270.6MiB / 512MiB
[HNAME      CPU %     MEM USAGE / LIMIT [K
nginx     5.90%     270.6MiB / 512MiB [K
 [K
[J[HNAME      CPU %     MEM USAGE / LIMIT
nginx     7.17%     270.6MiB / 512MiB
[HNAME      CPU %     MEM USAGE / LIMIT [K
nginx     7.17%     270.6MiB / 512MiB [K
 [K
[J[HNAME      CPU %     MEM USAGE / LIMIT
nginx     7.17%     270.6MiB / 512MiB
[HNAME      CPU %     MEM USAGE / LIMIT [K
nginx     7.17%     270.6MiB / 512MiB [K
 [K
[J[HNAME      CPU %     MEM USAGE / LIMIT
nginx     5.84%     270.6MiB / 512MiB
[HNAME      CPU %     MEM USAGE / LIMIT [K
nginx     5.84%     270.6MiB / 512MiB [K
 [K
[J[HNAME      CPU %     MEM USAGE / LIMIT
nginx     5.84%     270.6MiB / 512MiB
[HNAME      CPU %     MEM USAGE / LIMIT [K
nginx     5.84%     270.6MiB / 512MiB [K
 [K
[J[HNAME      CPU %     MEM USAGE / LIMIT
nginx     2.89%     270.3MiB / 512MiB
[HNAME      CPU %     MEM USAGE / LIMIT [K
nginx     2.89%     270.3MiB / 512MiB [K
 [K
[J[HNAME      CPU %     MEM USAGE / LIMIT
nginx     2.89%     270.3MiB / 512MiB
[HNAME      CPU %     MEM USAGE / LIMIT [K
nginx     2.89%     270.3MiB / 512MiB [K
 [K
[J[HNAME      CPU %     MEM USAGE / LIMIT
nginx     0.04%     270.2MiB / 512MiB
[HNAME      CPU %     MEM USAGE / LIMIT [K
nginx     0.04%     270.2MiB / 512MiB [K
 [K
[J[HNAME      CPU %     MEM USAGE / LIMIT
nginx     0.04%     270.2MiB / 512MiB
[HNAME      CPU %     MEM USAGE / LIMIT [K
nginx     0.04%     270.2MiB / 512MiB [K
 [K
[J[HNAME      CPU %     MEM USAGE / LIMIT
nginx     0.03%     270.2MiB / 512MiB
[HNAME      CPU %     MEM USAGE / LIMIT [K
nginx     0.03%     270.2MiB / 512MiB [K
 [K
[J[HNAME      CPU %     MEM USAGE / LIMIT
nginx     0.03%     270.2MiB / 512MiB
[HNAME      CPU %     MEM USAGE / LIMIT [K
nginx     0.03%     270.2MiB / 512MiB [K
 [K
[J[HNAME      CPU %     MEM USAGE / LIMIT
nginx     0.04%     270.5MiB / 512MiB
[HNAME      CPU %     MEM USAGE / LIMIT [K
nginx     0.04%     270.5MiB / 512MiB [K
 [K
[J[HNAME      CPU %     MEM USAGE / LIMIT
nginx     0.04%     270.5MiB / 512MiB
[HNAME      CPU %     MEM USAGE / LIMIT [K
nginx     0.04%     270.5MiB / 512MiB [K
 [K
[J[HNAME      CPU %     MEM USAGE / LIMIT
nginx     0.04%     270.5MiB / 512MiB
[HNAME      CPU %     MEM USAGE / LIMIT [K
nginx     0.04%     270.5MiB / 512MiB [K
 [K
[J[HNAME      CPU %     MEM USAGE / LIMIT
nginx     0.04%     270.5MiB / 512MiB
[HNAME      CPU %     MEM USAGE / LIMIT [K
nginx     0.04%     270.5MiB / 512MiB [K
 [K
[J[HNAME      CPU %     MEM USAGE / LIMIT
nginx     35.72%    276.6MiB / 512MiB
[HNAME      CPU %     MEM USAGE / LIMIT [K
nginx     35.72%    276.6MiB / 512MiB [K
 [K
[J[HNAME      CPU %     MEM USAGE / LIMIT
nginx     35.72%    276.6MiB / 512MiB
[HNAME      CPU %     MEM USAGE / LIMIT [K
nginx     35.72%    276.6MiB / 512MiB [K
 [K
[J[HNAME      CPU %     MEM USAGE / LIMIT
nginx     9.89%     276.1MiB / 512MiB
[HNAME      CPU %     MEM USAGE / LIMIT [K
nginx     9.89%     276.1MiB / 512MiB [K
 [K
[J[HNAME      CPU %     MEM USAGE / LIMIT
nginx     9.89%     276.1MiB / 512MiB
[HNAME      CPU %     MEM USAGE / LIMIT [K
nginx     9.89%     276.1MiB / 512MiB [K
 [K
[J[HNAME      CPU %     MEM USAGE / LIMIT
nginx     7.87%     276.1MiB / 512MiB
[HNAME      CPU %     MEM USAGE / LIMIT [K
nginx     7.87%     276.1MiB / 512MiB [K
 [K
[J[HNAME      CPU %     MEM USAGE / LIMIT
nginx     7.87%     276.1MiB / 512MiB
[HNAME      CPU %     MEM USAGE / LIMIT [K
nginx     7.87%     276.1MiB / 512MiB [K
 [K
[J[HNAME      CPU %     MEM USAGE / LIMIT
nginx     7.15%     276.1MiB / 512MiB
[HNAME      CPU %     MEM USAGE / LIMIT [K
nginx     7.15%     276.1MiB / 512MiB [K
 [K
[J[HNAME      CPU %     MEM USAGE / LIMIT
nginx     7.15%     276.1MiB / 512MiB
[HNAME      CPU %     MEM USAGE / LIMIT [K
nginx     7.15%     276.1MiB / 512MiB [K
 [K
[J[HNAME      CPU %     MEM USAGE / LIMIT
nginx     6.32%     276.1MiB / 512MiB
[HNAME      CPU %     MEM USAGE / LIMIT [K
nginx     6.32%     276.1MiB / 512MiB [K
 [K
[J[HNAME      CPU %     MEM USAGE / LIMIT
nginx     6.32%     276.1MiB / 512MiB
[HNAME      CPU %     MEM USAGE / LIMIT [K
nginx     6.32%     276.1MiB / 512MiB [K
 [K
[J[HNAME      CPU %     MEM USAGE / LIMIT
nginx     8.04%     276.1MiB / 512MiB
[HNAME      CPU %     MEM USAGE / LIMIT [K
nginx     8.04%     276.1MiB / 512MiB [K
 [K
[J[HNAME      CPU %     MEM USAGE / LIMIT
nginx     8.04%     276.1MiB / 512MiB
[HNAME      CPU %     MEM USAGE / LIMIT [K
nginx     8.04%     276.1MiB / 512MiB [K
 [K
[J[HNAME      CPU %     MEM USAGE / LIMIT
nginx     7.36%     276MiB / 512MiB
[HNAME      CPU %     MEM USAGE / LIMIT [K
nginx     7.36%     276MiB / 512MiB [K
 [K
[J[HNAME      CPU %     MEM USAGE / LIMIT
nginx     7.36%     276MiB / 512MiB
[HNAME      CPU %     MEM USAGE / LIMIT [K
nginx     7.36%     276MiB / 512MiB [K
 [K
[J[HNAME      CPU %     MEM USAGE / LIMIT
nginx     8.39%     276.2MiB / 512MiB
[HNAME      CPU %     MEM USAGE / LIMIT [K
nginx     8.39%     276.2MiB / 512MiB [K
 [K
[J[HNAME      CPU %     MEM USAGE / LIMIT
nginx     8.39%     276.2MiB / 512MiB
[HNAME      CPU %     MEM USAGE / LIMIT [K
nginx     8.39%     276.2MiB / 512MiB [K
 [K
[J[HNAME      CPU %     MEM USAGE / LIMIT
nginx     7.90%     276.5MiB / 512MiB
[HNAME      CPU %     MEM USAGE / LIMIT [K
nginx     7.90%     276.5MiB / 512MiB [K
 [K
[J[HNAME      CPU %     MEM USAGE / LIMIT
nginx     7.90%     276.5MiB / 512MiB
[HNAME      CPU %     MEM USAGE / LIMIT [K
nginx     7.90%     276.5MiB / 512MiB [K
 [K
[J[HNAME      CPU %     MEM USAGE / LIMIT
nginx     7.90%     276.5MiB / 512MiB
[HNAME      CPU %     MEM USAGE / LIMIT [K
nginx     7.90%     276.5MiB / 512MiB [K
 [K
[J[HNAME      CPU %     MEM USAGE / LIMIT
nginx     7.41%     276.3MiB / 512MiB
[HNAME      CPU %     MEM USAGE / LIMIT [K
nginx     7.41%     276.3MiB / 512MiB [K
 [K
[J[HNAME      CPU %     MEM USAGE / LIMIT
nginx     7.41%     276.3MiB / 512MiB
[HNAME      CPU %     MEM USAGE / LIMIT [K
nginx     7.41%     276.3MiB / 512MiB [K
 [K
[J[HNAME      CPU %     MEM USAGE / LIMIT
nginx     7.94%     276MiB / 512MiB
[HNAME      CPU %     MEM USAGE / LIMIT [K
nginx     7.94%     276MiB / 512MiB [K
 [K
[J[HNAME      CPU %     MEM USAGE / LIMIT
nginx     7.94%     276MiB / 512MiB
[HNAME      CPU %     MEM USAGE / LIMIT [K
nginx     7.94%     276MiB / 512MiB [K
 [K
[J[HNAME      CPU %     MEM USAGE / LIMIT
nginx     7.83%     276.3MiB / 512MiB
[HNAME      CPU %     MEM USAGE / LIMIT [K
nginx     7.83%     276.3MiB / 512MiB [K
 [K
[J[HNAME      CPU %     MEM USAGE / LIMIT
nginx     7.83%     276.3MiB / 512MiB
[HNAME      CPU %     MEM USAGE / LIMIT [K
nginx     7.83%     276.3MiB / 512MiB [K
 [K
[J[HNAME      CPU %     MEM USAGE / LIMIT
nginx     7.31%     276MiB / 512MiB
[HNAME      CPU %     MEM USAGE / LIMIT [K
nginx     7.31%     276MiB / 512MiB [K
 [K
[J[HNAME      CPU %     MEM USAGE / LIMIT
nginx     7.31%     276MiB / 512MiB
[HNAME      CPU %     MEM USAGE / LIMIT [K
nginx     7.31%     276MiB / 512MiB [K
 [K
[J[HNAME      CPU %     MEM USAGE / LIMIT
nginx     7.63%     276MiB / 512MiB
[HNAME      CPU %     MEM USAGE / LIMIT [K
nginx     7.63%     276MiB / 512MiB [K
 [K
[J[HNAME      CPU %     MEM USAGE / LIMIT
nginx     7.63%     276MiB / 512MiB
[HNAME      CPU %     MEM USAGE / LIMIT [K
nginx     7.63%     276MiB / 512MiB [K
 [K
[J[HNAME      CPU %     MEM USAGE / LIMIT
nginx     6.79%     276.1MiB / 512MiB
[HNAME      CPU %     MEM USAGE / LIMIT [K
nginx     6.79%     276.1MiB / 512MiB [K
 [K
[J[HNAME      CPU %     MEM USAGE / LIMIT
nginx     6.79%     276.1MiB / 512MiB
[HNAME      CPU %     MEM USAGE / LIMIT [K
nginx     6.79%     276.1MiB / 512MiB [K
 [K
[J[HNAME      CPU %     MEM USAGE / LIMIT
nginx     8.15%     276.3MiB / 512MiB
[HNAME      CPU %     MEM USAGE / LIMIT [K
nginx     8.15%     276.3MiB / 512MiB [K
 [K
[J[HNAME      CPU %     MEM USAGE / LIMIT
nginx     8.15%     276.3MiB / 512MiB
[HNAME      CPU %     MEM USAGE / LIMIT [K
nginx     8.15%     276.3MiB / 512MiB [K
 [K
[J[HNAME      CPU %     MEM USAGE / LIMIT
nginx     7.58%     276MiB / 512MiB
[HNAME      CPU %     MEM USAGE / LIMIT [K
nginx     7.58%     276MiB / 512MiB [K
 [K
[J[HNAME      CPU %     MEM USAGE / LIMIT
nginx     7.58%     276MiB / 512MiB
[HNAME      CPU %     MEM USAGE / LIMIT [K
nginx     7.58%     276MiB / 512MiB [K
 [K
[J[HNAME      CPU %     MEM USAGE / LIMIT
nginx     10.11%    276.3MiB / 512MiB
[HNAME      CPU %     MEM USAGE / LIMIT [K
nginx     10.11%    276.3MiB / 512MiB [K
 [K
[J[HNAME      CPU %     MEM USAGE / LIMIT
nginx     10.11%    276.3MiB / 512MiB
[HNAME      CPU %     MEM USAGE / LIMIT [K
nginx     10.11%    276.3MiB / 512MiB [K
 [K
[J[HNAME      CPU %     MEM USAGE / LIMIT
nginx     8.21%     276.3MiB / 512MiB
[HNAME      CPU %     MEM USAGE / LIMIT [K
nginx     8.21%     276.3MiB / 512MiB [K
 [K
[J[HNAME      CPU %     MEM USAGE / LIMIT
nginx     8.21%     276.3MiB / 512MiB
[HNAME      CPU %     MEM USAGE / LIMIT [K
nginx     8.21%     276.3MiB / 512MiB [K
 [K
[J[HNAME      CPU %     MEM USAGE / LIMIT
nginx     7.23%     276.3MiB / 512MiB
[HNAME      CPU %     MEM USAGE / LIMIT [K
nginx     7.23%     276.3MiB / 512MiB [K
 [K
[J[HNAME      CPU %     MEM USAGE / LIMIT
nginx     7.23%     276.3MiB / 512MiB
[HNAME      CPU %     MEM USAGE / LIMIT [K
nginx     7.23%     276.3MiB / 512MiB [K
 [K
[J[HNAME      CPU %     MEM USAGE / LIMIT
nginx     9.69%     276.3MiB / 512MiB
[HNAME      CPU %     MEM USAGE / LIMIT [K
nginx     9.69%     276.3MiB / 512MiB [K
 [K
[J[HNAME      CPU %     MEM USAGE / LIMIT
nginx     9.69%     276.3MiB / 512MiB
[HNAME      CPU %     MEM USAGE / LIMIT [K
nginx     9.69%     276.3MiB / 512MiB [K
 [K
[J[HNAME      CPU %     MEM USAGE / LIMIT
nginx     8.09%     276.1MiB / 512MiB
[HNAME      CPU %     MEM USAGE / LIMIT [K
nginx     8.09%     276.1MiB / 512MiB [K
 [K
[J[HNAME      CPU %     MEM USAGE / LIMIT
nginx     8.09%     276.1MiB / 512MiB
[HNAME      CPU %     MEM USAGE / LIMIT [K
nginx     8.09%     276.1MiB / 512MiB [K
 [K
[J[HNAME      CPU %     MEM USAGE / LIMIT
nginx     7.76%     276.3MiB / 512MiB
[HNAME      CPU %     MEM USAGE / LIMIT [K
nginx     7.76%     276.3MiB / 512MiB [K
 [K
[J[HNAME      CPU %     MEM USAGE / LIMIT
nginx     7.76%     276.3MiB / 512MiB
[HNAME      CPU %     MEM USAGE / LIMIT [K
nginx     7.76%     276.3MiB / 512MiB [K
 [K
[J[HNAME      CPU %     MEM USAGE / LIMIT
nginx     7.17%     276.3MiB / 512MiB
[HNAME      CPU %     MEM USAGE / LIMIT [K
nginx     7.17%     276.3MiB / 512MiB [K
 [K
[J[HNAME      CPU %     MEM USAGE / LIMIT
nginx     7.17%     276.3MiB / 512MiB
[HNAME      CPU %     MEM USAGE / LIMIT [K
nginx     7.17%     276.3MiB / 512MiB [K
 [K
[J[HNAME      CPU %     MEM USAGE / LIMIT
nginx     9.54%     276.1MiB / 512MiB
[HNAME      CPU %     MEM USAGE / LIMIT [K
nginx     9.54%     276.1MiB / 512MiB [K
 [K
[J[HNAME      CPU %     MEM USAGE / LIMIT
nginx     9.54%     276.1MiB / 512MiB
[HNAME      CPU %     MEM USAGE / LIMIT [K
nginx     9.54%     276.1MiB / 512MiB [K
 [K
[J[HNAME      CPU %     MEM USAGE / LIMIT
nginx     8.69%     276.2MiB / 512MiB
[HNAME      CPU %     MEM USAGE / LIMIT [K
nginx     8.69%     276.2MiB / 512MiB [K
 [K
[J[HNAME      CPU %     MEM USAGE / LIMIT
nginx     8.69%     276.2MiB / 512MiB
[HNAME      CPU %     MEM USAGE / LIMIT [K
nginx     8.69%     276.2MiB / 512MiB [K
 [K
[J[HNAME      CPU %     MEM USAGE / LIMIT
nginx     8.98%     276.1MiB / 512MiB
[HNAME      CPU %     MEM USAGE / LIMIT [K
nginx     8.98%     276.1MiB / 512MiB [K
 [K
[J[HNAME      CPU %     MEM USAGE / LIMIT
nginx     8.98%     276.1MiB / 512MiB
[HNAME      CPU %     MEM USAGE / LIMIT [K
nginx     8.98%     276.1MiB / 512MiB [K
 [K
[J[HNAME      CPU %     MEM USAGE / LIMIT
nginx     7.68%     276.1MiB / 512MiB
[HNAME      CPU %     MEM USAGE / LIMIT [K
nginx     7.68%     276.1MiB / 512MiB [K
 [K
[J[HNAME      CPU %     MEM USAGE / LIMIT
nginx     7.68%     276.1MiB / 512MiB
[HNAME      CPU %     MEM USAGE / LIMIT [K
nginx     7.68%     276.1MiB / 512MiB [K
 [K
[J[HNAME      CPU %     MEM USAGE / LIMIT
nginx     7.30%     276.1MiB / 512MiB
[HNAME      CPU %     MEM USAGE / LIMIT [K
nginx     7.30%     276.1MiB / 512MiB [K
 [K
[J[HNAME      CPU %     MEM USAGE / LIMIT
nginx     7.30%     276.1MiB / 512MiB
[HNAME      CPU %     MEM USAGE / LIMIT [K
nginx     7.30%     276.1MiB / 512MiB [K
 [K
[J