
┌─────────┬──────┬──────┬───────┬───────┬──────────┬──────────┬─────────┐
│ Stat    │ 2.5% │ 50%  │ 97.5% │ 99%   │ Avg      │ Stdev    │ Max     │
├─────────┼──────┼──────┼───────┼───────┼──────────┼──────────┼─────────┤
│ Latency │ 1 ms │ 4 ms │ 88 ms │ 98 ms │ 17.25 ms │ 63.96 ms │ 9237 ms │
└─────────┴──────┴──────┴───────┴───────┴──────────┴──────────┴─────────┘
┌───────────┬────────┬────────┬─────────┬─────────┬──────────┬──────────┬────────┐
│ Stat      │ 1%     │ 2.5%   │ 50%     │ 97.5%   │ Avg      │ Stdev    │ Min    │
├───────────┼────────┼────────┼─────────┼─────────┼──────────┼──────────┼────────┤
│ Req/Sec   │ 611    │ 611    │ 8,343   │ 10,231  │ 6,713.75 │ 3,601.41 │ 611    │
├───────────┼────────┼────────┼─────────┼─────────┼──────────┼──────────┼────────┤
│ Bytes/Sec │ 106 kB │ 106 kB │ 1.45 MB │ 1.78 MB │ 1.17 MB  │ 627 kB   │ 106 kB │
└───────────┴────────┴────────┴─────────┴─────────┴──────────┴──────────┴────────┘

Req/Bytes counts sampled once per second.
# of samples: 20

134k requests in 20.03s, 23.4 MB read

┌─────────┬──────┬──────┬───────┬───────┬─────────┬──────────┬─────────┐
│ Stat    │ 2.5% │ 50%  │ 97.5% │ 99%   │ Avg     │ Stdev    │ Max     │
├─────────┼──────┼──────┼───────┼───────┼─────────┼──────────┼─────────┤
│ Latency │ 0 ms │ 3 ms │ 75 ms │ 78 ms │ 12.2 ms │ 43.96 ms │ 3247 ms │
└─────────┴──────┴──────┴───────┴───────┴─────────┴──────────┴─────────┘
┌───────────┬─────────┬─────────┬─────────┬─────────┬──────────┬─────────┬─────────┐
│ Stat      │ 1%      │ 2.5%    │ 50%     │ 97.5%   │ Avg      │ Stdev   │ Min     │
├───────────┼─────────┼─────────┼─────────┼─────────┼──────────┼─────────┼─────────┤
│ Req/Sec   │ 12,671  │ 12,671  │ 17,279  │ 19,471  │ 16,654.6 │ 1,981.4 │ 12,664  │
├───────────┼─────────┼─────────┼─────────┼─────────┼──────────┼─────────┼─────────┤
│ Bytes/Sec │ 4.73 MB │ 4.73 MB │ 6.46 MB │ 7.28 MB │ 6.23 MB  │ 741 kB  │ 4.73 MB │
└───────────┴─────────┴─────────┴─────────┴─────────┴──────────┴─────────┴─────────┘

Req/Bytes counts sampled once per second.
# of samples: 20

210 2xx responses, 332837 non 2xx responses
333k requests in 20.03s, 125 MB read

┌─────────┬────────┬─────────┬─────────┬─────────┬───────────┬──────────┬─────────┐
│ Stat    │ 2.5%   │ 50%     │ 97.5%   │ 99%     │ Avg       │ Stdev    │ Max     │
├─────────┼────────┼─────────┼─────────┼─────────┼───────────┼──────────┼─────────┤
│ Latency │ 534 ms │ 1003 ms │ 1017 ms │ 1034 ms │ 992.21 ms │ 98.72 ms │ 2021 ms │
└─────────┴────────┴─────────┴─────────┴─────────┴───────────┴──────────┴─────────┘
┌───────────┬────────┬────────┬─────────┬─────────┬─────────┬─────────┬────────┐
│ Stat      │ 1%     │ 2.5%   │ 50%     │ 97.5%   │ Avg     │ Stdev   │ Min    │
├───────────┼────────┼────────┼─────────┼─────────┼─────────┼─────────┼────────┤
│ Req/Sec   │ 50     │ 50     │ 100     │ 100     │ 97.5    │ 10.9    │ 50     │
├───────────┼────────┼────────┼─────────┼─────────┼─────────┼─────────┼────────┤
│ Bytes/Sec │ 9.3 kB │ 9.3 kB │ 18.6 kB │ 18.6 kB │ 18.1 kB │ 2.03 kB │ 9.3 kB │
└───────────┴────────┴────────┴─────────┴─────────┴─────────┴─────────┴────────┘

Req/Bytes counts sampled once per second.
# of samples: 20

2k requests in 20.04s, 363 kB read
