[HNAME      CPU %     MEM USAGE / LIMIT   NET I/O
nginx     0.00%     6.367MiB / 128MiB   13kB / 11.2kB
backend   0.29%     105MiB / 512MiB     9.38kB / 3.72kB
[HNAME      CPU %     MEM USAGE / LIMIT   NET I/O [K
nginx     0.00%     6.367MiB / 128MiB   13kB / 11.2kB [K
backend   0.29%     105MiB / 512MiB     9.38kB / 3.72kB [K
 [K
[J[HNAME      CPU %     MEM USAGE / LIMIT   NET I/O
nginx     0.00%     6.367MiB / 128MiB   13kB / 11.2kB
backend   0.29%     105MiB / 512MiB     9.38kB / 3.72kB
[HNAME      CPU %     MEM USAGE / LIMIT   NET I/O [K
nginx     0.00%     6.367MiB / 128MiB   13kB / 11.2kB [K
backend   0.29%     105MiB / 512MiB     9.38kB / 3.72kB [K
 [K
[J[HNAME      CPU %     MEM USAGE / LIMIT   NET I/O
nginx     13.08%    8.492MiB / 128MiB   306kB / 290kB
backend   88.93%    113MiB / 512MiB     101kB / 140kB
[HNAME      CPU %     MEM USAGE / LIMIT   NET I/O [K
nginx     13.08%    8.492MiB / 128MiB   306kB / 290kB [K
backend   88.93%    113MiB / 512MiB     101kB / 140kB [K
 [K
[J[HNAME      CPU %     MEM USAGE / LIMIT   NET I/O
nginx     13.08%    8.492MiB / 128MiB   306kB / 290kB
backend   88.93%    113MiB / 512MiB     101kB / 140kB
[HNAME      CPU %     MEM USAGE / LIMIT   NET I/O [K
nginx     13.08%    8.492MiB / 128MiB   306kB / 290kB [K
backend   88.93%    113MiB / 512MiB     101kB / 140kB [K
 [K
[J[HNAME      CPU %     MEM USAGE / LIMIT   NET I/O
nginx     16.73%    8.078MiB / 128MiB   733kB / 702kB
backend   102.76%   119.5MiB / 512MiB   241kB / 392kB
[HNAME      CPU %     MEM USAGE / LIMIT   NET I/O [K
nginx     16.73%    8.078MiB / 128MiB   733kB / 702kB [K
backend   102.76%   119.5MiB / 512MiB   241kB / 392kB [K
 [K
[J[HNAME      CPU %     MEM USAGE / LIMIT   NET I/O
nginx     16.73%    8.078MiB / 128MiB   733kB / 702kB
backend   102.76%   119.5MiB / 512MiB   241kB / 392kB
[HNAME      CPU %     MEM USAGE / LIMIT   NET I/O [K
nginx     16.73%    8.078MiB / 128MiB   733kB / 702kB [K
backend   102.76%   119.5MiB / 512MiB   241kB / 392kB [K
 [K
[J[HNAME      CPU %     MEM USAGE / LIMIT   NET I/O
nginx     12.61%    9.438MiB / 128MiB   1.22MB / 1.17MB
backend   100.08%   122.3MiB / 512MiB   383kB / 664kB
[HNAME      CPU %     MEM USAGE / LIMIT   NET I/O [K
nginx     12.61%    9.438MiB / 128MiB   1.22MB / 1.17MB [K
backend   100.08%   122.3MiB / 512MiB   383kB / 664kB [K
 [K
[J[HNAME      CPU %     MEM USAGE / LIMIT   NET I/O
nginx     12.61%    9.438MiB / 128MiB   1.22MB / 1.17MB
backend   100.08%   122.3MiB / 512MiB   383kB / 664kB
[HNAME      CPU %     MEM USAGE / LIMIT   NET I/O [K
nginx     12.61%    9.438MiB / 128MiB   1.22MB / 1.17MB [K
backend   100.08%   122.3MiB / 512MiB   383kB / 664kB [K
 [K
[J[HNAME      CPU %     MEM USAGE / LIMIT   NET I/O
nginx     17.73%    9.312MiB / 128MiB   1.88MB / 1.8MB
backend   103.54%   122.6MiB / 512MiB   582kB / 1.03MB
[HNAME      CPU %     MEM USAGE / LIMIT   NET I/O [K
nginx     17.73%    9.312MiB / 128MiB   1.88MB / 1.8MB [K
backend   103.54%   122.6MiB / 512MiB   582kB / 1.03MB [K
 [K
[J[HNAME      CPU %     MEM USAGE / LIMIT   NET I/O
nginx     17.73%    9.312MiB / 128MiB   1.88MB / 1.8MB
backend   103.54%   122.6MiB / 512MiB   582kB / 1.03MB
[HNAME      CPU %     MEM USAGE / LIMIT   NET I/O [K
nginx     17.73%    9.312MiB / 128MiB   1.88MB / 1.8MB [K
backend   103.54%   122.6MiB / 512MiB   582kB / 1.03MB [K
 [K
[J[HNAME      CPU %     MEM USAGE / LIMIT   NET I/O
nginx     19.10%    9.328MiB / 128MiB   2.62MB / 2.53MB
backend   100.05%   126.4MiB / 512MiB   806kB / 1.45MB
[HNAME      CPU %     MEM USAGE / LIMIT   NET I/O [K
nginx     19.10%    9.328MiB / 128MiB   2.62MB / 2.53MB [K
backend   100.05%   126.4MiB / 512MiB   806kB / 1.45MB [K
 [K
[J[HNAME      CPU %     MEM USAGE / LIMIT   NET I/O
nginx     19.10%    9.328MiB / 128MiB   2.62MB / 2.53MB
backend   100.05%   126.4MiB / 512MiB   806kB / 1.45MB
[HNAME      CPU %     MEM USAGE / LIMIT   NET I/O [K
nginx     19.10%    9.328MiB / 128MiB   2.62MB / 2.53MB [K
backend   100.05%   126.4MiB / 512MiB   806kB / 1.45MB [K
 [K
[J[HNAME      CPU %     MEM USAGE / LIMIT   NET I/O
nginx     26.15%    9.168MiB / 128MiB   3.92MB / 3.77MB
backend   101.54%   128.6MiB / 512MiB   1.21MB / 2.16MB
[HNAME      CPU %     MEM USAGE / LIMIT   NET I/O [K
nginx     26.15%    9.168MiB / 128MiB   3.92MB / 3.77MB [K
backend   101.54%   128.6MiB / 512MiB   1.21MB / 2.16MB [K
 [K
[J[HNAME      CPU %     MEM USAGE / LIMIT   NET I/O
nginx     26.15%    9.168MiB / 128MiB   3.92MB / 3.77MB
backend   101.54%   128.6MiB / 512MiB   1.21MB / 2.16MB
[HNAME      CPU %     MEM USAGE / LIMIT   NET I/O [K
nginx     26.15%    9.168MiB / 128MiB   3.92MB / 3.77MB [K
backend   101.54%   128.6MiB / 512MiB   1.21MB / 2.16MB [K
 [K
[J[HNAME      CPU %     MEM USAGE / LIMIT   NET I/O
nginx     39.17%    9.398MiB / 128MiB   6.25MB / 6.01MB
backend   100.49%   130.1MiB / 512MiB   1.97MB / 3.39MB
[HNAME      CPU %     MEM USAGE / LIMIT   NET I/O [K
nginx     39.17%    9.398MiB / 128MiB   6.25MB / 6.01MB [K
backend   100.49%   130.1MiB / 512MiB   1.97MB / 3.39MB [K
 [K
[J[HNAME      CPU %     MEM USAGE / LIMIT   NET I/O
nginx     39.17%    9.398MiB / 128MiB   6.25MB / 6.01MB
backend   100.49%   130.1MiB / 512MiB   1.97MB / 3.39MB
[HNAME      CPU %     MEM USAGE / LIMIT   NET I/O [K
nginx     39.17%    9.398MiB / 128MiB   6.25MB / 6.01MB [K
backend   100.49%   130.1MiB / 512MiB   1.97MB / 3.39MB [K
 [K
[J[HNAME      CPU %     MEM USAGE / LIMIT   NET I/O
nginx     42.02%    9.023MiB / 128MiB   9.28MB / 8.93MB
backend   102.79%   137.1MiB / 512MiB   2.97MB / 4.95MB
[HNAME      CPU %     MEM USAGE / LIMIT   NET I/O [K
nginx     42.02%    9.023MiB / 128MiB   9.28MB / 8.93MB [K
backend   102.79%   137.1MiB / 512MiB   2.97MB / 4.95MB [K
 [K
[J[HNAME      CPU %     MEM USAGE / LIMIT   NET I/O
nginx     42.02%    9.023MiB / 128MiB   9.28MB / 8.93MB
backend   102.79%   137.1MiB / 512MiB   2.97MB / 4.95MB
[HNAME      CPU %     MEM USAGE / LIMIT   NET I/O [K
nginx     42.02%    9.023MiB / 128MiB   9.28MB / 8.93MB [K
backend   102.79%   137.1MiB / 512MiB   2.97MB / 4.95MB [K
 [K
[J[HNAME      CPU %     MEM USAGE / LIMIT   NET I/O
nginx     50.39%    9.277MiB / 128MiB   12.6MB / 12.2MB
backend   101.25%   144MiB / 512MiB     4.17MB / 6.68MB
[HNAME      CPU %     MEM USAGE / LIMIT   NET I/O [K
nginx     50.39%    9.277MiB / 128MiB   12.6MB / 12.2MB [K
backend   101.25%   144MiB / 512MiB     4.17MB / 6.68MB [K
 [K
[J[HNAME      CPU %     MEM USAGE / LIMIT   NET I/O
nginx     50.39%    9.277MiB / 128MiB   12.6MB / 12.2MB
backend   101.25%   144MiB / 512MiB     4.17MB / 6.68MB
[HNAME      CPU %     MEM USAGE / LIMIT   NET I/O [K
nginx     50.39%    9.277MiB / 128MiB   12.6MB / 12.2MB [K
backend   101.25%   144MiB / 512MiB     4.17MB / 6.68MB [K
 [K
[J[HNAME      CPU %     MEM USAGE / LIMIT   NET I/O
nginx     50.18%    8.578MiB / 128MiB   16.5MB / 16MB
backend   100.38%   145.1MiB / 512MiB   5.49MB / 8.66MB
[HNAME      CPU %     MEM USAGE / LIMIT   NET I/O [K
nginx     50.18%    8.578MiB / 128MiB   16.5MB / 16MB [K
backend   100.38%   145.1MiB / 512MiB   5.49MB / 8.66MB [K
 [K
[J[HNAME      CPU %     MEM USAGE / LIMIT   NET I/O
nginx     50.18%    8.578MiB / 128MiB   16.5MB / 16MB
backend   100.38%   145.1MiB / 512MiB   5.49MB / 8.66MB
[HNAME      CPU %     MEM USAGE / LIMIT   NET I/O [K
nginx     50.18%    8.578MiB / 128MiB   16.5MB / 16MB [K
backend   100.38%   145.1MiB / 512MiB   5.49MB / 8.66MB [K
 [K
[J[HNAME      CPU %     MEM USAGE / LIMIT   NET I/O
nginx     48.85%    9.203MiB / 128MiB   19.8MB / 19.2MB
backend   103.37%   147.7MiB / 512MiB   6.65MB / 10.3MB
[HNAME      CPU %     MEM USAGE / LIMIT   NET I/O [K
nginx     48.85%    9.203MiB / 128MiB   19.8MB / 19.2MB [K
backend   103.37%   147.7MiB / 512MiB   6.65MB / 10.3MB [K
 [K
[J[HNAME      CPU %     MEM USAGE / LIMIT   NET I/O
nginx     48.85%    9.203MiB / 128MiB   19.8MB / 19.2MB
backend   103.37%   147.7MiB / 512MiB   6.65MB / 10.3MB
[HNAME      CPU %     MEM USAGE / LIMIT   NET I/O [K
nginx     48.85%    9.203MiB / 128MiB   19.8MB / 19.2MB [K
backend   103.37%   147.7MiB / 512MiB   6.65MB / 10.3MB [K
 [K
[J[HNAME      CPU %     MEM USAGE / LIMIT   NET I/O
nginx     49.93%    8.305MiB / 128MiB   23.7MB / 23.1MB
backend   100.05%   147.4MiB / 512MiB   8.06MB / 12.3MB
[HNAME      CPU %     MEM USAGE / LIMIT   NET I/O [K
nginx     49.93%    8.305MiB / 128MiB   23.7MB / 23.1MB [K
backend   100.05%   147.4MiB / 512MiB   8.06MB / 12.3MB [K
 [K
[J[HNAME      CPU %     MEM USAGE / LIMIT   NET I/O
nginx     49.93%    8.305MiB / 128MiB   23.7MB / 23.1MB
backend   100.05%   147.4MiB / 512MiB   8.06MB / 12.3MB
[HNAME      CPU %     MEM USAGE / LIMIT   NET I/O [K
nginx     49.93%    8.305MiB / 128MiB   23.7MB / 23.1MB [K
backend   100.05%   147.4MiB / 512MiB   8.06MB / 12.3MB [K
 [K
[J[HNAME      CPU %     MEM USAGE / LIMIT   NET I/O
nginx     50.68%    8.695MiB / 128MiB   27.7MB / 27.2MB
backend   101.60%   149.9MiB / 512MiB   9.54MB / 14.3MB
[HNAME      CPU %     MEM USAGE / LIMIT   NET I/O [K
nginx     50.68%    8.695MiB / 128MiB   27.7MB / 27.2MB [K
backend   101.60%   149.9MiB / 512MiB   9.54MB / 14.3MB [K
 [K
[J[HNAME      CPU %     MEM USAGE / LIMIT   NET I/O
nginx     50.68%    8.695MiB / 128MiB   27.7MB / 27.2MB
backend   101.60%   149.9MiB / 512MiB   9.54MB / 14.3MB
[HNAME      CPU %     MEM USAGE / LIMIT   NET I/O [K
nginx     50.68%    8.695MiB / 128MiB   27.7MB / 27.2MB [K
backend   101.60%   149.9MiB / 512MiB   9.54MB / 14.3MB [K
 [K
[J[HNAME      CPU %     MEM USAGE / LIMIT   NET I/O
nginx     50.97%    8.73MiB / 128MiB    31.7MB / 31.2MB
backend   102.44%   149.5MiB / 512MiB   11MB / 16.3MB
[HNAME      CPU %     MEM USAGE / LIMIT   NET I/O [K
nginx     50.97%    8.73MiB / 128MiB    31.7MB / 31.2MB [K
backend   102.44%   149.5MiB / 512MiB   11MB / 16.3MB [K
 [K
[J[HNAME      CPU %     MEM USAGE / LIMIT   NET I/O
nginx     50.97%    8.73MiB / 128MiB    31.7MB / 31.2MB
backend   102.44%   149.5MiB / 512MiB   11MB / 16.3MB
[HNAME      CPU %     MEM USAGE / LIMIT   NET I/O [K
nginx     50.97%    8.73MiB / 128MiB    31.7MB / 31.2MB [K
backend   102.44%   149.5MiB / 512MiB   11MB / 16.3MB [K
 [K
[J[HNAME      CPU %     MEM USAGE / LIMIT   NET I/O
nginx     50.87%    8.777MiB / 128MiB   35.5MB / 35.2MB
backend   101.14%   151.2MiB / 512MiB   12.5MB / 18.3MB
[HNAME      CPU %     MEM USAGE / LIMIT   NET I/O [K
nginx     50.87%    8.777MiB / 128MiB   35.5MB / 35.2MB [K
backend   101.14%   151.2MiB / 512MiB   12.5MB / 18.3MB [K
 [K
[J[HNAME      CPU %     MEM USAGE / LIMIT   NET I/O
nginx     50.87%    8.777MiB / 128MiB   35.5MB / 35.2MB
backend   101.14%   151.2MiB / 512MiB   12.5MB / 18.3MB
[HNAME      CPU %     MEM USAGE / LIMIT   NET I/O [K
nginx     50.87%    8.777MiB / 128MiB   35.5MB / 35.2MB [K
backend   101.14%   151.2MiB / 512MiB   12.5MB / 18.3MB [K
 [K
[J[HNAME      CPU %     MEM USAGE / LIMIT   NET I/O
nginx     51.59%    8.438MiB / 128MiB   39.5MB / 39.2MB
backend   61.81%    151MiB / 512MiB     14MB / 20.2MB
[HNAME      CPU %     MEM USAGE / LIMIT   NET I/O [K
nginx     51.59%    8.438MiB / 128MiB   39.5MB / 39.2MB [K
backend   61.81%    151MiB / 512MiB     14MB / 20.2MB [K
 [K
[J[HNAME      CPU %     MEM USAGE / LIMIT   NET I/O
nginx     51.59%    8.438MiB / 128MiB   39.5MB / 39.2MB
backend   61.81%    151MiB / 512MiB     14MB / 20.2MB
[HNAME      CPU %     MEM USAGE / LIMIT   NET I/O [K
nginx     51.59%    8.438MiB / 128MiB   39.5MB / 39.2MB [K
backend   61.81%    151MiB / 512MiB     14MB / 20.2MB [K
 [K
[J[HNAME      CPU %     MEM USAGE / LIMIT   NET I/O
nginx     51.08%    8.273MiB / 128MiB   42.9MB / 42.7MB
backend   46.56%    154.1MiB / 512MiB   15.3MB / 21.9MB
[HNAME      CPU %     MEM USAGE / LIMIT   NET I/O [K
nginx     51.08%    8.273MiB / 128MiB   42.9MB / 42.7MB [K
backend   46.56%    154.1MiB / 512MiB   15.3MB / 21.9MB [K
 [K
[J[HNAME      CPU %     MEM USAGE / LIMIT   NET I/O
nginx     51.08%    8.273MiB / 128MiB   42.9MB / 42.7MB
backend   46.56%    154.1MiB / 512MiB   15.3MB / 21.9MB
[HNAME      CPU %     MEM USAGE / LIMIT   NET I/O [K
nginx     51.08%    8.273MiB / 128MiB   42.9MB / 42.7MB [K
backend   46.56%    154.1MiB / 512MiB   15.3MB / 21.9MB [K
 [K
[J[HNAME      CPU %     MEM USAGE / LIMIT   NET I/O
nginx     51.06%    8.707MiB / 128MiB   46.4MB / 46.2MB
backend   43.51%    154.4MiB / 512MiB   16.6MB / 23.7MB
[HNAME      CPU %     MEM USAGE / LIMIT   NET I/O [K
nginx     51.06%    8.707MiB / 128MiB   46.4MB / 46.2MB [K
backend   43.51%    154.4MiB / 512MiB   16.6MB / 23.7MB [K
 [K
[J[HNAME      CPU %     MEM USAGE / LIMIT   NET I/O
nginx     51.06%    8.707MiB / 128MiB   46.4MB / 46.2MB
backend   43.51%    154.4MiB / 512MiB   16.6MB / 23.7MB
[HNAME      CPU %     MEM USAGE / LIMIT   NET I/O [K
nginx     51.06%    8.707MiB / 128MiB   46.4MB / 46.2MB [K
backend   43.51%    154.4MiB / 512MiB   16.6MB / 23.7MB [K
 [K
[J[HNAME      CPU %     MEM USAGE / LIMIT   NET I/O
nginx     50.71%    8.41MiB / 128MiB    50MB / 50MB
backend   45.93%    156.1MiB / 512MiB   18MB / 25.5MB
[HNAME      CPU %     MEM USAGE / LIMIT   NET I/O [K
nginx     50.71%    8.41MiB / 128MiB    50MB / 50MB [K
backend   45.93%    156.1MiB / 512MiB   18MB / 25.5MB [K
 [K
[J[HNAME      CPU %     MEM USAGE / LIMIT   NET I/O
nginx     50.71%    8.41MiB / 128MiB    50MB / 50MB
backend   45.93%    156.1MiB / 512MiB   18MB / 25.5MB
[HNAME      CPU %     MEM USAGE / LIMIT   NET I/O [K
nginx     50.71%    8.41MiB / 128MiB    50MB / 50MB [K
backend   45.93%    156.1MiB / 512MiB   18MB / 25.5MB [K
 [K
[J[HNAME      CPU %     MEM USAGE / LIMIT   NET I/O
nginx     51.51%    8.762MiB / 128MiB   53.7MB / 53.7MB
backend   44.73%    156.3MiB / 512MiB   19.3MB / 27.3MB
[HNAME      CPU %     MEM USAGE / LIMIT   NET I/O [K
nginx     51.51%    8.762MiB / 128MiB   53.7MB / 53.7MB [K
backend   44.73%    156.3MiB / 512MiB   19.3MB / 27.3MB [K
 [K
[J[HNAME      CPU %     MEM USAGE / LIMIT   NET I/O
nginx     51.51%    8.762MiB / 128MiB   53.7MB / 53.7MB
backend   44.73%    156.3MiB / 512MiB   19.3MB / 27.3MB
[HNAME      CPU %     MEM USAGE / LIMIT   NET I/O [K
nginx     51.51%    8.762MiB / 128MiB   53.7MB / 53.7MB [K
backend   44.73%    156.3MiB / 512MiB   19.3MB / 27.3MB [K
 [K
[J[HNAME      CPU %     MEM USAGE / LIMIT   NET I/O
nginx     27.75%    8.469MiB / 128MiB   55.5MB / 57.8MB
backend   2.56%     156.1MiB / 512MiB   19.4MB / 27.4MB
[HNAME      CPU %     MEM USAGE / LIMIT   NET I/O [K
nginx     27.75%    8.469MiB / 128MiB   55.5MB / 57.8MB [K
backend   2.56%     156.1MiB / 512MiB   19.4MB / 27.4MB [K
 [K
[J[HNAME      CPU %     MEM USAGE / LIMIT   NET I/O
nginx     27.75%    8.469MiB / 128MiB   55.5MB / 57.8MB
backend   2.56%     156.1MiB / 512MiB   19.4MB / 27.4MB
[HNAME      CPU %     MEM USAGE / LIMIT   NET I/O [K
nginx     27.75%    8.469MiB / 128MiB   55.5MB / 57.8MB [K
backend   2.56%     156.1MiB / 512MiB   19.4MB / 27.4MB [K
 [K
[J[HNAME      CPU %     MEM USAGE / LIMIT   NET I/O
nginx     52.05%    8.148MiB / 128MiB   58.5MB / 64.4MB
backend   0.93%     156.1MiB / 512MiB   19.4MB / 27.4MB
[HNAME      CPU %     MEM USAGE / LIMIT   NET I/O [K
nginx     52.05%    8.148MiB / 128MiB   58.5MB / 64.4MB [K
backend   0.93%     156.1MiB / 512MiB   19.4MB / 27.4MB [K
 [K
[J[HNAME      CPU %     MEM USAGE / LIMIT   NET I/O
nginx     52.05%    8.148MiB / 128MiB   58.5MB / 64.4MB
backend   0.93%     156.1MiB / 512MiB   19.4MB / 27.4MB
[HNAME      CPU %     MEM USAGE / LIMIT   NET I/O [K
nginx     52.05%    8.148MiB / 128MiB   58.5MB / 64.4MB [K
backend   0.93%     156.1MiB / 512MiB   19.4MB / 27.4MB [K
 [K
[J[HNAME      CPU %     MEM USAGE / LIMIT   NET I/O
nginx     51.95%    8.172MiB / 128MiB   60.8MB / 69.8MB
backend   3.84%     156.1MiB / 512MiB   19.4MB / 27.4MB
[HNAME      CPU %     MEM USAGE / LIMIT   NET I/O [K
nginx     51.95%    8.172MiB / 128MiB   60.8MB / 69.8MB [K
backend   3.84%     156.1MiB / 512MiB   19.4MB / 27.4MB [K
 [K
[J[HNAME      CPU %     MEM USAGE / LIMIT   NET I/O
nginx     51.95%    8.172MiB / 128MiB   60.8MB / 69.8MB
backend   3.84%     156.1MiB / 512MiB   19.4MB / 27.4MB
[HNAME      CPU %     MEM USAGE / LIMIT   NET I/O [K
nginx     51.95%    8.172MiB / 128MiB   60.8MB / 69.8MB [K
backend   3.84%     156.1MiB / 512MiB   19.4MB / 27.4MB [K
 [K
[J[HNAME      CPU %     MEM USAGE / LIMIT   NET I/O
nginx     54.42%    8.598MiB / 128MiB   64.1MB / 77.3MB
backend   0.84%     156.1MiB / 512MiB   19.4MB / 27.4MB
[HNAME      CPU %     MEM USAGE / LIMIT   NET I/O [K
nginx     54.42%    8.598MiB / 128MiB   64.1MB / 77.3MB [K
backend   0.84%     156.1MiB / 512MiB   19.4MB / 27.4MB [K
 [K
[J[HNAME      CPU %     MEM USAGE / LIMIT   NET I/O
nginx     54.42%    8.598MiB / 128MiB   64.1MB / 77.3MB
backend   0.84%     156.1MiB / 512MiB   19.4MB / 27.4MB
[HNAME      CPU %     MEM USAGE / LIMIT   NET I/O [K
nginx     54.42%    8.598MiB / 128MiB   64.1MB / 77.3MB [K
backend   0.84%     156.1MiB / 512MiB   19.4MB / 27.4MB [K
 [K
[J[HNAME      CPU %     MEM USAGE / LIMIT   NET I/O
nginx     52.51%    8.582MiB / 128MiB   66.8MB / 83.4MB
backend   0.77%     156.1MiB / 512MiB   19.4MB / 27.4MB
[HNAME      CPU %     MEM USAGE / LIMIT   NET I/O [K
nginx     52.51%    8.582MiB / 128MiB   66.8MB / 83.4MB [K
backend   0.77%     156.1MiB / 512MiB   19.4MB / 27.4MB [K
 [K
[J[HNAME      CPU %     MEM USAGE / LIMIT   NET I/O
nginx     52.51%    8.582MiB / 128MiB   66.8MB / 83.4MB
backend   0.77%     156.1MiB / 512MiB   19.4MB / 27.4MB
[HNAME      CPU %     MEM USAGE / LIMIT   NET I/O [K
nginx     52.51%    8.582MiB / 128MiB   66.8MB / 83.4MB [K
backend   0.77%     156.1MiB / 512MiB   19.4MB / 27.4MB [K
 [K
[J[HNAME      CPU %     MEM USAGE / LIMIT   NET I/O
nginx     51.61%    8.469MiB / 128MiB   69.7MB / 90.1MB
backend   0.84%     156MiB / 512MiB     19.4MB / 27.4MB
[HNAME      CPU %     MEM USAGE / LIMIT   NET I/O [K
nginx     51.61%    8.469MiB / 128MiB   69.7MB / 90.1MB [K
backend   0.84%     156MiB / 512MiB     19.4MB / 27.4MB [K
 [K
[J[HNAME      CPU %     MEM USAGE / LIMIT   NET I/O
nginx     51.61%    8.469MiB / 128MiB   69.7MB / 90.1MB
backend   0.84%     156MiB / 512MiB     19.4MB / 27.4MB
[HNAME      CPU %     MEM USAGE / LIMIT   NET I/O [K
nginx     51.61%    8.469MiB / 128MiB   69.7MB / 90.1MB [K
backend   0.84%     156MiB / 512MiB     19.4MB / 27.4MB [K
 [K
[J[HNAME      CPU %     MEM USAGE / LIMIT   NET I/O
nginx     51.49%    8.371MiB / 128MiB   72.5MB / 96.4MB
backend   0.93%     156MiB / 512MiB     19.4MB / 27.4MB
[HNAME      CPU %     MEM USAGE / LIMIT   NET I/O [K
nginx     51.49%    8.371MiB / 128MiB   72.5MB / 96.4MB [K
backend   0.93%     156MiB / 512MiB     19.4MB / 27.4MB [K
 [K
[J[HNAME      CPU %     MEM USAGE / LIMIT   NET I/O
nginx     51.49%    8.371MiB / 128MiB   72.5MB / 96.4MB
backend   0.93%     156MiB / 512MiB     19.4MB / 27.4MB
[HNAME      CPU %     MEM USAGE / LIMIT   NET I/O [K
nginx     51.49%    8.371MiB / 128MiB   72.5MB / 96.4MB [K
backend   0.93%     156MiB / 512MiB     19.4MB / 27.4MB [K
 [K
[J[HNAME      CPU %     MEM USAGE / LIMIT   NET I/O
nginx     51.59%    8.352MiB / 128MiB   75.6MB / 103MB
backend   0.54%     156MiB / 512MiB     19.4MB / 27.4MB
[HNAME      CPU %     MEM USAGE / LIMIT   NET I/O [K
nginx     51.59%    8.352MiB / 128MiB   75.6MB / 103MB [K
backend   0.54%     156MiB / 512MiB     19.4MB / 27.4MB [K
 [K
[J[HNAME      CPU %     MEM USAGE / LIMIT   NET I/O
nginx     51.59%    8.352MiB / 128MiB   75.6MB / 103MB
backend   0.54%     156MiB / 512MiB     19.4MB / 27.4MB
[HNAME      CPU %     MEM USAGE / LIMIT   NET I/O [K
nginx     51.59%    8.352MiB / 128MiB   75.6MB / 103MB [K
backend   0.54%     156MiB / 512MiB     19.4MB / 27.4MB [K
 [K
[J[HNAME      CPU %     MEM USAGE / LIMIT   NET I/O
nginx     51.99%    8.477MiB / 128MiB   78.6MB / 110MB
backend   0.59%     156MiB / 512MiB     19.4MB / 27.4MB
[HNAME      CPU %     MEM USAGE / LIMIT   NET I/O [K
nginx     51.99%    8.477MiB / 128MiB   78.6MB / 110MB [K
backend   0.59%     156MiB / 512MiB     19.4MB / 27.4MB [K
 [K
[J[HNAME      CPU %     MEM USAGE / LIMIT   NET I/O
nginx     51.99%    8.477MiB / 128MiB   78.6MB / 110MB
backend   0.59%     156MiB / 512MiB     19.4MB / 27.4MB
[HNAME      CPU %     MEM USAGE / LIMIT   NET I/O [K
nginx     51.99%    8.477MiB / 128MiB   78.6MB / 110MB [K
backend   0.59%     156MiB / 512MiB     19.4MB / 27.4MB [K
 [K
[J[HNAME      CPU %     MEM USAGE / LIMIT   NET I/O
nginx     51.90%    8.41MiB / 128MiB    82.3MB / 119MB
backend   0.74%     156MiB / 512MiB     19.4MB / 27.4MB
[HNAME      CPU %     MEM USAGE / LIMIT   NET I/O [K
nginx     51.90%    8.41MiB / 128MiB    82.3MB / 119MB [K
backend   0.74%     156MiB / 512MiB     19.4MB / 27.4MB [K
 [K
[J[HNAME      CPU %     MEM USAGE / LIMIT   NET I/O
nginx     51.90%    8.41MiB / 128MiB    82.3MB / 119MB
backend   0.74%     156MiB / 512MiB     19.4MB / 27.4MB
[HNAME      CPU %     MEM USAGE / LIMIT   NET I/O [K
nginx     51.90%    8.41MiB / 128MiB    82.3MB / 119MB [K
backend   0.74%     156MiB / 512MiB     19.4MB / 27.4MB [K
 [K
[J[HNAME      CPU %     MEM USAGE / LIMIT   NET I/O
nginx     51.86%    8.477MiB / 128MiB   86.1MB / 127MB
backend   2.47%     156MiB / 512MiB     19.4MB / 27.4MB
[HNAME      CPU %     MEM USAGE / LIMIT   NET I/O [K
nginx     51.86%    8.477MiB / 128MiB   86.1MB / 127MB [K
backend   2.47%     156MiB / 512MiB     19.4MB / 27.4MB [K
 [K
[J[HNAME      CPU %     MEM USAGE / LIMIT   NET I/O
nginx     51.86%    8.477MiB / 128MiB   86.1MB / 127MB
backend   2.47%     156MiB / 512MiB     19.4MB / 27.4MB
[HNAME      CPU %     MEM USAGE / LIMIT   NET I/O [K
nginx     51.86%    8.477MiB / 128MiB   86.1MB / 127MB [K
backend   2.47%     156MiB / 512MiB     19.4MB / 27.4MB [K
 [K
[J[HNAME      CPU %     MEM USAGE / LIMIT   NET I/O
nginx     51.95%    8.523MiB / 128MiB   89.7MB / 136MB
backend   0.52%     156MiB / 512MiB     19.4MB / 27.4MB
[HNAME      CPU %     MEM USAGE / LIMIT   NET I/O [K
nginx     51.95%    8.523MiB / 128MiB   89.7MB / 136MB [K
backend   0.52%     156MiB / 512MiB     19.4MB / 27.4MB [K
 [K
[J[HNAME      CPU %     MEM USAGE / LIMIT   NET I/O
nginx     51.95%    8.523MiB / 128MiB   89.7MB / 136MB
backend   0.52%     156MiB / 512MiB     19.4MB / 27.4MB
[HNAME      CPU %     MEM USAGE / LIMIT   NET I/O [K
nginx     51.95%    8.523MiB / 128MiB   89.7MB / 136MB [K
backend   0.52%     156MiB / 512MiB     19.4MB / 27.4MB [K
 [K
[J[HNAME      CPU %     MEM USAGE / LIMIT   NET I/O
nginx     51.72%    8.512MiB / 128MiB   93.4MB / 144MB
backend   1.09%     156MiB / 512MiB     19.4MB / 27.4MB
[HNAME      CPU %     MEM USAGE / LIMIT   NET I/O [K
nginx     51.72%    8.512MiB / 128MiB   93.4MB / 144MB [K
backend   1.09%     156MiB / 512MiB     19.4MB / 27.4MB [K
 [K
[J[HNAME      CPU %     MEM USAGE / LIMIT   NET I/O
nginx     51.72%    8.512MiB / 128MiB   93.4MB / 144MB
backend   1.09%     156MiB / 512MiB     19.4MB / 27.4MB
[HNAME      CPU %     MEM USAGE / LIMIT   NET I/O [K
nginx     51.72%    8.512MiB / 128MiB   93.4MB / 144MB [K
backend   1.09%     156MiB / 512MiB     19.4MB / 27.4MB [K
 [K
[J[HNAME      CPU %     MEM USAGE / LIMIT   NET I/O
nginx     51.43%    8.707MiB / 128MiB   96.9MB / 152MB
backend   1.06%     156MiB / 512MiB     19.4MB / 27.4MB
[HNAME      CPU %     MEM USAGE / LIMIT   NET I/O [K
nginx     51.43%    8.707MiB / 128MiB   96.9MB / 152MB [K
backend   1.06%     156MiB / 512MiB     19.4MB / 27.4MB [K
 [K
[J[HNAME      CPU %     MEM USAGE / LIMIT   NET I/O
nginx     51.43%    8.707MiB / 128MiB   96.9MB / 152MB
backend   1.06%     156MiB / 512MiB     19.4MB / 27.4MB
[HNAME      CPU %     MEM USAGE / LIMIT   NET I/O [K
nginx     51.43%    8.707MiB / 128MiB   96.9MB / 152MB [K
backend   1.06%     156MiB / 512MiB     19.4MB / 27.4MB [K
 [K
[J[HNAME      CPU %     MEM USAGE / LIMIT   NET I/O
nginx     51.40%    8.422MiB / 128MiB   100MB / 160MB
backend   0.68%     156MiB / 512MiB     19.4MB / 27.4MB
[HNAME      CPU %     MEM USAGE / LIMIT   NET I/O [K
nginx     51.40%    8.422MiB / 128MiB   100MB / 160MB [K
backend   0.68%     156MiB / 512MiB     19.4MB / 27.4MB [K
 [K
[J[HNAME      CPU %     MEM USAGE / LIMIT   NET I/O
nginx     51.40%    8.422MiB / 128MiB   100MB / 160MB
backend   0.68%     156MiB / 512MiB     19.4MB / 27.4MB
[HNAME      CPU %     MEM USAGE / LIMIT   NET I/O [K
nginx     51.40%    8.422MiB / 128MiB   100MB / 160MB [K
backend   0.68%     156MiB / 512MiB     19.4MB / 27.4MB [K
 [K
[J[HNAME      CPU %     MEM USAGE / LIMIT   NET I/O
nginx     51.74%    8.77MiB / 128MiB    104MB / 167MB
backend   0.72%     156MiB / 512MiB     19.4MB / 27.4MB
[HNAME      CPU %     MEM USAGE / LIMIT   NET I/O [K
nginx     51.74%    8.77MiB / 128MiB    104MB / 167MB [K
backend   0.72%     156MiB / 512MiB     19.4MB / 27.4MB [K
 [K
[J[HNAME      CPU %     MEM USAGE / LIMIT   NET I/O
nginx     51.74%    8.77MiB / 128MiB    104MB / 167MB
backend   0.72%     156MiB / 512MiB     19.4MB / 27.4MB
[HNAME      CPU %     MEM USAGE / LIMIT   NET I/O [K
nginx     51.74%    8.77MiB / 128MiB    104MB / 167MB [K
backend   0.72%     156MiB / 512MiB     19.4MB / 27.4MB [K
 [K
[J[HNAME      CPU %     MEM USAGE / LIMIT   NET I/O
nginx     51.92%    8.555MiB / 128MiB   107MB / 175MB
backend   0.71%     156MiB / 512MiB     19.4MB / 27.4MB
[HNAME      CPU %     MEM USAGE / LIMIT   NET I/O [K
nginx     51.92%    8.555MiB / 128MiB   107MB / 175MB [K
backend   0.71%     156MiB / 512MiB     19.4MB / 27.4MB [K
 [K
[J[HNAME      CPU %     MEM USAGE / LIMIT   NET I/O
nginx     51.92%    8.555MiB / 128MiB   107MB / 175MB
backend   0.71%     156MiB / 512MiB     19.4MB / 27.4MB
[HNAME      CPU %     MEM USAGE / LIMIT   NET I/O [K
nginx     51.92%    8.555MiB / 128MiB   107MB / 175MB [K
backend   0.71%     156MiB / 512MiB     19.4MB / 27.4MB [K
 [K
[J[HNAME      CPU %     MEM USAGE / LIMIT   NET I/O
nginx     51.72%    8.391MiB / 128MiB   110MB / 183MB
backend   0.60%     156.1MiB / 512MiB   19.4MB / 27.4MB
[HNAME      CPU %     MEM USAGE / LIMIT   NET I/O [K
nginx     51.72%    8.391MiB / 128MiB   110MB / 183MB [K
backend   0.60%     156.1MiB / 512MiB   19.4MB / 27.4MB [K
 [K
[J[HNAME      CPU %     MEM USAGE / LIMIT   NET I/O
nginx     51.72%    8.391MiB / 128MiB   110MB / 183MB
backend   0.60%     156.1MiB / 512MiB   19.4MB / 27.4MB
[HNAME      CPU %     MEM USAGE / LIMIT   NET I/O [K
nginx     51.72%    8.391MiB / 128MiB   110MB / 183MB [K
backend   0.60%     156.1MiB / 512MiB   19.4MB / 27.4MB [K
 [K
[J[HNAME      CPU %     MEM USAGE / LIMIT   NET I/O
nginx     51.46%    8.359MiB / 128MiB   114MB / 191MB
backend   0.61%     156.1MiB / 512MiB   19.4MB / 27.4MB
[HNAME      CPU %     MEM USAGE / LIMIT   NET I/O [K
nginx     51.46%    8.359MiB / 128MiB   114MB / 191MB [K
backend   0.61%     156.1MiB / 512MiB   19.4MB / 27.4MB [K
 [K
[J[HNAME      CPU %     MEM USAGE / LIMIT   NET I/O
nginx     51.46%    8.359MiB / 128MiB   114MB / 191MB
backend   0.61%     156.1MiB / 512MiB   19.4MB / 27.4MB
[HNAME      CPU %     MEM USAGE / LIMIT   NET I/O [K
nginx     51.46%    8.359MiB / 128MiB   114MB / 191MB [K
backend   0.61%     156.1MiB / 512MiB   19.4MB / 27.4MB [K
 [K
[J[HNAME      CPU %     MEM USAGE / LIMIT   NET I/O
nginx     51.61%    8.75MiB / 128MiB    117MB / 199MB
backend   0.74%     156MiB / 512MiB     19.4MB / 27.4MB
[HNAME      CPU %     MEM USAGE / LIMIT   NET I/O [K
nginx     51.61%    8.75MiB / 128MiB    117MB / 199MB [K
backend   0.74%     156MiB / 512MiB     19.4MB / 27.4MB [K
 [K
[J[HNAME      CPU %     MEM USAGE / LIMIT   NET I/O
nginx     51.61%    8.75MiB / 128MiB    117MB / 199MB
backend   0.74%     156MiB / 512MiB     19.4MB / 27.4MB
[HNAME      CPU %     MEM USAGE / LIMIT   NET I/O [K
nginx     51.61%    8.75MiB / 128MiB    117MB / 199MB [K
backend   0.74%     156MiB / 512MiB     19.4MB / 27.4MB [K
 [K
[J[HNAME      CPU %     MEM USAGE / LIMIT   NET I/O
nginx     25.66%    7.32MiB / 128MiB    119MB / 203MB
backend   0.33%     156MiB / 512MiB     19.4MB / 27.4MB
[HNAME      CPU %     MEM USAGE / LIMIT   NET I/O [K
nginx     25.66%    7.32MiB / 128MiB    119MB / 203MB [K
backend   0.33%     156MiB / 512MiB     19.4MB / 27.4MB [K
 [K
[J[HNAME      CPU %     MEM USAGE / LIMIT   NET I/O
nginx     25.66%    7.32MiB / 128MiB    119MB / 203MB
backend   0.33%     156MiB / 512MiB     19.4MB / 27.4MB
[HNAME      CPU %     MEM USAGE / LIMIT   NET I/O [K
nginx     25.66%    7.32MiB / 128MiB    119MB / 203MB [K
backend   0.33%     156MiB / 512MiB     19.4MB / 27.4MB [K
 [K
[J[HNAME      CPU %     MEM USAGE / LIMIT   NET I/O
nginx     4.19%     8.902MiB / 128MiB   119MB / 203MB
backend   8.10%     156.8MiB / 512MiB   19.5MB / 27.5MB
[HNAME      CPU %     MEM USAGE / LIMIT   NET I/O [K
nginx     4.19%     8.902MiB / 128MiB   119MB / 203MB [K
backend   8.10%     156.8MiB / 512MiB   19.5MB / 27.5MB [K
 [K
[J[HNAME      CPU %     MEM USAGE / LIMIT   NET I/O
nginx     4.19%     8.902MiB / 128MiB   119MB / 203MB
backend   8.10%     156.8MiB / 512MiB   19.5MB / 27.5MB
[HNAME      CPU %     MEM USAGE / LIMIT   NET I/O [K
nginx     4.19%     8.902MiB / 128MiB   119MB / 203MB [K
backend   8.10%     156.8MiB / 512MiB   19.5MB / 27.5MB [K
 [K
[J[HNAME      CPU %     MEM USAGE / LIMIT   NET I/O
nginx     3.27%     8.98MiB / 128MiB    119MB / 203MB
backend   5.23%     156.9MiB / 512MiB   19.5MB / 27.5MB
[HNAME      CPU %     MEM USAGE / LIMIT   NET I/O [K
nginx     3.27%     8.98MiB / 128MiB    119MB / 203MB [K
backend   5.23%     156.9MiB / 512MiB   19.5MB / 27.5MB [K
 [K
[J[HNAME      CPU %     MEM USAGE / LIMIT   NET I/O
nginx     3.27%     8.98MiB / 128MiB    119MB / 203MB
backend   5.23%     156.9MiB / 512MiB   19.5MB / 27.5MB
[HNAME      CPU %     MEM USAGE / LIMIT   NET I/O [K
nginx     3.27%     8.98MiB / 128MiB    119MB / 203MB [K
backend   5.23%     156.9MiB / 512MiB   19.5MB / 27.5MB [K
 [K
[J[HNAME      CPU %     MEM USAGE / LIMIT   NET I/O
nginx     1.82%     9.242MiB / 128MiB   119MB / 203MB
backend   5.35%     156.6MiB / 512MiB   19.5MB / 27.5MB
[HNAME      CPU %     MEM USAGE / LIMIT   NET I/O [K
nginx     1.82%     9.242MiB / 128MiB   119MB / 203MB [K
backend   5.35%     156.6MiB / 512MiB   19.5MB / 27.5MB [K
 [K
[J[HNAME      CPU %     MEM USAGE / LIMIT   NET I/O
nginx     1.82%     9.242MiB / 128MiB   119MB / 203MB
backend   5.35%     156.6MiB / 512MiB   19.5MB / 27.5MB
[HNAME      CPU %     MEM USAGE / LIMIT   NET I/O [K
nginx     1.82%     9.242MiB / 128MiB   119MB / 203MB [K
backend   5.35%     156.6MiB / 512MiB   19.5MB / 27.5MB [K
 [K
[J[HNAME      CPU %     MEM USAGE / LIMIT   NET I/O
nginx     2.91%     8.98MiB / 128MiB    119MB / 203MB
backend   4.82%     156.7MiB / 512MiB   19.5MB / 27.5MB
[HNAME      CPU %     MEM USAGE / LIMIT   NET I/O [K
nginx     2.91%     8.98MiB / 128MiB    119MB / 203MB [K
backend   4.82%     156.7MiB / 512MiB   19.5MB / 27.5MB [K
 [K
[J[HNAME      CPU %     MEM USAGE / LIMIT   NET I/O
nginx     2.91%     8.98MiB / 128MiB    119MB / 203MB
backend   4.82%     156.7MiB / 512MiB   19.5MB / 27.5MB
[HNAME      CPU %     MEM USAGE / LIMIT   NET I/O [K
nginx     2.91%     8.98MiB / 128MiB    119MB / 203MB [K
backend   4.82%     156.7MiB / 512MiB   19.5MB / 27.5MB [K
 [K
[J[HNAME      CPU %     MEM USAGE / LIMIT   NET I/O
nginx     2.24%     9.199MiB / 128MiB   120MB / 203MB
backend   4.53%     156.7MiB / 512MiB   19.5MB / 27.6MB
[HNAME      CPU %     MEM USAGE / LIMIT   NET I/O [K
nginx     2.24%     9.199MiB / 128MiB   120MB / 203MB [K
backend   4.53%     156.7MiB / 512MiB   19.5MB / 27.6MB [K
 [K
[J[HNAME      CPU %     MEM USAGE / LIMIT   NET I/O
nginx     2.24%     9.199MiB / 128MiB   120MB / 203MB
backend   4.53%     156.7MiB / 512MiB   19.5MB / 27.6MB
[HNAME      CPU %     MEM USAGE / LIMIT   NET I/O [K
nginx     2.24%     9.199MiB / 128MiB   120MB / 203MB [K
backend   4.53%     156.7MiB / 512MiB   19.5MB / 27.6MB [K
 [K
[J[HNAME      CPU %     MEM USAGE / LIMIT   NET I/O
nginx     3.75%     8.965MiB / 128MiB   120MB / 203MB
backend   5.19%     156.6MiB / 512MiB   19.5MB / 27.6MB
[HNAME      CPU %     MEM USAGE / LIMIT   NET I/O [K
nginx     3.75%     8.965MiB / 128MiB   120MB / 203MB [K
backend   5.19%     156.6MiB / 512MiB   19.5MB / 27.6MB [K
 [K
[J[HNAME      CPU %     MEM USAGE / LIMIT   NET I/O
nginx     3.75%     8.965MiB / 128MiB   120MB / 203MB
backend   5.19%     156.6MiB / 512MiB   19.5MB / 27.6MB
[HNAME      CPU %     MEM USAGE / LIMIT   NET I/O [K
nginx     3.75%     8.965MiB / 128MiB   120MB / 203MB [K
backend   5.19%     156.6MiB / 512MiB   19.5MB / 27.6MB [K
 [K
[J[HNAME      CPU %     MEM USAGE / LIMIT   NET I/O
nginx     1.65%     8.938MiB / 128MiB   120MB / 203MB
backend   7.74%     159.6MiB / 512MiB   19.6MB / 27.6MB
[HNAME      CPU %     MEM USAGE / LIMIT   NET I/O [K
nginx     1.65%     8.938MiB / 128MiB   120MB / 203MB [K
backend   7.74%     159.6MiB / 512MiB   19.6MB / 27.6MB [K
 [K
[J[HNAME      CPU %     MEM USAGE / LIMIT   NET I/O
nginx     1.65%     8.938MiB / 128MiB   120MB / 203MB
backend   7.74%     159.6MiB / 512MiB   19.6MB / 27.6MB
[HNAME      CPU %     MEM USAGE / LIMIT   NET I/O [K
nginx     1.65%     8.938MiB / 128MiB   120MB / 203MB [K
backend   7.74%     159.6MiB / 512MiB   19.6MB / 27.6MB [K
 [K
[J[HNAME      CPU %     MEM USAGE / LIMIT   NET I/O
nginx     2.68%     9.039MiB / 128MiB   120MB / 203MB
backend   4.70%     159.6MiB / 512MiB   19.6MB / 27.7MB
[HNAME      CPU %     MEM USAGE / LIMIT   NET I/O [K
nginx     2.68%     9.039MiB / 128MiB   120MB / 203MB [K
backend   4.70%     159.6MiB / 512MiB   19.6MB / 27.7MB [K
 [K
[J[HNAME      CPU %     MEM USAGE / LIMIT   NET I/O
nginx     2.68%     9.039MiB / 128MiB   120MB / 203MB
backend   4.70%     159.6MiB / 512MiB   19.6MB / 27.7MB
[HNAME      CPU %     MEM USAGE / LIMIT   NET I/O [K
nginx     2.68%     9.039MiB / 128MiB   120MB / 203MB [K
backend   4.70%     159.6MiB / 512MiB   19.6MB / 27.7MB [K
 [K
[J[HNAME      CPU %     MEM USAGE / LIMIT   NET I/O
nginx     1.12%     9.168MiB / 128MiB   120MB / 203MB
backend   4.19%     159.6MiB / 512MiB   19.6MB / 27.7MB
[HNAME      CPU %     MEM USAGE / LIMIT   NET I/O [K
nginx     1.12%     9.168MiB / 128MiB   120MB / 203MB [K
backend   4.19%     159.6MiB / 512MiB   19.6MB / 27.7MB [K
 [K
[J[HNAME      CPU %     MEM USAGE / LIMIT   NET I/O
nginx     1.12%     9.168MiB / 128MiB   120MB / 203MB
backend   4.19%     159.6MiB / 512MiB   19.6MB / 27.7MB
[HNAME      CPU %     MEM USAGE / LIMIT   NET I/O [K
nginx     1.12%     9.168MiB / 128MiB   120MB / 203MB [K
backend   4.19%     159.6MiB / 512MiB   19.6MB / 27.7MB [K
 [K
[J[HNAME      CPU %     MEM USAGE / LIMIT   NET I/O
nginx     1.93%     8.98MiB / 128MiB    120MB / 203MB
backend   2.10%     159.9MiB / 512MiB   19.6MB / 27.7MB
[HNAME      CPU %     MEM USAGE / LIMIT   NET I/O [K
nginx     1.93%     8.98MiB / 128MiB    120MB / 203MB [K
backend   2.10%     159.9MiB / 512MiB   19.6MB / 27.7MB [K
 [K
[J[HNAME      CPU %     MEM USAGE / LIMIT   NET I/O
nginx     1.93%     8.98MiB / 128MiB    120MB / 203MB
backend   2.10%     159.9MiB / 512MiB   19.6MB / 27.7MB
[HNAME      CPU %     MEM USAGE / LIMIT   NET I/O [K
nginx     1.93%     8.98MiB / 128MiB    120MB / 203MB [K
backend   2.10%     159.9MiB / 512MiB   19.6MB / 27.7MB [K
 [K
[J[HNAME      CPU %     MEM USAGE / LIMIT   NET I/O
nginx     1.29%     9.062MiB / 128MiB   120MB / 203MB
backend   3.48%     159.6MiB / 512MiB   19.6MB / 27.7MB
[HNAME      CPU %     MEM USAGE / LIMIT   NET I/O [K
nginx     1.29%     9.062MiB / 128MiB   120MB / 203MB [K
backend   3.48%     159.6MiB / 512MiB   19.6MB / 27.7MB [K
 [K
[J[HNAME      CPU %     MEM USAGE / LIMIT   NET I/O
nginx     1.29%     9.062MiB / 128MiB   120MB / 203MB
backend   3.48%     159.6MiB / 512MiB   19.6MB / 27.7MB
[HNAME      CPU %     MEM USAGE / LIMIT   NET I/O [K
nginx     1.29%     9.062MiB / 128MiB   120MB / 203MB [K
backend   3.48%     159.6MiB / 512MiB   19.6MB / 27.7MB [K
 [K
[J[HNAME      CPU %     MEM USAGE / LIMIT   NET I/O
nginx     2.54%     8.949MiB / 128MiB   120MB / 203MB
backend   2.79%     160.1MiB / 512MiB   19.6MB / 27.8MB
[HNAME      CPU %     MEM USAGE / LIMIT   NET I/O [K
nginx     2.54%     8.949MiB / 128MiB   120MB / 203MB [K
backend   2.79%     160.1MiB / 512MiB   19.6MB / 27.8MB [K
 [K
[J[HNAME      CPU %     MEM USAGE / LIMIT   NET I/O
nginx     2.54%     8.949MiB / 128MiB   120MB / 203MB
backend   2.79%     160.1MiB / 512MiB   19.6MB / 27.8MB
[HNAME      CPU %     MEM USAGE / LIMIT   NET I/O [K
nginx     2.54%     8.949MiB / 128MiB   120MB / 203MB [K
backend   2.79%     160.1MiB / 512MiB   19.6MB / 27.8MB [K
 [K
[J[HNAME      CPU %     MEM USAGE / LIMIT   NET I/O
nginx     1.05%     8.93MiB / 128MiB    120MB / 204MB
backend   2.71%     157.1MiB / 512MiB   19.6MB / 27.8MB
[HNAME      CPU %     MEM USAGE / LIMIT   NET I/O [K
nginx     1.05%     8.93MiB / 128MiB    120MB / 204MB [K
backend   2.71%     157.1MiB / 512MiB   19.6MB / 27.8MB [K
 [K
[J[HNAME      CPU %     MEM USAGE / LIMIT   NET I/O
nginx     1.05%     8.93MiB / 128MiB    120MB / 204MB
backend   2.71%     157.1MiB / 512MiB   19.6MB / 27.8MB
[HNAME      CPU %     MEM USAGE / LIMIT   NET I/O [K
nginx     1.05%     8.93MiB / 128MiB    120MB / 204MB [K
backend   2.71%     157.1MiB / 512MiB   19.6MB / 27.8MB [K
 [K
[J[HNAME      CPU %     MEM USAGE / LIMIT   NET I/O
nginx     2.28%     8.973MiB / 128MiB   120MB / 204MB
backend   2.58%     157.3MiB / 512MiB   19.6MB / 27.8MB
[HNAME      CPU %     MEM USAGE / LIMIT   NET I/O [K
nginx     2.28%     8.973MiB / 128MiB   120MB / 204MB [K
backend   2.58%     157.3MiB / 512MiB   19.6MB / 27.8MB [K
 [K
[J[HNAME      CPU %     MEM USAGE / LIMIT   NET I/O
nginx     2.28%     8.973MiB / 128MiB   120MB / 204MB
backend   2.58%     157.3MiB / 512MiB   19.6MB / 27.8MB
[HNAME      CPU %     MEM USAGE / LIMIT   NET I/O [K
nginx     2.28%     8.973MiB / 128MiB   120MB / 204MB [K
backend   2.58%     157.3MiB / 512MiB   19.6MB / 27.8MB [K
 [K
[J[HNAME      CPU %     MEM USAGE / LIMIT   NET I/O
nginx     1.02%     8.918MiB / 128MiB   120MB / 204MB
backend   2.39%     157.1MiB / 512MiB   19.7MB / 27.8MB
[HNAME      CPU %     MEM USAGE / LIMIT   NET I/O [K
nginx     1.02%     8.918MiB / 128MiB   120MB / 204MB [K
backend   2.39%     157.1MiB / 512MiB   19.7MB / 27.8MB [K
 [K
[J[HNAME      CPU %     MEM USAGE / LIMIT   NET I/O
nginx     1.02%     8.918MiB / 128MiB   120MB / 204MB
backend   2.39%     157.1MiB / 512MiB   19.7MB / 27.8MB
[HNAME      CPU %     MEM USAGE / LIMIT   NET I/O [K
nginx     1.02%     8.918MiB / 128MiB   120MB / 204MB [K
backend   2.39%     157.1MiB / 512MiB   19.7MB / 27.8MB [K
 [K
[J[HNAME      CPU %     MEM USAGE / LIMIT   NET I/O
nginx     2.31%     8.938MiB / 128MiB   120MB / 204MB
backend   2.65%     157.6MiB / 512MiB   19.7MB / 27.9MB
[HNAME      CPU %     MEM USAGE / LIMIT   NET I/O [K
nginx     2.31%     8.938MiB / 128MiB   120MB / 204MB [K
backend   2.65%     157.6MiB / 512MiB   19.7MB / 27.9MB [K
 [K
[J[HNAME      CPU %     MEM USAGE / LIMIT   NET I/O
nginx     2.31%     8.938MiB / 128MiB   120MB / 204MB
backend   2.65%     157.6MiB / 512MiB   19.7MB / 27.9MB
[HNAME      CPU %     MEM USAGE / LIMIT   NET I/O [K
nginx     2.31%     8.938MiB / 128MiB   120MB / 204MB [K
backend   2.65%     157.6MiB / 512MiB   19.7MB / 27.9MB [K
 [K
[J[HNAME      CPU %     MEM USAGE / LIMIT   NET I/O
nginx     1.20%     8.93MiB / 128MiB    120MB / 204MB
backend   2.58%     157.1MiB / 512MiB   19.7MB / 27.9MB
[HNAME      CPU %     MEM USAGE / LIMIT   NET I/O [K
nginx     1.20%     8.93MiB / 128MiB    120MB / 204MB [K
backend   2.58%     157.1MiB / 512MiB   19.7MB / 27.9MB [K
 [K
[J[HNAME      CPU %     MEM USAGE / LIMIT   NET I/O
nginx     1.20%     8.93MiB / 128MiB    120MB / 204MB
backend   2.58%     157.1MiB / 512MiB   19.7MB / 27.9MB
[HNAME      CPU %     MEM USAGE / LIMIT   NET I/O [K
nginx     1.20%     8.93MiB / 128MiB    120MB / 204MB [K
backend   2.58%     157.1MiB / 512MiB   19.7MB / 27.9MB [K
 [K
[J[HNAME      CPU %     MEM USAGE / LIMIT   NET I/O
nginx     1.87%     9.184MiB / 128MiB   120MB / 204MB
backend   3.44%     157.3MiB / 512MiB   19.7MB / 27.9MB
[HNAME      CPU %     MEM USAGE / LIMIT   NET I/O [K
nginx     1.87%     9.184MiB / 128MiB   120MB / 204MB [K
backend   3.44%     157.3MiB / 512MiB   19.7MB / 27.9MB [K
 [K
[J[HNAME      CPU %     MEM USAGE / LIMIT   NET I/O
nginx     1.87%     9.184MiB / 128MiB   120MB / 204MB
backend   3.44%     157.3MiB / 512MiB   19.7MB / 27.9MB
[HNAME      CPU %     MEM USAGE / LIMIT   NET I/O [K
nginx     1.87%     9.184MiB / 128MiB   120MB / 204MB [K
backend   3.44%     157.3MiB / 512MiB   19.7MB / 27.9MB [K
 [K
[J[HNAME      CPU %     MEM USAGE / LIMIT   NET I/O
nginx     1.33%     9.195MiB / 128MiB   120MB / 204MB
backend   2.65%     157.1MiB / 512MiB   19.7MB / 28MB
[HNAME      CPU %     MEM USAGE / LIMIT   NET I/O [K
nginx     1.33%     9.195MiB / 128MiB   120MB / 204MB [K
backend   2.65%     157.1MiB / 512MiB   19.7MB / 28MB [K
 [K
[J[HNAME      CPU %     MEM USAGE / LIMIT   NET I/O
nginx     1.33%     9.195MiB / 128MiB   120MB / 204MB
backend   2.65%     157.1MiB / 512MiB   19.7MB / 28MB
[HNAME      CPU %     MEM USAGE / LIMIT   NET I/O [K
nginx     1.33%     9.195MiB / 128MiB   120MB / 204MB [K
backend   2.65%     157.1MiB / 512MiB   19.7MB / 28MB [K
 [K
[J